    OpenRGB v0.9
    Commit:  from 
    Launched: 20241220_171219
====================================================================================================

7     |Info:    Found file: Default.orp attempting to validate header
7     |Info:    Valid v4 profile found for Default
1022  |Info:    ------------------------------------------------------
1022  |Info:    |               Start device detection               |
1022  |Info:    ------------------------------------------------------
1022  |Info:    Initializing HID interfaces: Success
1032  |Info:    ------------------------------------------------------
1032  |Info:    |             Detecting I2C interfaces               |
1032  |Info:    ------------------------------------------------------
1033  |Info:    Registering I2C interface: /dev/i2c-3 Device 10DE:2504 Subsystem: 10DE:2504
1033  |Info:    Registering I2C interface: /dev/i2c-1 Device 10DE:2504 Subsystem: 10DE:2504
1033  |Info:    Registering I2C interface: /dev/i2c-6 Device 1022:790B Subsystem: 1043:87C0
1033  |Info:    Registering I2C interface: /dev/i2c-4 Device 10DE:2504 Subsystem: 10DE:2504
1033  |Info:    Registering I2C interface: /dev/i2c-2 Device 10DE:2504 Subsystem: 10DE:2504
1033  |Info:    Registering I2C interface: /dev/i2c-0 Device 10DE:2504 Subsystem: 10DE:2504
1033  |Info:    Registering I2C interface: /dev/i2c-7 Device 1022:790B Subsystem: 1043:87C0
1033  |Info:    Registering I2C interface: /dev/i2c-5 Device 1022:790B Subsystem: 1043:87C0
1033  |Info:    ------------------------------------------------------
1033  |Info:    |               Detecting I2C devices                |
1033  |Info:    ------------------------------------------------------
1436  |Info:    [Corsair Vengeance Pro RGB] Registering RGB controller
1448  |Info:    [Corsair Vengeance Pro RGB] Registering RGB controller
2069  |Info:    ------------------------------------------------------
2069  |Info:    |               Detecting I2C PCI devices            |
2069  |Info:    ------------------------------------------------------
2070  |Info:    ------------------------------------------------------
2070  |Info:    |               Detecting HID devices                |
2070  |Info:    ------------------------------------------------------
2425  |Info:    Unable add this Logitech device: Not Connected
2779  |Info:    Unable add this Logitech device: Not Connected
3133  |Info:    Unable add this Logitech device: Not Connected
3487  |Info:    Unable add this Logitech device: Not Connected
3841  |Info:    Unable add this Logitech device: Not Connected
4195  |Info:    Unable add this Logitech device: Not Connected
4549  |Info:    Unable add this Logitech device: Not Connected
4903  |Info:    Unable add this Logitech device: Not Connected
5257  |Info:    Unable add this Logitech device: Not Connected
5611  |Info:    Unable add this Logitech device: Not Connected
5612  |Info:    [Anne Pro 2] Registering RGB controller
5612  |Info:    ------------------------------------------------------
5612  |Info:    |            Detecting libusb HID devices            |
5612  |Info:    ------------------------------------------------------
5730  |Info:    ------------------------------------------------------
5730  |Info:    |              Detecting other devices               |
5730  |Info:    ------------------------------------------------------
5739  |Info:    ------------------------------------------------------
5739  |Info:    |                Detection completed                 |
5739  |Info:    ------------------------------------------------------
5739  |Info:    Profile loading: Succeeded for Corsair Vengeance Pro RGB @ I2C: /dev/i2c-5, address 0x58
5739  |Info:    Profile loading: Succeeded for Corsair Vengeance Pro RGB @ I2C: /dev/i2c-5, address 0x59
5739  |Info:    Profile loading: Succeeded for Anne Pro 2 @ HID: /dev/hidraw8
284500|Info:    Closing server connection: 127.0.0.1
1273198|Info:    Closing server connection: 127.0.0.1
1325734|Info:    Closing server connection: 127.0.0.1
1388408|Info:    Closing server connection: 127.0.0.1
