    OpenRGB v0.9
    Commit:  from 
    Launched: 20250125_123209
====================================================================================================

5     |Info:    Found file: Default.orp attempting to validate header
5     |Info:    Valid v4 profile found for Default
1019  |Info:    ------------------------------------------------------
1019  |Info:    |               Start device detection               |
1019  |Info:    ------------------------------------------------------
1020  |Info:    Initializing HID interfaces: Success
1030  |Info:    ------------------------------------------------------
1030  |Info:    |             Detecting I2C interfaces               |
1030  |Info:    ------------------------------------------------------
1030  |Info:    Registering I2C interface: /dev/i2c-3 Device 10DE:2504 Subsystem: 10DE:2504
1030  |Info:    Registering I2C interface: /dev/i2c-1 Device 10DE:2504 Subsystem: 10DE:2504
1030  |Info:    Registering I2C interface: /dev/i2c-6 Device 1022:790B Subsystem: 1043:87C0
1030  |Info:    Registering I2C interface: /dev/i2c-4 Device 10DE:2504 Subsystem: 10DE:2504
1031  |Info:    Registering I2C interface: /dev/i2c-2 Device 10DE:2504 Subsystem: 10DE:2504
1031  |Info:    Registering I2C interface: /dev/i2c-0 Device 10DE:2504 Subsystem: 10DE:2504
1031  |Info:    Registering I2C interface: /dev/i2c-7 Device 1022:790B Subsystem: 1043:87C0
1031  |Info:    Registering I2C interface: /dev/i2c-5 Device 1022:790B Subsystem: 1043:87C0
1031  |Info:    ------------------------------------------------------
1031  |Info:    |               Detecting I2C devices                |
1031  |Info:    ------------------------------------------------------
1434  |Info:    [Corsair Vengeance Pro RGB] Registering RGB controller
1446  |Info:    [Corsair Vengeance Pro RGB] Registering RGB controller
2066  |Info:    ------------------------------------------------------
2066  |Info:    |               Detecting I2C PCI devices            |
2066  |Info:    ------------------------------------------------------
2067  |Info:    ------------------------------------------------------
2067  |Info:    |               Detecting HID devices                |
2067  |Info:    ------------------------------------------------------
2421  |Info:    Unable add this Logitech device: Not Connected
2775  |Info:    Unable add this Logitech device: Not Connected
3129  |Info:    Unable add this Logitech device: Not Connected
3483  |Info:    Unable add this Logitech device: Not Connected
3837  |Info:    Unable add this Logitech device: Not Connected
4191  |Info:    Unable add this Logitech device: Not Connected
4546  |Info:    Unable add this Logitech device: Not Connected
4900  |Info:    Unable add this Logitech device: Not Connected
5254  |Info:    Unable add this Logitech device: Not Connected
5608  |Info:    Unable add this Logitech device: Not Connected
5676  |Info:    [SteelSeries Apex Pro TKL] Registering RGB controller
5676  |Info:    ------------------------------------------------------
5676  |Info:    |            Detecting libusb HID devices            |
5676  |Info:    ------------------------------------------------------
5811  |Info:    ------------------------------------------------------
5811  |Info:    |              Detecting other devices               |
5811  |Info:    ------------------------------------------------------
5820  |Info:    ------------------------------------------------------
5820  |Info:    |                Detection completed                 |
5820  |Info:    ------------------------------------------------------
5820  |Info:    Profile loading: Succeeded for Corsair Vengeance Pro RGB @ I2C: /dev/i2c-5, address 0x58
5820  |Info:    Profile loading: Succeeded for Corsair Vengeance Pro RGB @ I2C: /dev/i2c-5, address 0x59
5820  |Info:    Profile loading: FAILED! for SteelSeries Apex Pro TKL @ HID: /dev/hidraw5
