    OpenRGB v0.9
    Commit:  from 
    Launched: 20250115_152109
====================================================================================================

0     |Info:    Found file: Default.orp attempting to validate header
0     |Info:    Valid v4 profile found for Default
1002  |Info:    ------------------------------------------------------
1002  |Info:    |               Start device detection               |
1002  |Info:    ------------------------------------------------------
1002  |Info:    Initializing HID interfaces: Success
1010  |Info:    ------------------------------------------------------
1010  |Info:    |             Detecting I2C interfaces               |
1010  |Info:    ------------------------------------------------------
1010  |Info:    Registering I2C interface: /dev/i2c-3 Device 10DE:2504 Subsystem: 10DE:2504
1011  |Info:    Registering I2C interface: /dev/i2c-1 Device 10DE:2504 Subsystem: 10DE:2504
1011  |Info:    Registering I2C interface: /dev/i2c-6 Device 1022:790B Subsystem: 1043:87C0
1011  |Info:    Registering I2C interface: /dev/i2c-4 Device 10DE:2504 Subsystem: 10DE:2504
1011  |Info:    Registering I2C interface: /dev/i2c-2 Device 10DE:2504 Subsystem: 10DE:2504
1011  |Info:    Registering I2C interface: /dev/i2c-0 Device 10DE:2504 Subsystem: 10DE:2504
1011  |Info:    Registering I2C interface: /dev/i2c-7 Device 1022:790B Subsystem: 1043:87C0
1011  |Info:    Registering I2C interface: /dev/i2c-5 Device 1022:790B Subsystem: 1043:87C0
1011  |Info:    ------------------------------------------------------
1011  |Info:    |               Detecting I2C devices                |
1011  |Info:    ------------------------------------------------------
1412  |Info:    [Corsair Vengeance Pro RGB] Registering RGB controller
1424  |Info:    [Corsair Vengeance Pro RGB] Registering RGB controller
2043  |Info:    ------------------------------------------------------
2043  |Info:    |               Detecting I2C PCI devices            |
2043  |Info:    ------------------------------------------------------
2044  |Info:    ------------------------------------------------------
2044  |Info:    |               Detecting HID devices                |
2044  |Info:    ------------------------------------------------------
2588  |Info:    [G Pro Wireless Gaming Mouse] Registering RGB controller
2589  |Info:    [Anne Pro 2] Registering RGB controller
2589  |Info:    ------------------------------------------------------
2589  |Info:    |            Detecting libusb HID devices            |
2589  |Info:    ------------------------------------------------------
2707  |Info:    ------------------------------------------------------
2707  |Info:    |              Detecting other devices               |
2707  |Info:    ------------------------------------------------------
2715  |Info:    ------------------------------------------------------
2715  |Info:    |                Detection completed                 |
2715  |Info:    ------------------------------------------------------
2716  |Info:    Profile loading: Succeeded for Corsair Vengeance Pro RGB @ I2C: /dev/i2c-5, address 0x58
2716  |Info:    Profile loading: Succeeded for Corsair Vengeance Pro RGB @ I2C: /dev/i2c-5, address 0x59
2716  |Info:    Profile loading: Succeeded for G Pro Wireless Gaming Mouse @ HID: /dev/hidraw11 (Receiver) 
Wireless Index: 255
2716  |Info:    Profile loading: Succeeded for Anne Pro 2 @ HID: /dev/hidraw8
