    OpenRGB v0.9
    Commit:  from 
    Launched: 20241219_105940
====================================================================================================

4     |Info:    Found file: Default.orp attempting to validate header
5     |Info:    Valid v4 profile found for Default
1023  |Info:    ------------------------------------------------------
1024  |Info:    |               Start device detection               |
1024  |Info:    ------------------------------------------------------
1024  |Info:    Initializing HID interfaces: Success
1033  |Info:    ------------------------------------------------------
1033  |Info:    |             Detecting I2C interfaces               |
1033  |Info:    ------------------------------------------------------
1033  |Info:    Registering I2C interface: /dev/i2c-3 Device 10DE:2504 Subsystem: 10DE:2504
1033  |Info:    Registering I2C interface: /dev/i2c-1 Device 10DE:2504 Subsystem: 10DE:2504
1033  |Info:    Registering I2C interface: /dev/i2c-6 Device 1022:790B Subsystem: 1043:87C0
1033  |Info:    Registering I2C interface: /dev/i2c-4 Device 10DE:2504 Subsystem: 10DE:2504
1033  |Info:    Registering I2C interface: /dev/i2c-2 Device 10DE:2504 Subsystem: 10DE:2504
1033  |Info:    Registering I2C interface: /dev/i2c-0 Device 10DE:2504 Subsystem: 10DE:2504
1033  |Info:    Registering I2C interface: /dev/i2c-7 Device 1022:790B Subsystem: 1043:87C0
1034  |Info:    Registering I2C interface: /dev/i2c-5 Device 1022:790B Subsystem: 1043:87C0
1034  |Info:    ------------------------------------------------------
1034  |Info:    |               Detecting I2C devices                |
1034  |Info:    ------------------------------------------------------
1437  |Info:    [Corsair Vengeance Pro RGB] Registering RGB controller
1448  |Info:    [Corsair Vengeance Pro RGB] Registering RGB controller
2067  |Info:    ------------------------------------------------------
2067  |Info:    |               Detecting I2C PCI devices            |
2067  |Info:    ------------------------------------------------------
2068  |Info:    ------------------------------------------------------
2068  |Info:    |               Detecting HID devices                |
2068  |Info:    ------------------------------------------------------
2422  |Info:    Unable add this Logitech device: Not Connected
2776  |Info:    Unable add this Logitech device: Not Connected
3130  |Info:    Unable add this Logitech device: Not Connected
3484  |Info:    Unable add this Logitech device: Not Connected
3838  |Info:    Unable add this Logitech device: Not Connected
4192  |Info:    Unable add this Logitech device: Not Connected
4546  |Info:    Unable add this Logitech device: Not Connected
4900  |Info:    Unable add this Logitech device: Not Connected
5254  |Info:    Unable add this Logitech device: Not Connected
5608  |Info:    Unable add this Logitech device: Not Connected
5609  |Info:    [Anne Pro 2] Registering RGB controller
5609  |Info:    ------------------------------------------------------
5609  |Info:    |            Detecting libusb HID devices            |
5609  |Info:    ------------------------------------------------------
5728  |Info:    ------------------------------------------------------
5728  |Info:    |              Detecting other devices               |
5728  |Info:    ------------------------------------------------------
5736  |Info:    ------------------------------------------------------
5736  |Info:    |                Detection completed                 |
5736  |Info:    ------------------------------------------------------
5737  |Info:    Profile loading: Succeeded for Corsair Vengeance Pro RGB @ I2C: /dev/i2c-5, address 0x58
5737  |Info:    Profile loading: Succeeded for Corsair Vengeance Pro RGB @ I2C: /dev/i2c-5, address 0x59
5737  |Info:    Profile loading: Succeeded for Anne Pro 2 @ HID: /dev/hidraw8
1936022|Info:    Closing server connection: 127.0.0.1
