    OpenRGB v0.9
    Commit:  from 
    Launched: 20241224_113938
====================================================================================================

6     |Info:    Found file: Default.orp attempting to validate header
7     |Info:    Valid v4 profile found for Default
1038  |Info:    ------------------------------------------------------
1038  |Info:    |               Start device detection               |
1038  |Info:    ------------------------------------------------------
1038  |Info:    Initializing HID interfaces: Success
1047  |Info:    ------------------------------------------------------
1047  |Info:    |             Detecting I2C interfaces               |
1047  |Info:    ------------------------------------------------------
1048  |Info:    Registering I2C interface: /dev/i2c-3 Device 10DE:2504 Subsystem: 10DE:2504
1048  |Info:    Registering I2C interface: /dev/i2c-1 Device 10DE:2504 Subsystem: 10DE:2504
1048  |Info:    Registering I2C interface: /dev/i2c-6 Device 1022:790B Subsystem: 1043:87C0
1048  |Info:    Registering I2C interface: /dev/i2c-4 Device 10DE:2504 Subsystem: 10DE:2504
1048  |Info:    Registering I2C interface: /dev/i2c-2 Device 10DE:2504 Subsystem: 10DE:2504
1048  |Info:    Registering I2C interface: /dev/i2c-0 Device 10DE:2504 Subsystem: 10DE:2504
1048  |Info:    Registering I2C interface: /dev/i2c-7 Device 1022:790B Subsystem: 1043:87C0
1048  |Info:    Registering I2C interface: /dev/i2c-5 Device 1022:790B Subsystem: 1043:87C0
1048  |Info:    ------------------------------------------------------
1048  |Info:    |               Detecting I2C devices                |
1048  |Info:    ------------------------------------------------------
1449  |Info:    [Corsair Vengeance Pro RGB] Registering RGB controller
1461  |Info:    [Corsair Vengeance Pro RGB] Registering RGB controller
2079  |Info:    ------------------------------------------------------
2079  |Info:    |               Detecting I2C PCI devices            |
2079  |Info:    ------------------------------------------------------
2080  |Info:    ------------------------------------------------------
2080  |Info:    |               Detecting HID devices                |
2080  |Info:    ------------------------------------------------------
2435  |Info:    Unable add this Logitech device: Not Connected
2789  |Info:    Unable add this Logitech device: Not Connected
3143  |Info:    Unable add this Logitech device: Not Connected
3497  |Info:    Unable add this Logitech device: Not Connected
3851  |Info:    Unable add this Logitech device: Not Connected
4205  |Info:    Unable add this Logitech device: Not Connected
4559  |Info:    Unable add this Logitech device: Not Connected
4913  |Info:    Unable add this Logitech device: Not Connected
5267  |Info:    Unable add this Logitech device: Not Connected
5621  |Info:    Unable add this Logitech device: Not Connected
5622  |Info:    [Anne Pro 2] Registering RGB controller
5622  |Info:    ------------------------------------------------------
5622  |Info:    |            Detecting libusb HID devices            |
5622  |Info:    ------------------------------------------------------
5740  |Info:    ------------------------------------------------------
5740  |Info:    |              Detecting other devices               |
5740  |Info:    ------------------------------------------------------
5749  |Info:    ------------------------------------------------------
5749  |Info:    |                Detection completed                 |
5749  |Info:    ------------------------------------------------------
5749  |Info:    Profile loading: Succeeded for Corsair Vengeance Pro RGB @ I2C: /dev/i2c-5, address 0x58
5749  |Info:    Profile loading: Succeeded for Corsair Vengeance Pro RGB @ I2C: /dev/i2c-5, address 0x59
5749  |Info:    Profile loading: Succeeded for Anne Pro 2 @ HID: /dev/hidraw8
976155|Info:    Closing server connection: 127.0.0.1
991938|Info:    Closing server connection: 127.0.0.1
