    OpenRGB v0.9
    Commit:  from 
    Launched: 20241227_121304
====================================================================================================

5     |Info:    Found file: Default.orp attempting to validate header
6     |Info:    Valid v4 profile found for Default
1037  |Info:    ------------------------------------------------------
1037  |Info:    |               Start device detection               |
1037  |Info:    ------------------------------------------------------
1037  |Info:    Initializing HID interfaces: Success
1045  |Info:    ------------------------------------------------------
1045  |Info:    |             Detecting I2C interfaces               |
1045  |Info:    ------------------------------------------------------
1045  |Info:    Registering I2C interface: /dev/i2c-3 Device 10DE:2504 Subsystem: 10DE:2504
1045  |Info:    Registering I2C interface: /dev/i2c-1 Device 10DE:2504 Subsystem: 10DE:2504
1045  |Info:    Registering I2C interface: /dev/i2c-6 Device 1022:790B Subsystem: 1043:87C0
1045  |Info:    Registering I2C interface: /dev/i2c-4 Device 10DE:2504 Subsystem: 10DE:2504
1045  |Info:    Registering I2C interface: /dev/i2c-2 Device 10DE:2504 Subsystem: 10DE:2504
1045  |Info:    Registering I2C interface: /dev/i2c-0 Device 10DE:2504 Subsystem: 10DE:2504
1046  |Info:    Registering I2C interface: /dev/i2c-7 Device 1022:790B Subsystem: 1043:87C0
1046  |Info:    Registering I2C interface: /dev/i2c-5 Device 1022:790B Subsystem: 1043:87C0
1046  |Info:    ------------------------------------------------------
1046  |Info:    |               Detecting I2C devices                |
1046  |Info:    ------------------------------------------------------
1448  |Info:    [Corsair Vengeance Pro RGB] Registering RGB controller
1460  |Info:    [Corsair Vengeance Pro RGB] Registering RGB controller
2080  |Info:    ------------------------------------------------------
2080  |Info:    |               Detecting I2C PCI devices            |
2080  |Info:    ------------------------------------------------------
2081  |Info:    ------------------------------------------------------
2081  |Info:    |               Detecting HID devices                |
2081  |Info:    ------------------------------------------------------
3741  |Info:    [G Pro Wireless Gaming Mouse] Registering RGB controller
3742  |Info:    [ROYUAN EPOMAKER TH80 Pro] Registering RGB controller
3742  |Info:    ------------------------------------------------------
3742  |Info:    |            Detecting libusb HID devices            |
3742  |Info:    ------------------------------------------------------
3784  |Info:    ------------------------------------------------------
3784  |Info:    |              Detecting other devices               |
3784  |Info:    ------------------------------------------------------
3793  |Info:    ------------------------------------------------------
3793  |Info:    |                Detection completed                 |
3793  |Info:    ------------------------------------------------------
3794  |Info:    Profile loading: Succeeded for Corsair Vengeance Pro RGB @ I2C: /dev/i2c-5, address 0x58
3794  |Info:    Profile loading: Succeeded for Corsair Vengeance Pro RGB @ I2C: /dev/i2c-5, address 0x59
3794  |Info:    Profile loading: Succeeded for G Pro Wireless Gaming Mouse @ HID: /dev/hidraw10 (Receiver) 
Wireless Index: 255
3794  |Info:    Profile loading: FAILED! for ROYUAN EPOMAKER TH80 Pro @ HID: /dev/hidraw5
