    OpenRGB v0.9
    Commit:  from 
    Launched: 20250103_234637
====================================================================================================

1     |Info:    Found file: Default.orp attempting to validate header
1     |Info:    Valid v4 profile found for Default
1019  |Info:    ------------------------------------------------------
1019  |Info:    |               Start device detection               |
1019  |Info:    ------------------------------------------------------
1019  |Info:    Initializing HID interfaces: Success
1029  |Info:    ------------------------------------------------------
1029  |Info:    |             Detecting I2C interfaces               |
1029  |Info:    ------------------------------------------------------
1029  |Info:    Registering I2C interface: /dev/i2c-3 Device 10DE:2504 Subsystem: 10DE:2504
1029  |Info:    Registering I2C interface: /dev/i2c-1 Device 10DE:2504 Subsystem: 10DE:2504
1029  |Info:    Registering I2C interface: /dev/i2c-6 Device 1022:790B Subsystem: 1043:87C0
1030  |Info:    Registering I2C interface: /dev/i2c-4 Device 10DE:2504 Subsystem: 10DE:2504
1030  |Info:    Registering I2C interface: /dev/i2c-2 Device 10DE:2504 Subsystem: 10DE:2504
1030  |Info:    Registering I2C interface: /dev/i2c-0 Device 10DE:2504 Subsystem: 10DE:2504
1030  |Info:    Registering I2C interface: /dev/i2c-7 Device 1022:790B Subsystem: 1043:87C0
1030  |Info:    Registering I2C interface: /dev/i2c-5 Device 1022:790B Subsystem: 1043:87C0
1030  |Info:    ------------------------------------------------------
1030  |Info:    |               Detecting I2C devices                |
1030  |Info:    ------------------------------------------------------
1435  |Info:    [Corsair Vengeance Pro RGB] Registering RGB controller
1447  |Info:    [Corsair Vengeance Pro RGB] Registering RGB controller
2067  |Info:    ------------------------------------------------------
2067  |Info:    |               Detecting I2C PCI devices            |
2067  |Info:    ------------------------------------------------------
2068  |Info:    ------------------------------------------------------
2068  |Info:    |               Detecting HID devices                |
2068  |Info:    ------------------------------------------------------
2423  |Info:    Unable add this Logitech device: Not Connected
2777  |Info:    Unable add this Logitech device: Not Connected
3131  |Info:    Unable add this Logitech device: Not Connected
3485  |Info:    Unable add this Logitech device: Not Connected
3839  |Info:    Unable add this Logitech device: Not Connected
4193  |Info:    Unable add this Logitech device: Not Connected
4547  |Info:    Unable add this Logitech device: Not Connected
4901  |Info:    Unable add this Logitech device: Not Connected
5255  |Info:    Unable add this Logitech device: Not Connected
10602 |Info:    [Anne Pro 2] Registering RGB controller
10602 |Info:    ------------------------------------------------------
10602 |Info:    |            Detecting libusb HID devices            |
10602 |Info:    ------------------------------------------------------
10724 |Info:    ------------------------------------------------------
10724 |Info:    |              Detecting other devices               |
10724 |Info:    ------------------------------------------------------
10733 |Info:    ------------------------------------------------------
10733 |Info:    |                Detection completed                 |
10733 |Info:    ------------------------------------------------------
10733 |Info:    Profile loading: Succeeded for Corsair Vengeance Pro RGB @ I2C: /dev/i2c-5, address 0x58
10733 |Info:    Profile loading: Succeeded for Corsair Vengeance Pro RGB @ I2C: /dev/i2c-5, address 0x59
10733 |Info:    Profile loading: Succeeded for Anne Pro 2 @ HID: /dev/hidraw8
