    OpenRGB v0.9
    Commit:  from 
    Launched: 20250124_115526
====================================================================================================

2     |Info:    Found file: Default.orp attempting to validate header
3     |Info:    Valid v4 profile found for Default
1016  |Info:    ------------------------------------------------------
1016  |Info:    |               Start device detection               |
1016  |Info:    ------------------------------------------------------
1016  |Info:    Initializing HID interfaces: Success
1028  |Info:    ------------------------------------------------------
1028  |Info:    |             Detecting I2C interfaces               |
1028  |Info:    ------------------------------------------------------
1028  |Info:    Registering I2C interface: /dev/i2c-3 Device 10DE:2504 Subsystem: 10DE:2504
1029  |Info:    Registering I2C interface: /dev/i2c-1 Device 10DE:2504 Subsystem: 10DE:2504
1029  |Info:    Registering I2C interface: /dev/i2c-6 Device 1022:790B Subsystem: 1043:87C0
1029  |Info:    Registering I2C interface: /dev/i2c-4 Device 10DE:2504 Subsystem: 10DE:2504
1029  |Info:    Registering I2C interface: /dev/i2c-2 Device 10DE:2504 Subsystem: 10DE:2504
1029  |Info:    Registering I2C interface: /dev/i2c-0 Device 10DE:2504 Subsystem: 10DE:2504
1029  |Info:    Registering I2C interface: /dev/i2c-7 Device 1022:790B Subsystem: 1043:87C0
1029  |Info:    Registering I2C interface: /dev/i2c-5 Device 1022:790B Subsystem: 1043:87C0
1029  |Info:    ------------------------------------------------------
1029  |Info:    |               Detecting I2C devices                |
1029  |Info:    ------------------------------------------------------
1432  |Info:    [Corsair Vengeance Pro RGB] Registering RGB controller
1444  |Info:    [Corsair Vengeance Pro RGB] Registering RGB controller
2065  |Info:    ------------------------------------------------------
2065  |Info:    |               Detecting I2C PCI devices            |
2065  |Info:    ------------------------------------------------------
2065  |Info:    ------------------------------------------------------
2065  |Info:    |               Detecting HID devices                |
2065  |Info:    ------------------------------------------------------
2420  |Info:    Unable add this Logitech device: Not Connected
2774  |Info:    Unable add this Logitech device: Not Connected
3128  |Info:    Unable add this Logitech device: Not Connected
3482  |Info:    Unable add this Logitech device: Not Connected
3836  |Info:    Unable add this Logitech device: Not Connected
4190  |Info:    Unable add this Logitech device: Not Connected
4544  |Info:    Unable add this Logitech device: Not Connected
4898  |Info:    Unable add this Logitech device: Not Connected
5252  |Info:    Unable add this Logitech device: Not Connected
5606  |Info:    Unable add this Logitech device: Not Connected
6064  |Info:    [G Pro Wireless Gaming Mouse] Registering RGB controller
6132  |Info:    [SteelSeries Apex Pro TKL] Registering RGB controller
6132  |Info:    ------------------------------------------------------
6132  |Info:    |            Detecting libusb HID devices            |
6132  |Info:    ------------------------------------------------------
6321  |Info:    ------------------------------------------------------
6321  |Info:    |              Detecting other devices               |
6321  |Info:    ------------------------------------------------------
6332  |Info:    ------------------------------------------------------
6332  |Info:    |                Detection completed                 |
6332  |Info:    ------------------------------------------------------
6332  |Info:    Profile loading: Succeeded for Corsair Vengeance Pro RGB @ I2C: /dev/i2c-5, address 0x58
6332  |Info:    Profile loading: Succeeded for Corsair Vengeance Pro RGB @ I2C: /dev/i2c-5, address 0x59
6332  |Info:    Profile loading: Succeeded for G Pro Wireless Gaming Mouse @ HID: /dev/hidraw6 (Receiver) 
Wireless Index: 255
6332  |Info:    Profile loading: FAILED! for SteelSeries Apex Pro TKL @ HID: /dev/hidraw11
