    OpenRGB v0.9
    Commit:  from 
    Launched: 20250129_194517
====================================================================================================

0     |Info:    Found file: Default.orp attempting to validate header
0     |Info:    Valid v4 profile found for Default
1002  |Info:    ------------------------------------------------------
1002  |Info:    |               Start device detection               |
1002  |Info:    ------------------------------------------------------
1002  |Info:    Initializing HID interfaces: Success
1012  |Info:    ------------------------------------------------------
1012  |Info:    |             Detecting I2C interfaces               |
1012  |Info:    ------------------------------------------------------
1012  |Info:    Registering I2C interface: /dev/i2c-3 Device 10DE:2504 Subsystem: 10DE:2504
1012  |Info:    Registering I2C interface: /dev/i2c-1 Device 10DE:2504 Subsystem: 10DE:2504
1012  |Info:    Registering I2C interface: /dev/i2c-6 Device 1022:790B Subsystem: 1043:87C0
1012  |Info:    Registering I2C interface: /dev/i2c-4 Device 10DE:2504 Subsystem: 10DE:2504
1012  |Info:    Registering I2C interface: /dev/i2c-2 Device 10DE:2504 Subsystem: 10DE:2504
1012  |Info:    Registering I2C interface: /dev/i2c-0 Device 10DE:2504 Subsystem: 10DE:2504
1013  |Info:    Registering I2C interface: /dev/i2c-7 Device 1022:790B Subsystem: 1043:87C0
1013  |Info:    Registering I2C interface: /dev/i2c-5 Device 1022:790B Subsystem: 1043:87C0
1013  |Info:    ------------------------------------------------------
1013  |Info:    |               Detecting I2C devices                |
1013  |Info:    ------------------------------------------------------
1417  |Info:    [Corsair Vengeance Pro RGB] Registering RGB controller
1429  |Info:    [Corsair Vengeance Pro RGB] Registering RGB controller
2049  |Info:    ------------------------------------------------------
2049  |Info:    |               Detecting I2C PCI devices            |
2049  |Info:    ------------------------------------------------------
2049  |Info:    ------------------------------------------------------
2049  |Info:    |               Detecting HID devices                |
2049  |Info:    ------------------------------------------------------
3697  |Info:    [G Pro Wireless Gaming Mouse] Registering RGB controller
3764  |Info:    [SteelSeries Apex Pro TKL] Registering RGB controller
3764  |Info:    ------------------------------------------------------
3764  |Info:    |            Detecting libusb HID devices            |
3764  |Info:    ------------------------------------------------------
3898  |Info:    ------------------------------------------------------
3898  |Info:    |              Detecting other devices               |
3898  |Info:    ------------------------------------------------------
3906  |Info:    ------------------------------------------------------
3906  |Info:    |                Detection completed                 |
3906  |Info:    ------------------------------------------------------
3906  |Info:    Profile loading: Succeeded for Corsair Vengeance Pro RGB @ I2C: /dev/i2c-5, address 0x58
3906  |Info:    Profile loading: Succeeded for Corsair Vengeance Pro RGB @ I2C: /dev/i2c-5, address 0x59
3906  |Info:    Profile loading: Succeeded for G Pro Wireless Gaming Mouse @ HID: /dev/hidraw12 (Receiver) 
Wireless Index: 255
3906  |Info:    Profile loading: FAILED! for SteelSeries Apex Pro TKL @ HID: /dev/hidraw5
