    OpenRGB v0.9
    Commit:  from 
    Launched: 20241219_115333
====================================================================================================

6     |Info:    Found file: Default.orp attempting to validate header
7     |Info:    Valid v4 profile found for Default
1024  |Info:    ------------------------------------------------------
1024  |Info:    |               Start device detection               |
1024  |Info:    ------------------------------------------------------
1024  |Info:    Initializing HID interfaces: Success
1033  |Info:    ------------------------------------------------------
1033  |Info:    |             Detecting I2C interfaces               |
1033  |Info:    ------------------------------------------------------
1034  |Info:    Registering I2C interface: /dev/i2c-3 Device 10DE:2504 Subsystem: 10DE:2504
1034  |Info:    Registering I2C interface: /dev/i2c-1 Device 10DE:2504 Subsystem: 10DE:2504
1034  |Info:    Registering I2C interface: /dev/i2c-6 Device 1022:790B Subsystem: 1043:87C0
1034  |Info:    Registering I2C interface: /dev/i2c-4 Device 10DE:2504 Subsystem: 10DE:2504
1034  |Info:    Registering I2C interface: /dev/i2c-2 Device 10DE:2504 Subsystem: 10DE:2504
1034  |Info:    Registering I2C interface: /dev/i2c-0 Device 10DE:2504 Subsystem: 10DE:2504
1034  |Info:    Registering I2C interface: /dev/i2c-7 Device 1022:790B Subsystem: 1043:87C0
1034  |Info:    Registering I2C interface: /dev/i2c-5 Device 1022:790B Subsystem: 1043:87C0
1034  |Info:    ------------------------------------------------------
1034  |Info:    |               Detecting I2C devices                |
1034  |Info:    ------------------------------------------------------
1437  |Info:    [Corsair Vengeance Pro RGB] Registering RGB controller
1448  |Info:    [Corsair Vengeance Pro RGB] Registering RGB controller
2068  |Info:    ------------------------------------------------------
2068  |Info:    |               Detecting I2C PCI devices            |
2068  |Info:    ------------------------------------------------------
2069  |Info:    ------------------------------------------------------
2069  |Info:    |               Detecting HID devices                |
2069  |Info:    ------------------------------------------------------
2423  |Info:    Unable add this Logitech device: Not Connected
2777  |Info:    Unable add this Logitech device: Not Connected
3132  |Info:    Unable add this Logitech device: Not Connected
3486  |Info:    Unable add this Logitech device: Not Connected
3840  |Info:    Unable add this Logitech device: Not Connected
4194  |Info:    Unable add this Logitech device: Not Connected
4548  |Info:    Unable add this Logitech device: Not Connected
4902  |Info:    Unable add this Logitech device: Not Connected
5256  |Info:    Unable add this Logitech device: Not Connected
5610  |Info:    Unable add this Logitech device: Not Connected
5611  |Info:    [Anne Pro 2] Registering RGB controller
5611  |Info:    ------------------------------------------------------
5611  |Info:    |            Detecting libusb HID devices            |
5611  |Info:    ------------------------------------------------------
5731  |Info:    ------------------------------------------------------
5731  |Info:    |              Detecting other devices               |
5731  |Info:    ------------------------------------------------------
5742  |Info:    ------------------------------------------------------
5742  |Info:    |                Detection completed                 |
5742  |Info:    ------------------------------------------------------
5742  |Info:    Profile loading: Succeeded for Corsair Vengeance Pro RGB @ I2C: /dev/i2c-5, address 0x58
5742  |Info:    Profile loading: Succeeded for Corsair Vengeance Pro RGB @ I2C: /dev/i2c-5, address 0x59
5742  |Info:    Profile loading: Succeeded for Anne Pro 2 @ HID: /dev/hidraw8
4647553|Info:    Closing server connection: 127.0.0.1
4678365|Info:    Closing server connection: 127.0.0.1
27484103|Info:    Closing server connection: 127.0.0.1
