    OpenRGB v0.9
    Commit:  from 
    Launched: 20241228_192135
====================================================================================================

2     |Info:    Found file: Default.orp attempting to validate header
2     |Info:    Valid v4 profile found for Default
1014  |Info:    ------------------------------------------------------
1014  |Info:    |               Start device detection               |
1014  |Info:    ------------------------------------------------------
1014  |Info:    Initializing HID interfaces: Success
1023  |Info:    ------------------------------------------------------
1023  |Info:    |             Detecting I2C interfaces               |
1023  |Info:    ------------------------------------------------------
1023  |Info:    Registering I2C interface: /dev/i2c-3 Device 10DE:2504 Subsystem: 10DE:2504
1023  |Info:    Registering I2C interface: /dev/i2c-1 Device 10DE:2504 Subsystem: 10DE:2504
1023  |Info:    Registering I2C interface: /dev/i2c-6 Device 1022:790B Subsystem: 1043:87C0
1023  |Info:    Registering I2C interface: /dev/i2c-4 Device 10DE:2504 Subsystem: 10DE:2504
1023  |Info:    Registering I2C interface: /dev/i2c-2 Device 10DE:2504 Subsystem: 10DE:2504
1023  |Info:    Registering I2C interface: /dev/i2c-0 Device 10DE:2504 Subsystem: 10DE:2504
1024  |Info:    Registering I2C interface: /dev/i2c-7 Device 1022:790B Subsystem: 1043:87C0
1024  |Info:    Registering I2C interface: /dev/i2c-5 Device 1022:790B Subsystem: 1043:87C0
1024  |Info:    ------------------------------------------------------
1024  |Info:    |               Detecting I2C devices                |
1024  |Info:    ------------------------------------------------------
1429  |Info:    [Corsair Vengeance Pro RGB] Registering RGB controller
1441  |Info:    [Corsair Vengeance Pro RGB] Registering RGB controller
2059  |Info:    ------------------------------------------------------
2059  |Info:    |               Detecting I2C PCI devices            |
2059  |Info:    ------------------------------------------------------
2060  |Info:    ------------------------------------------------------
2060  |Info:    |               Detecting HID devices                |
2060  |Info:    ------------------------------------------------------
2415  |Info:    Unable add this Logitech device: Not Connected
2769  |Info:    Unable add this Logitech device: Not Connected
3123  |Info:    Unable add this Logitech device: Not Connected
3477  |Info:    Unable add this Logitech device: Not Connected
3831  |Info:    Unable add this Logitech device: Not Connected
4185  |Info:    Unable add this Logitech device: Not Connected
4539  |Info:    Unable add this Logitech device: Not Connected
4893  |Info:    Unable add this Logitech device: Not Connected
7668  |Info:    [G Pro Wireless Gaming Mouse] Registering RGB controller
7669  |Info:    [Anne Pro 2] Registering RGB controller
7669  |Info:    ------------------------------------------------------
7669  |Info:    |            Detecting libusb HID devices            |
7669  |Info:    ------------------------------------------------------
7792  |Info:    ------------------------------------------------------
7792  |Info:    |              Detecting other devices               |
7792  |Info:    ------------------------------------------------------
7802  |Info:    ------------------------------------------------------
7802  |Info:    |                Detection completed                 |
7802  |Info:    ------------------------------------------------------
7802  |Info:    Profile loading: Succeeded for Corsair Vengeance Pro RGB @ I2C: /dev/i2c-5, address 0x58
7802  |Info:    Profile loading: Succeeded for Corsair Vengeance Pro RGB @ I2C: /dev/i2c-5, address 0x59
7802  |Info:    Profile loading: Succeeded for G Pro Wireless Gaming Mouse @ HID: /dev/hidraw11 (Receiver) 
Wireless Index: 255
7802  |Info:    Profile loading: Succeeded for Anne Pro 2 @ HID: /dev/hidraw8
