    OpenRGB v0.9
    Commit:  from 
    Launched: 20241211_174052
====================================================================================================

0     |Info:    Found file: Default.orp attempting to validate header
1     |Info:    Valid v4 profile found for Default
1013  |Info:    ------------------------------------------------------
1013  |Info:    |               Start device detection               |
1013  |Info:    ------------------------------------------------------
1014  |Info:    Initializing HID interfaces: Success
1020  |Info:    ------------------------------------------------------
1020  |Info:    |             Detecting I2C interfaces               |
1020  |Info:    ------------------------------------------------------
1021  |Info:    Registering I2C interface: /dev/i2c-3 Device 10DE:2504 Subsystem: 10DE:2504
1021  |Info:    Registering I2C interface: /dev/i2c-1 Device 10DE:2504 Subsystem: 10DE:2504
1021  |Info:    Registering I2C interface: /dev/i2c-6 Device 1022:790B Subsystem: 1043:87C0
1021  |Info:    Registering I2C interface: /dev/i2c-4 Device 10DE:2504 Subsystem: 10DE:2504
1021  |Info:    Registering I2C interface: /dev/i2c-2 Device 10DE:2504 Subsystem: 10DE:2504
1021  |Info:    Registering I2C interface: /dev/i2c-0 Device 10DE:2504 Subsystem: 10DE:2504
1021  |Info:    Registering I2C interface: /dev/i2c-7 Device 1022:790B Subsystem: 1043:87C0
1021  |Info:    Registering I2C interface: /dev/i2c-5 Device 1022:790B Subsystem: 1043:87C0
1021  |Info:    ------------------------------------------------------
1021  |Info:    |               Detecting I2C devices                |
1021  |Info:    ------------------------------------------------------
1427  |Info:    [Corsair Vengeance Pro RGB] Registering RGB controller
1439  |Info:    [Corsair Vengeance Pro RGB] Registering RGB controller
2059  |Info:    ------------------------------------------------------
2059  |Info:    |               Detecting I2C PCI devices            |
2059  |Info:    ------------------------------------------------------
2059  |Info:    ------------------------------------------------------
2059  |Info:    |               Detecting HID devices                |
2059  |Info:    ------------------------------------------------------
2414  |Info:    Unable add this Logitech device: Not Connected
2768  |Info:    Unable add this Logitech device: Not Connected
3122  |Info:    Unable add this Logitech device: Not Connected
3476  |Info:    Unable add this Logitech device: Not Connected
3830  |Info:    Unable add this Logitech device: Not Connected
4184  |Info:    Unable add this Logitech device: Not Connected
4538  |Info:    Unable add this Logitech device: Not Connected
9862  |Info:    [G Pro Wireless Gaming Mouse] Registering RGB controller
9863  |Info:    [Anne Pro 2] Registering RGB controller
9863  |Info:    ------------------------------------------------------
9863  |Info:    |            Detecting libusb HID devices            |
9863  |Info:    ------------------------------------------------------
9983  |Info:    ------------------------------------------------------
9983  |Info:    |              Detecting other devices               |
9983  |Info:    ------------------------------------------------------
9992  |Info:    ------------------------------------------------------
9992  |Info:    |                Detection completed                 |
9992  |Info:    ------------------------------------------------------
9992  |Info:    Profile loading: Succeeded for Corsair Vengeance Pro RGB @ I2C: /dev/i2c-5, address 0x58
9992  |Info:    Profile loading: Succeeded for Corsair Vengeance Pro RGB @ I2C: /dev/i2c-5, address 0x59
9992  |Info:    Profile loading: Succeeded for G Pro Wireless Gaming Mouse @ HID: /dev/hidraw8 (Receiver) 
Wireless Index: 255
9992  |Info:    Profile loading: Succeeded for Anne Pro 2 @ HID: /dev/hidraw5
