    OpenRGB v0.9
    Commit:  from 
    Launched: 20241203_174531
====================================================================================================

0     |Info:    Found file: Default.orp attempting to validate header
0     |Info:    Valid v4 profile found for Default
1002  |Info:    ------------------------------------------------------
1002  |Info:    |               Start device detection               |
1002  |Info:    ------------------------------------------------------
1002  |Info:    Initializing HID interfaces: Success
1008  |Info:    ------------------------------------------------------
1008  |Info:    |             Detecting I2C interfaces               |
1008  |Info:    ------------------------------------------------------
1008  |Info:    Registering I2C interface: /dev/i2c-3 Device 10DE:2504 Subsystem: 10DE:2504
1009  |Info:    Registering I2C interface: /dev/i2c-1 Device 10DE:2504 Subsystem: 10DE:2504
1009  |Info:    Registering I2C interface: /dev/i2c-6 Device 1022:790B Subsystem: 1043:87C0
1009  |Info:    Registering I2C interface: /dev/i2c-4 Device 10DE:2504 Subsystem: 10DE:2504
1009  |Info:    Registering I2C interface: /dev/i2c-2 Device 10DE:2504 Subsystem: 10DE:2504
1009  |Info:    Registering I2C interface: /dev/i2c-0 Device 10DE:2504 Subsystem: 10DE:2504
1009  |Info:    Registering I2C interface: /dev/i2c-7 Device 1022:790B Subsystem: 1043:87C0
1009  |Info:    Registering I2C interface: /dev/i2c-5 Device 1022:790B Subsystem: 1043:87C0
1009  |Info:    ------------------------------------------------------
1009  |Info:    |               Detecting I2C devices                |
1009  |Info:    ------------------------------------------------------
1412  |Info:    [Corsair Vengeance Pro RGB] Registering RGB controller
1423  |Info:    [Corsair Vengeance Pro RGB] Registering RGB controller
2043  |Info:    ------------------------------------------------------
2043  |Info:    |               Detecting I2C PCI devices            |
2043  |Info:    ------------------------------------------------------
2044  |Info:    ------------------------------------------------------
2044  |Info:    |               Detecting HID devices                |
2044  |Info:    ------------------------------------------------------
4871  |Info:    [G Pro Wireless Gaming Mouse] Registering RGB controller
4872  |Info:    [Anne Pro 2] Registering RGB controller
4872  |Info:    ------------------------------------------------------
4872  |Info:    |            Detecting libusb HID devices            |
4872  |Info:    ------------------------------------------------------
4991  |Info:    ------------------------------------------------------
4991  |Info:    |              Detecting other devices               |
4991  |Info:    ------------------------------------------------------
4998  |Info:    ------------------------------------------------------
4998  |Info:    |                Detection completed                 |
4998  |Info:    ------------------------------------------------------
4999  |Info:    Profile loading: Succeeded for Corsair Vengeance Pro RGB @ I2C: /dev/i2c-5, address 0x58
4999  |Info:    Profile loading: Succeeded for Corsair Vengeance Pro RGB @ I2C: /dev/i2c-5, address 0x59
4999  |Info:    Profile loading: Succeeded for G Pro Wireless Gaming Mouse @ HID: /dev/hidraw7 (Receiver) 
Wireless Index: 255
4999  |Info:    Profile loading: Succeeded for Anne Pro 2 @ HID: /dev/hidraw4
