    OpenRGB v0.9
    Commit:  from 
    Launched: 20250106_184844
====================================================================================================

1     |Info:    Found file: Default.orp attempting to validate header
1     |Info:    Valid v4 profile found for Default
1014  |Info:    ------------------------------------------------------
1014  |Info:    |               Start device detection               |
1014  |Info:    ------------------------------------------------------
1015  |Info:    Initializing HID interfaces: Success
1024  |Info:    ------------------------------------------------------
1025  |Info:    |             Detecting I2C interfaces               |
1025  |Info:    ------------------------------------------------------
1025  |Info:    Registering I2C interface: /dev/i2c-3 Device 10DE:2504 Subsystem: 10DE:2504
1025  |Info:    Registering I2C interface: /dev/i2c-1 Device 10DE:2504 Subsystem: 10DE:2504
1025  |Info:    Registering I2C interface: /dev/i2c-6 Device 1022:790B Subsystem: 1043:87C0
1025  |Info:    Registering I2C interface: /dev/i2c-4 Device 10DE:2504 Subsystem: 10DE:2504
1025  |Info:    Registering I2C interface: /dev/i2c-2 Device 10DE:2504 Subsystem: 10DE:2504
1025  |Info:    Registering I2C interface: /dev/i2c-0 Device 10DE:2504 Subsystem: 10DE:2504
1025  |Info:    Registering I2C interface: /dev/i2c-7 Device 1022:790B Subsystem: 1043:87C0
1025  |Info:    Registering I2C interface: /dev/i2c-5 Device 1022:790B Subsystem: 1043:87C0
1025  |Info:    ------------------------------------------------------
1025  |Info:    |               Detecting I2C devices                |
1025  |Info:    ------------------------------------------------------
1430  |Info:    [Corsair Vengeance Pro RGB] Registering RGB controller
1442  |Info:    [Corsair Vengeance Pro RGB] Registering RGB controller
2061  |Info:    ------------------------------------------------------
2061  |Info:    |               Detecting I2C PCI devices            |
2061  |Info:    ------------------------------------------------------
2062  |Info:    ------------------------------------------------------
2062  |Info:    |               Detecting HID devices                |
2062  |Info:    ------------------------------------------------------
2418  |Info:    Unable add this Logitech device: Not Connected
2772  |Info:    Unable add this Logitech device: Not Connected
3126  |Info:    Unable add this Logitech device: Not Connected
3480  |Info:    Unable add this Logitech device: Not Connected
3834  |Info:    Unable add this Logitech device: Not Connected
4188  |Info:    Unable add this Logitech device: Not Connected
4542  |Info:    Unable add this Logitech device: Not Connected
4896  |Info:    Unable add this Logitech device: Not Connected
5250  |Info:    Unable add this Logitech device: Not Connected
5604  |Info:    Unable add this Logitech device: Not Connected
5605  |Info:    [Anne Pro 2] Registering RGB controller
5606  |Info:    ------------------------------------------------------
5606  |Info:    |            Detecting libusb HID devices            |
5606  |Info:    ------------------------------------------------------
5728  |Info:    ------------------------------------------------------
5728  |Info:    |              Detecting other devices               |
5728  |Info:    ------------------------------------------------------
5738  |Info:    ------------------------------------------------------
5738  |Info:    |                Detection completed                 |
5738  |Info:    ------------------------------------------------------
5738  |Info:    Profile loading: Succeeded for Corsair Vengeance Pro RGB @ I2C: /dev/i2c-5, address 0x58
5738  |Info:    Profile loading: Succeeded for Corsair Vengeance Pro RGB @ I2C: /dev/i2c-5, address 0x59
5738  |Info:    Profile loading: Succeeded for Anne Pro 2 @ HID: /dev/hidraw8
