    OpenRGB v0.9
    Commit:  from 
    Launched: 20241220_145209
====================================================================================================

5     |Info:    Found file: Default.orp attempting to validate header
5     |Info:    Valid v4 profile found for Default
1026  |Info:    ------------------------------------------------------
1026  |Info:    |               Start device detection               |
1026  |Info:    ------------------------------------------------------
1026  |Info:    Initializing HID interfaces: Success
1034  |Info:    ------------------------------------------------------
1034  |Info:    |             Detecting I2C interfaces               |
1034  |Info:    ------------------------------------------------------
1035  |Info:    Registering I2C interface: /dev/i2c-3 Device 10DE:2504 Subsystem: 10DE:2504
1035  |Info:    Registering I2C interface: /dev/i2c-1 Device 10DE:2504 Subsystem: 10DE:2504
1035  |Info:    Registering I2C interface: /dev/i2c-6 Device 1022:790B Subsystem: 1043:87C0
1035  |Info:    Registering I2C interface: /dev/i2c-4 Device 10DE:2504 Subsystem: 10DE:2504
1035  |Info:    Registering I2C interface: /dev/i2c-2 Device 10DE:2504 Subsystem: 10DE:2504
1035  |Info:    Registering I2C interface: /dev/i2c-0 Device 10DE:2504 Subsystem: 10DE:2504
1035  |Info:    Registering I2C interface: /dev/i2c-7 Device 1022:790B Subsystem: 1043:87C0
1035  |Info:    Registering I2C interface: /dev/i2c-5 Device 1022:790B Subsystem: 1043:87C0
1035  |Info:    ------------------------------------------------------
1035  |Info:    |               Detecting I2C devices                |
1035  |Info:    ------------------------------------------------------
1436  |Info:    [Corsair Vengeance Pro RGB] Registering RGB controller
1448  |Info:    [Corsair Vengeance Pro RGB] Registering RGB controller
2068  |Info:    ------------------------------------------------------
2068  |Info:    |               Detecting I2C PCI devices            |
2068  |Info:    ------------------------------------------------------
2068  |Info:    ------------------------------------------------------
2068  |Info:    |               Detecting HID devices                |
2068  |Info:    ------------------------------------------------------
2423  |Info:    Unable add this Logitech device: Not Connected
2777  |Info:    Unable add this Logitech device: Not Connected
7825  |Info:    [G Pro Wireless Gaming Mouse] Registering RGB controller
7826  |Info:    [Anne Pro 2] Registering RGB controller
7826  |Info:    ------------------------------------------------------
7826  |Info:    |            Detecting libusb HID devices            |
7826  |Info:    ------------------------------------------------------
7944  |Info:    ------------------------------------------------------
7944  |Info:    |              Detecting other devices               |
7944  |Info:    ------------------------------------------------------
7953  |Info:    ------------------------------------------------------
7953  |Info:    |                Detection completed                 |
7953  |Info:    ------------------------------------------------------
7953  |Info:    Profile loading: Succeeded for Corsair Vengeance Pro RGB @ I2C: /dev/i2c-5, address 0x58
7953  |Info:    Profile loading: Succeeded for Corsair Vengeance Pro RGB @ I2C: /dev/i2c-5, address 0x59
7953  |Info:    Profile loading: Succeeded for G Pro Wireless Gaming Mouse @ HID: /dev/hidraw11 (Receiver) 
Wireless Index: 255
7953  |Info:    Profile loading: Succeeded for Anne Pro 2 @ HID: /dev/hidraw8
153167|Info:    Closing server connection: 127.0.0.1
204675|Info:    Closing server connection: 127.0.0.1
1985176|Info:    Closing server connection: 127.0.0.1
4159654|Info:    Closing server connection: 127.0.0.1
4256372|Info:    Closing server connection: 127.0.0.1
4335464|Info:    Closing server connection: 127.0.0.1
4405717|Info:    Closing server connection: 127.0.0.1
4655781|Info:    Closing server connection: 127.0.0.1
8228864|Info:    Closing server connection: 127.0.0.1
