    OpenRGB v0.9
    Commit:  from 
    Launched: 20250202_195754
====================================================================================================

0     |Info:    Found file: Default.orp attempting to validate header
0     |Info:    Valid v4 profile found for Default
1002  |Info:    ------------------------------------------------------
1002  |Info:    |               Start device detection               |
1002  |Info:    ------------------------------------------------------
1002  |Info:    Initializing HID interfaces: Success
1013  |Info:    ------------------------------------------------------
1013  |Info:    |             Detecting I2C interfaces               |
1013  |Info:    ------------------------------------------------------
1013  |Info:    Registering I2C interface: /dev/i2c-3 Device 10DE:2504 Subsystem: 10DE:2504
1013  |Info:    Registering I2C interface: /dev/i2c-1 Device 10DE:2504 Subsystem: 10DE:2504
1013  |Info:    Registering I2C interface: /dev/i2c-6 Device 1022:790B Subsystem: 1043:87C0
1014  |Info:    Registering I2C interface: /dev/i2c-4 Device 10DE:2504 Subsystem: 10DE:2504
1014  |Info:    Registering I2C interface: /dev/i2c-2 Device 10DE:2504 Subsystem: 10DE:2504
1014  |Info:    Registering I2C interface: /dev/i2c-0 Device 10DE:2504 Subsystem: 10DE:2504
1014  |Info:    Registering I2C interface: /dev/i2c-7 Device 1022:790B Subsystem: 1043:87C0
1014  |Info:    Registering I2C interface: /dev/i2c-5 Device 1022:790B Subsystem: 1043:87C0
1014  |Info:    ------------------------------------------------------
1014  |Info:    |               Detecting I2C devices                |
1014  |Info:    ------------------------------------------------------
1417  |Info:    [Corsair Vengeance Pro RGB] Registering RGB controller
1429  |Info:    [Corsair Vengeance Pro RGB] Registering RGB controller
2049  |Info:    ------------------------------------------------------
2049  |Info:    |               Detecting I2C PCI devices            |
2049  |Info:    ------------------------------------------------------
2050  |Info:    ------------------------------------------------------
2050  |Info:    |               Detecting HID devices                |
2050  |Info:    ------------------------------------------------------
2777  |Warning: [G Pro Wireless Gaming Mouse] Effect at index - 01 not added: Value FF00 unrecognised
2777  |Warning: [G Pro Wireless Gaming Mouse] Effect at index - 02 not added: Value FF00 unrecognised
2777  |Info:    [G Pro Wireless Gaming Mouse] Registering RGB controller
2849  |Info:    [SteelSeries Apex Pro TKL] Registering RGB controller
2849  |Info:    ------------------------------------------------------
2849  |Info:    |            Detecting libusb HID devices            |
2849  |Info:    ------------------------------------------------------
2985  |Info:    ------------------------------------------------------
2985  |Info:    |              Detecting other devices               |
2985  |Info:    ------------------------------------------------------
2993  |Info:    ------------------------------------------------------
2993  |Info:    |                Detection completed                 |
2993  |Info:    ------------------------------------------------------
2994  |Info:    Profile loading: Succeeded for Corsair Vengeance Pro RGB @ I2C: /dev/i2c-5, address 0x58
2994  |Info:    Profile loading: Succeeded for Corsair Vengeance Pro RGB @ I2C: /dev/i2c-5, address 0x59
2994  |Info:    Profile loading: Succeeded for G Pro Wireless Gaming Mouse @ HID: /dev/hidraw12 (Receiver) 
Wireless Index: 255
2994  |Info:    Profile loading: FAILED! for SteelSeries Apex Pro TKL @ HID: /dev/hidraw5
