    OpenRGB v0.9
    Commit:  from 
    Launched: 20250126_121338
====================================================================================================

2     |Info:    Found file: Default.orp attempting to validate header
2     |Info:    Valid v4 profile found for Default
1016  |Info:    ------------------------------------------------------
1016  |Info:    |               Start device detection               |
1016  |Info:    ------------------------------------------------------
1016  |Info:    Initializing HID interfaces: Success
1026  |Info:    ------------------------------------------------------
1026  |Info:    |             Detecting I2C interfaces               |
1026  |Info:    ------------------------------------------------------
1026  |Info:    Registering I2C interface: /dev/i2c-3 Device 10DE:2504 Subsystem: 10DE:2504
1026  |Info:    Registering I2C interface: /dev/i2c-1 Device 10DE:2504 Subsystem: 10DE:2504
1026  |Info:    Registering I2C interface: /dev/i2c-6 Device 1022:790B Subsystem: 1043:87C0
1026  |Info:    Registering I2C interface: /dev/i2c-4 Device 10DE:2504 Subsystem: 10DE:2504
1027  |Info:    Registering I2C interface: /dev/i2c-2 Device 10DE:2504 Subsystem: 10DE:2504
1027  |Info:    Registering I2C interface: /dev/i2c-0 Device 10DE:2504 Subsystem: 10DE:2504
1027  |Info:    Registering I2C interface: /dev/i2c-7 Device 1022:790B Subsystem: 1043:87C0
1027  |Info:    Registering I2C interface: /dev/i2c-5 Device 1022:790B Subsystem: 1043:87C0
1027  |Info:    ------------------------------------------------------
1027  |Info:    |               Detecting I2C devices                |
1027  |Info:    ------------------------------------------------------
1431  |Info:    [Corsair Vengeance Pro RGB] Registering RGB controller
1443  |Info:    [Corsair Vengeance Pro RGB] Registering RGB controller
2063  |Info:    ------------------------------------------------------
2063  |Info:    |               Detecting I2C PCI devices            |
2063  |Info:    ------------------------------------------------------
2063  |Info:    ------------------------------------------------------
2063  |Info:    |               Detecting HID devices                |
2063  |Info:    ------------------------------------------------------
2418  |Info:    Unable add this Logitech device: Not Connected
2772  |Info:    Unable add this Logitech device: Not Connected
3126  |Info:    Unable add this Logitech device: Not Connected
3480  |Info:    Unable add this Logitech device: Not Connected
3834  |Info:    Unable add this Logitech device: Not Connected
4188  |Info:    Unable add this Logitech device: Not Connected
4542  |Info:    Unable add this Logitech device: Not Connected
4896  |Info:    Unable add this Logitech device: Not Connected
5250  |Info:    Unable add this Logitech device: Not Connected
5604  |Info:    Unable add this Logitech device: Not Connected
5675  |Info:    [SteelSeries Apex Pro TKL] Registering RGB controller
5675  |Info:    ------------------------------------------------------
5675  |Info:    |            Detecting libusb HID devices            |
5675  |Info:    ------------------------------------------------------
5810  |Info:    ------------------------------------------------------
5810  |Info:    |              Detecting other devices               |
5810  |Info:    ------------------------------------------------------
5819  |Info:    ------------------------------------------------------
5820  |Info:    |                Detection completed                 |
5820  |Info:    ------------------------------------------------------
5820  |Info:    Profile loading: Succeeded for Corsair Vengeance Pro RGB @ I2C: /dev/i2c-5, address 0x58
5820  |Info:    Profile loading: Succeeded for Corsair Vengeance Pro RGB @ I2C: /dev/i2c-5, address 0x59
5820  |Info:    Profile loading: FAILED! for SteelSeries Apex Pro TKL @ HID: /dev/hidraw5
