    OpenRGB v0.9
    Commit:  from 
    Launched: 20241207_185426
====================================================================================================

1     |Info:    Found file: Default.orp attempting to validate header
2     |Info:    Valid v4 profile found for Default
1014  |Info:    ------------------------------------------------------
1014  |Info:    |               Start device detection               |
1014  |Info:    ------------------------------------------------------
1014  |Info:    Initializing HID interfaces: Success
1021  |Info:    ------------------------------------------------------
1021  |Info:    |             Detecting I2C interfaces               |
1021  |Info:    ------------------------------------------------------
1021  |Info:    Registering I2C interface: /dev/i2c-3 Device 10DE:2504 Subsystem: 10DE:2504
1021  |Info:    Registering I2C interface: /dev/i2c-1 Device 10DE:2504 Subsystem: 10DE:2504
1021  |Info:    Registering I2C interface: /dev/i2c-6 Device 1022:790B Subsystem: 1043:87C0
1021  |Info:    Registering I2C interface: /dev/i2c-4 Device 10DE:2504 Subsystem: 10DE:2504
1022  |Info:    Registering I2C interface: /dev/i2c-2 Device 10DE:2504 Subsystem: 10DE:2504
1022  |Info:    Registering I2C interface: /dev/i2c-0 Device 10DE:2504 Subsystem: 10DE:2504
1022  |Info:    Registering I2C interface: /dev/i2c-7 Device 1022:790B Subsystem: 1043:87C0
1022  |Info:    Registering I2C interface: /dev/i2c-5 Device 1022:790B Subsystem: 1043:87C0
1022  |Info:    ------------------------------------------------------
1022  |Info:    |               Detecting I2C devices                |
1022  |Info:    ------------------------------------------------------
1425  |Info:    [Corsair Vengeance Pro RGB] Registering RGB controller
1437  |Info:    [Corsair Vengeance Pro RGB] Registering RGB controller
2056  |Info:    ------------------------------------------------------
2056  |Info:    |               Detecting I2C PCI devices            |
2056  |Info:    ------------------------------------------------------
2057  |Info:    ------------------------------------------------------
2057  |Info:    |               Detecting HID devices                |
2057  |Info:    ------------------------------------------------------
2412  |Info:    Unable add this Logitech device: Not Connected
2766  |Info:    Unable add this Logitech device: Not Connected
3120  |Info:    Unable add this Logitech device: Not Connected
3474  |Info:    Unable add this Logitech device: Not Connected
3828  |Info:    Unable add this Logitech device: Not Connected
4182  |Info:    Unable add this Logitech device: Not Connected
6241  |Info:    [G Pro Wireless Gaming Mouse] Registering RGB controller
6242  |Info:    [Anne Pro 2] Registering RGB controller
6242  |Info:    ------------------------------------------------------
6242  |Info:    |            Detecting libusb HID devices            |
6242  |Info:    ------------------------------------------------------
6362  |Info:    ------------------------------------------------------
6362  |Info:    |              Detecting other devices               |
6362  |Info:    ------------------------------------------------------
6371  |Info:    ------------------------------------------------------
6371  |Info:    |                Detection completed                 |
6371  |Info:    ------------------------------------------------------
6372  |Info:    Profile loading: Succeeded for Corsair Vengeance Pro RGB @ I2C: /dev/i2c-5, address 0x58
6372  |Info:    Profile loading: Succeeded for Corsair Vengeance Pro RGB @ I2C: /dev/i2c-5, address 0x59
6372  |Info:    Profile loading: Succeeded for G Pro Wireless Gaming Mouse @ HID: /dev/hidraw8 (Receiver) 
Wireless Index: 255
6372  |Info:    Profile loading: Succeeded for Anne Pro 2 @ HID: /dev/hidraw5
