    OpenRGB v0.9
    Commit:  from 
    Launched: 20241226_143334
====================================================================================================

5     |Info:    Found file: Default.orp attempting to validate header
5     |Info:    Valid v4 profile found for Default
1022  |Info:    ------------------------------------------------------
1022  |Info:    |               Start device detection               |
1022  |Info:    ------------------------------------------------------
1022  |Info:    Initializing HID interfaces: Success
1031  |Info:    ------------------------------------------------------
1031  |Info:    |             Detecting I2C interfaces               |
1031  |Info:    ------------------------------------------------------
1031  |Info:    Registering I2C interface: /dev/i2c-3 Device 10DE:2504 Subsystem: 10DE:2504
1032  |Info:    Registering I2C interface: /dev/i2c-1 Device 10DE:2504 Subsystem: 10DE:2504
1032  |Info:    Registering I2C interface: /dev/i2c-6 Device 1022:790B Subsystem: 1043:87C0
1032  |Info:    Registering I2C interface: /dev/i2c-4 Device 10DE:2504 Subsystem: 10DE:2504
1032  |Info:    Registering I2C interface: /dev/i2c-2 Device 10DE:2504 Subsystem: 10DE:2504
1032  |Info:    Registering I2C interface: /dev/i2c-0 Device 10DE:2504 Subsystem: 10DE:2504
1032  |Info:    Registering I2C interface: /dev/i2c-7 Device 1022:790B Subsystem: 1043:87C0
1032  |Info:    Registering I2C interface: /dev/i2c-5 Device 1022:790B Subsystem: 1043:87C0
1032  |Info:    ------------------------------------------------------
1032  |Info:    |               Detecting I2C devices                |
1032  |Info:    ------------------------------------------------------
1436  |Info:    [Corsair Vengeance Pro RGB] Registering RGB controller
1448  |Info:    [Corsair Vengeance Pro RGB] Registering RGB controller
2068  |Info:    ------------------------------------------------------
2068  |Info:    |               Detecting I2C PCI devices            |
2068  |Info:    ------------------------------------------------------
2068  |Info:    ------------------------------------------------------
2068  |Info:    |               Detecting HID devices                |
2068  |Info:    ------------------------------------------------------
2622  |Info:    [G Pro Wireless Gaming Mouse] Registering RGB controller
2623  |Info:    [Anne Pro 2] Registering RGB controller
2623  |Info:    ------------------------------------------------------
2623  |Info:    |            Detecting libusb HID devices            |
2623  |Info:    ------------------------------------------------------
2742  |Info:    ------------------------------------------------------
2742  |Info:    |              Detecting other devices               |
2742  |Info:    ------------------------------------------------------
2752  |Info:    ------------------------------------------------------
2752  |Info:    |                Detection completed                 |
2752  |Info:    ------------------------------------------------------
2752  |Info:    Profile loading: Succeeded for Corsair Vengeance Pro RGB @ I2C: /dev/i2c-5, address 0x58
2752  |Info:    Profile loading: Succeeded for Corsair Vengeance Pro RGB @ I2C: /dev/i2c-5, address 0x59
2752  |Info:    Profile loading: Succeeded for G Pro Wireless Gaming Mouse @ HID: /dev/hidraw11 (Receiver) 
Wireless Index: 255
2752  |Info:    Profile loading: Succeeded for Anne Pro 2 @ HID: /dev/hidraw8
14805 |Info:    Closing server connection: 127.0.0.1
11543270|Info:    Closing server connection: 127.0.0.1
