    OpenRGB v0.9
    Commit:  from 
    Launched: 20241222_111055
====================================================================================================

5     |Info:    Found file: Default.orp attempting to validate header
5     |Info:    Valid v4 profile found for Default
1025  |Info:    ------------------------------------------------------
1025  |Info:    |               Start device detection               |
1025  |Info:    ------------------------------------------------------
1025  |Info:    Initializing HID interfaces: Success
1034  |Info:    ------------------------------------------------------
1034  |Info:    |             Detecting I2C interfaces               |
1034  |Info:    ------------------------------------------------------
1034  |Info:    Registering I2C interface: /dev/i2c-3 Device 10DE:2504 Subsystem: 10DE:2504
1034  |Info:    Registering I2C interface: /dev/i2c-1 Device 10DE:2504 Subsystem: 10DE:2504
1034  |Info:    Registering I2C interface: /dev/i2c-6 Device 1022:790B Subsystem: 1043:87C0
1034  |Info:    Registering I2C interface: /dev/i2c-4 Device 10DE:2504 Subsystem: 10DE:2504
1034  |Info:    Registering I2C interface: /dev/i2c-2 Device 10DE:2504 Subsystem: 10DE:2504
1034  |Info:    Registering I2C interface: /dev/i2c-0 Device 10DE:2504 Subsystem: 10DE:2504
1035  |Info:    Registering I2C interface: /dev/i2c-7 Device 1022:790B Subsystem: 1043:87C0
1035  |Info:    Registering I2C interface: /dev/i2c-5 Device 1022:790B Subsystem: 1043:87C0
1035  |Info:    ------------------------------------------------------
1035  |Info:    |               Detecting I2C devices                |
1035  |Info:    ------------------------------------------------------
1436  |Info:    [Corsair Vengeance Pro RGB] Registering RGB controller
1448  |Info:    [Corsair Vengeance Pro RGB] Registering RGB controller
2068  |Info:    ------------------------------------------------------
2068  |Info:    |               Detecting I2C PCI devices            |
2068  |Info:    ------------------------------------------------------
2068  |Info:    ------------------------------------------------------
2068  |Info:    |               Detecting HID devices                |
2068  |Info:    ------------------------------------------------------
2423  |Info:    Unable add this Logitech device: Not Connected
2777  |Info:    Unable add this Logitech device: Not Connected
3131  |Info:    Unable add this Logitech device: Not Connected
3485  |Info:    Unable add this Logitech device: Not Connected
3839  |Info:    Unable add this Logitech device: Not Connected
4193  |Info:    Unable add this Logitech device: Not Connected
4547  |Info:    Unable add this Logitech device: Not Connected
4901  |Info:    Unable add this Logitech device: Not Connected
5255  |Info:    Unable add this Logitech device: Not Connected
5609  |Info:    Unable add this Logitech device: Not Connected
5610  |Info:    [Anne Pro 2] Registering RGB controller
5610  |Info:    ------------------------------------------------------
5610  |Info:    |            Detecting libusb HID devices            |
5610  |Info:    ------------------------------------------------------
5729  |Info:    ------------------------------------------------------
5729  |Info:    |              Detecting other devices               |
5729  |Info:    ------------------------------------------------------
5738  |Info:    ------------------------------------------------------
5738  |Info:    |                Detection completed                 |
5738  |Info:    ------------------------------------------------------
5738  |Info:    Profile loading: Succeeded for Corsair Vengeance Pro RGB @ I2C: /dev/i2c-5, address 0x58
5738  |Info:    Profile loading: Succeeded for Corsair Vengeance Pro RGB @ I2C: /dev/i2c-5, address 0x59
5738  |Info:    Profile loading: Succeeded for Anne Pro 2 @ HID: /dev/hidraw8
6742587|Info:    Closing server connection: 127.0.0.1
6859063|Info:    Closing server connection: 127.0.0.1
6864798|Info:    Closing server connection: 127.0.0.1
6969810|Info:    Closing server connection: 127.0.0.1
7238473|Info:    Closing server connection: 127.0.0.1
11362779|Info:    Closing server connection: 127.0.0.1
11419328|Info:    Closing server connection: 127.0.0.1
13321636|Info:    Closing server connection: 127.0.0.1
18274391|Info:    Closing server connection: 127.0.0.1
