    OpenRGB v0.9
    Commit:  from 
    Launched: 20250124_234358
====================================================================================================

2     |Info:    Found file: Default.orp attempting to validate header
3     |Info:    Valid v4 profile found for Default
1017  |Info:    ------------------------------------------------------
1017  |Info:    |               Start device detection               |
1017  |Info:    ------------------------------------------------------
1017  |Info:    Initializing HID interfaces: Success
1027  |Info:    ------------------------------------------------------
1027  |Info:    |             Detecting I2C interfaces               |
1027  |Info:    ------------------------------------------------------
1028  |Info:    Registering I2C interface: /dev/i2c-3 Device 10DE:2504 Subsystem: 10DE:2504
1028  |Info:    Registering I2C interface: /dev/i2c-1 Device 10DE:2504 Subsystem: 10DE:2504
1028  |Info:    Registering I2C interface: /dev/i2c-6 Device 1022:790B Subsystem: 1043:87C0
1028  |Info:    Registering I2C interface: /dev/i2c-4 Device 10DE:2504 Subsystem: 10DE:2504
1028  |Info:    Registering I2C interface: /dev/i2c-2 Device 10DE:2504 Subsystem: 10DE:2504
1028  |Info:    Registering I2C interface: /dev/i2c-0 Device 10DE:2504 Subsystem: 10DE:2504
1028  |Info:    Registering I2C interface: /dev/i2c-7 Device 1022:790B Subsystem: 1043:87C0
1028  |Info:    Registering I2C interface: /dev/i2c-5 Device 1022:790B Subsystem: 1043:87C0
1028  |Info:    ------------------------------------------------------
1028  |Info:    |               Detecting I2C devices                |
1028  |Info:    ------------------------------------------------------
1432  |Info:    [Corsair Vengeance Pro RGB] Registering RGB controller
1445  |Info:    [Corsair Vengeance Pro RGB] Registering RGB controller
2065  |Info:    ------------------------------------------------------
2065  |Info:    |               Detecting I2C PCI devices            |
2065  |Info:    ------------------------------------------------------
2066  |Info:    ------------------------------------------------------
2066  |Info:    |               Detecting HID devices                |
2066  |Info:    ------------------------------------------------------
4889  |Info:    [G Pro Wireless Gaming Mouse] Registering RGB controller
4956  |Info:    [SteelSeries Apex Pro TKL] Registering RGB controller
4956  |Info:    ------------------------------------------------------
4956  |Info:    |            Detecting libusb HID devices            |
4956  |Info:    ------------------------------------------------------
5091  |Info:    ------------------------------------------------------
5091  |Info:    |              Detecting other devices               |
5091  |Info:    ------------------------------------------------------
5101  |Info:    ------------------------------------------------------
5101  |Info:    |                Detection completed                 |
5101  |Info:    ------------------------------------------------------
5101  |Info:    Profile loading: Succeeded for Corsair Vengeance Pro RGB @ I2C: /dev/i2c-5, address 0x58
5101  |Info:    Profile loading: Succeeded for Corsair Vengeance Pro RGB @ I2C: /dev/i2c-5, address 0x59
5101  |Info:    Profile loading: Succeeded for G Pro Wireless Gaming Mouse @ HID: /dev/hidraw12 (Receiver) 
Wireless Index: 255
5101  |Info:    Profile loading: FAILED! for SteelSeries Apex Pro TKL @ HID: /dev/hidraw5
