    OpenRGB v0.9
    Commit:  from 
    Launched: 20250111_141027
====================================================================================================

2     |Info:    Found file: Default.orp attempting to validate header
3     |Info:    Valid v4 profile found for Default
1018  |Info:    ------------------------------------------------------
1018  |Info:    |               Start device detection               |
1018  |Info:    ------------------------------------------------------
1018  |Info:    Initializing HID interfaces: Success
1027  |Info:    ------------------------------------------------------
1027  |Info:    |             Detecting I2C interfaces               |
1027  |Info:    ------------------------------------------------------
1027  |Info:    Registering I2C interface: /dev/i2c-3 Device 10DE:2504 Subsystem: 10DE:2504
1027  |Info:    Registering I2C interface: /dev/i2c-1 Device 10DE:2504 Subsystem: 10DE:2504
1027  |Info:    Registering I2C interface: /dev/i2c-6 Device 1022:790B Subsystem: 1043:87C0
1027  |Info:    Registering I2C interface: /dev/i2c-4 Device 10DE:2504 Subsystem: 10DE:2504
1027  |Info:    Registering I2C interface: /dev/i2c-2 Device 10DE:2504 Subsystem: 10DE:2504
1027  |Info:    Registering I2C interface: /dev/i2c-0 Device 10DE:2504 Subsystem: 10DE:2504
1027  |Info:    Registering I2C interface: /dev/i2c-7 Device 1022:790B Subsystem: 1043:87C0
1027  |Info:    Registering I2C interface: /dev/i2c-5 Device 1022:790B Subsystem: 1043:87C0
1027  |Info:    ------------------------------------------------------
1027  |Info:    |               Detecting I2C devices                |
1027  |Info:    ------------------------------------------------------
1432  |Info:    [Corsair Vengeance Pro RGB] Registering RGB controller
1444  |Info:    [Corsair Vengeance Pro RGB] Registering RGB controller
2064  |Info:    ------------------------------------------------------
2064  |Info:    |               Detecting I2C PCI devices            |
2064  |Info:    ------------------------------------------------------
2065  |Info:    ------------------------------------------------------
2065  |Info:    |               Detecting HID devices                |
2065  |Info:    ------------------------------------------------------
2421  |Info:    Unable add this Logitech device: Not Connected
2775  |Info:    Unable add this Logitech device: Not Connected
3129  |Info:    Unable add this Logitech device: Not Connected
3483  |Info:    Unable add this Logitech device: Not Connected
3837  |Info:    Unable add this Logitech device: Not Connected
4191  |Info:    Unable add this Logitech device: Not Connected
4545  |Info:    Unable add this Logitech device: Not Connected
4899  |Info:    Unable add this Logitech device: Not Connected
5253  |Info:    Unable add this Logitech device: Not Connected
5607  |Info:    Unable add this Logitech device: Not Connected
5608  |Info:    [ROYUAN EPOMAKER TH80 Pro] Registering RGB controller
5608  |Info:    ------------------------------------------------------
5608  |Info:    |            Detecting libusb HID devices            |
5608  |Info:    ------------------------------------------------------
5654  |Info:    ------------------------------------------------------
5654  |Info:    |              Detecting other devices               |
5654  |Info:    ------------------------------------------------------
5666  |Info:    ------------------------------------------------------
5666  |Info:    |                Detection completed                 |
5666  |Info:    ------------------------------------------------------
5666  |Info:    Profile loading: Succeeded for Corsair Vengeance Pro RGB @ I2C: /dev/i2c-5, address 0x58
5666  |Info:    Profile loading: Succeeded for Corsair Vengeance Pro RGB @ I2C: /dev/i2c-5, address 0x59
5666  |Info:    Profile loading: FAILED! for ROYUAN EPOMAKER TH80 Pro @ HID: /dev/hidraw8
