    OpenRGB v0.9
    Commit:  from 
    Launched: 20241225_144757
====================================================================================================

6     |Info:    Found file: Default.orp attempting to validate header
9     |Info:    Valid v4 profile found for Default
1030  |Info:    ------------------------------------------------------
1030  |Info:    |               Start device detection               |
1030  |Info:    ------------------------------------------------------
1031  |Info:    Initializing HID interfaces: Success
1041  |Info:    ------------------------------------------------------
1041  |Info:    |             Detecting I2C interfaces               |
1041  |Info:    ------------------------------------------------------
1041  |Info:    Registering I2C interface: /dev/i2c-3 Device 10DE:2504 Subsystem: 10DE:2504
1041  |Info:    Registering I2C interface: /dev/i2c-1 Device 10DE:2504 Subsystem: 10DE:2504
1041  |Info:    Registering I2C interface: /dev/i2c-6 Device 1022:790B Subsystem: 1043:87C0
1041  |Info:    Registering I2C interface: /dev/i2c-4 Device 10DE:2504 Subsystem: 10DE:2504
1041  |Info:    Registering I2C interface: /dev/i2c-2 Device 10DE:2504 Subsystem: 10DE:2504
1042  |Info:    Registering I2C interface: /dev/i2c-0 Device 10DE:2504 Subsystem: 10DE:2504
1042  |Info:    Registering I2C interface: /dev/i2c-7 Device 1022:790B Subsystem: 1043:87C0
1042  |Info:    Registering I2C interface: /dev/i2c-5 Device 1022:790B Subsystem: 1043:87C0
1042  |Info:    ------------------------------------------------------
1042  |Info:    |               Detecting I2C devices                |
1042  |Info:    ------------------------------------------------------
1447  |Info:    [Corsair Vengeance Pro RGB] Registering RGB controller
1459  |Info:    [Corsair Vengeance Pro RGB] Registering RGB controller
2080  |Info:    ------------------------------------------------------
2080  |Info:    |               Detecting I2C PCI devices            |
2080  |Info:    ------------------------------------------------------
2080  |Info:    ------------------------------------------------------
2080  |Info:    |               Detecting HID devices                |
2080  |Info:    ------------------------------------------------------
2637  |Info:    [G Pro Wireless Gaming Mouse] Registering RGB controller
2638  |Info:    [Anne Pro 2] Registering RGB controller
2638  |Info:    ------------------------------------------------------
2638  |Info:    |            Detecting libusb HID devices            |
2638  |Info:    ------------------------------------------------------
2757  |Info:    ------------------------------------------------------
2757  |Info:    |              Detecting other devices               |
2757  |Info:    ------------------------------------------------------
2770  |Info:    ------------------------------------------------------
2770  |Info:    |                Detection completed                 |
2770  |Info:    ------------------------------------------------------
2771  |Info:    Profile loading: Succeeded for Corsair Vengeance Pro RGB @ I2C: /dev/i2c-5, address 0x58
2771  |Info:    Profile loading: Succeeded for Corsair Vengeance Pro RGB @ I2C: /dev/i2c-5, address 0x59
2771  |Info:    Profile loading: Succeeded for G Pro Wireless Gaming Mouse @ HID: /dev/hidraw11 (Receiver) 
Wireless Index: 255
2771  |Info:    Profile loading: Succeeded for Anne Pro 2 @ HID: /dev/hidraw8
38129 |Info:    Closing server connection: 127.0.0.1
67684 |Info:    Closing server connection: 127.0.0.1
142700|Info:    Closing server connection: 127.0.0.1
