    OpenRGB v0.9
    Commit:  from 
    Launched: 20250111_212053
====================================================================================================

1     |Info:    Found file: Default.orp attempting to validate header
2     |Info:    Valid v4 profile found for Default
1013  |Info:    ------------------------------------------------------
1013  |Info:    |               Start device detection               |
1013  |Info:    ------------------------------------------------------
1014  |Info:    Initializing HID interfaces: Success
1023  |Info:    ------------------------------------------------------
1023  |Info:    |             Detecting I2C interfaces               |
1023  |Info:    ------------------------------------------------------
1023  |Info:    Registering I2C interface: /dev/i2c-3 Device 10DE:2504 Subsystem: 10DE:2504
1023  |Info:    Registering I2C interface: /dev/i2c-1 Device 10DE:2504 Subsystem: 10DE:2504
1023  |Info:    Registering I2C interface: /dev/i2c-6 Device 1022:790B Subsystem: 1043:87C0
1023  |Info:    Registering I2C interface: /dev/i2c-4 Device 10DE:2504 Subsystem: 10DE:2504
1023  |Info:    Registering I2C interface: /dev/i2c-2 Device 10DE:2504 Subsystem: 10DE:2504
1023  |Info:    Registering I2C interface: /dev/i2c-0 Device 10DE:2504 Subsystem: 10DE:2504
1023  |Info:    Registering I2C interface: /dev/i2c-7 Device 1022:790B Subsystem: 1043:87C0
1023  |Info:    Registering I2C interface: /dev/i2c-5 Device 1022:790B Subsystem: 1043:87C0
1023  |Info:    ------------------------------------------------------
1023  |Info:    |               Detecting I2C devices                |
1023  |Info:    ------------------------------------------------------
1426  |Info:    [Corsair Vengeance Pro RGB] Registering RGB controller
1438  |Info:    [Corsair Vengeance Pro RGB] Registering RGB controller
2057  |Info:    ------------------------------------------------------
2057  |Info:    |               Detecting I2C PCI devices            |
2057  |Info:    ------------------------------------------------------
2058  |Info:    ------------------------------------------------------
2058  |Info:    |               Detecting HID devices                |
2058  |Info:    ------------------------------------------------------
3559  |Info:    [G Pro Wireless Gaming Mouse] Registering RGB controller
3560  |Info:    [Anne Pro 2] Registering RGB controller
3560  |Info:    ------------------------------------------------------
3560  |Info:    |            Detecting libusb HID devices            |
3560  |Info:    ------------------------------------------------------
3681  |Info:    ------------------------------------------------------
3681  |Info:    |              Detecting other devices               |
3681  |Info:    ------------------------------------------------------
3690  |Info:    ------------------------------------------------------
3690  |Info:    |                Detection completed                 |
3690  |Info:    ------------------------------------------------------
3691  |Info:    Profile loading: Succeeded for Corsair Vengeance Pro RGB @ I2C: /dev/i2c-5, address 0x58
3691  |Info:    Profile loading: Succeeded for Corsair Vengeance Pro RGB @ I2C: /dev/i2c-5, address 0x59
3691  |Info:    Profile loading: Succeeded for G Pro Wireless Gaming Mouse @ HID: /dev/hidraw11 (Receiver) 
Wireless Index: 255
3691  |Info:    Profile loading: Succeeded for Anne Pro 2 @ HID: /dev/hidraw8
