    OpenRGB v0.9
    Commit:  from 
    Launched: 20241202_191958
====================================================================================================

0     |Info:    Found file: Default.orp attempting to validate header
0     |Info:    Valid v4 profile found for Default
1002  |Info:    ------------------------------------------------------
1002  |Info:    |               Start device detection               |
1002  |Info:    ------------------------------------------------------
1002  |Info:    Initializing HID interfaces: Success
1009  |Info:    ------------------------------------------------------
1009  |Info:    |             Detecting I2C interfaces               |
1009  |Info:    ------------------------------------------------------
1009  |Info:    Registering I2C interface: /dev/i2c-3 Device 10DE:2504 Subsystem: 10DE:2504
1009  |Info:    Registering I2C interface: /dev/i2c-1 Device 10DE:2504 Subsystem: 10DE:2504
1009  |Info:    Registering I2C interface: /dev/i2c-6 Device 1022:790B Subsystem: 1043:87C0
1009  |Info:    Registering I2C interface: /dev/i2c-4 Device 10DE:2504 Subsystem: 10DE:2504
1009  |Info:    Registering I2C interface: /dev/i2c-2 Device 10DE:2504 Subsystem: 10DE:2504
1010  |Info:    Registering I2C interface: /dev/i2c-0 Device 10DE:2504 Subsystem: 10DE:2504
1010  |Info:    Registering I2C interface: /dev/i2c-7 Device 1022:790B Subsystem: 1043:87C0
1010  |Info:    Registering I2C interface: /dev/i2c-5 Device 1022:790B Subsystem: 1043:87C0
1010  |Info:    ------------------------------------------------------
1010  |Info:    |               Detecting I2C devices                |
1010  |Info:    ------------------------------------------------------
1416  |Info:    [Corsair Vengeance Pro RGB] Registering RGB controller
1428  |Info:    [Corsair Vengeance Pro RGB] Registering RGB controller
2046  |Info:    ------------------------------------------------------
2046  |Info:    |               Detecting I2C PCI devices            |
2046  |Info:    ------------------------------------------------------
2046  |Info:    ------------------------------------------------------
2046  |Info:    |               Detecting HID devices                |
2046  |Info:    ------------------------------------------------------
6795  |Info:    [G Pro Wireless Gaming Mouse] Registering RGB controller
6795  |Info:    [Anne Pro 2] Registering RGB controller
6795  |Info:    ------------------------------------------------------
6795  |Info:    |            Detecting libusb HID devices            |
6795  |Info:    ------------------------------------------------------
6915  |Info:    ------------------------------------------------------
6915  |Info:    |              Detecting other devices               |
6915  |Info:    ------------------------------------------------------
6923  |Info:    ------------------------------------------------------
6923  |Info:    |                Detection completed                 |
6923  |Info:    ------------------------------------------------------
6924  |Info:    Profile loading: Succeeded for Corsair Vengeance Pro RGB @ I2C: /dev/i2c-5, address 0x58
6924  |Info:    Profile loading: Succeeded for Corsair Vengeance Pro RGB @ I2C: /dev/i2c-5, address 0x59
6924  |Info:    Profile loading: Succeeded for G Pro Wireless Gaming Mouse @ HID: /dev/hidraw8 (Receiver) 
Wireless Index: 255
6924  |Info:    Profile loading: Succeeded for Anne Pro 2 @ HID: /dev/hidraw5
