    OpenRGB v0.9
    Commit:  from 
    Launched: 20250122_135845
====================================================================================================

1     |Info:    Found file: Default.orp attempting to validate header
2     |Info:    Valid v4 profile found for Default
1015  |Info:    ------------------------------------------------------
1015  |Info:    |               Start device detection               |
1015  |Info:    ------------------------------------------------------
1015  |Info:    Initializing HID interfaces: Success
1027  |Info:    ------------------------------------------------------
1027  |Info:    |             Detecting I2C interfaces               |
1027  |Info:    ------------------------------------------------------
1027  |Info:    Registering I2C interface: /dev/i2c-3 Device 10DE:2504 Subsystem: 10DE:2504
1027  |Info:    Registering I2C interface: /dev/i2c-1 Device 10DE:2504 Subsystem: 10DE:2504
1027  |Info:    Registering I2C interface: /dev/i2c-6 Device 1022:790B Subsystem: 1043:87C0
1027  |Info:    Registering I2C interface: /dev/i2c-4 Device 10DE:2504 Subsystem: 10DE:2504
1027  |Info:    Registering I2C interface: /dev/i2c-2 Device 10DE:2504 Subsystem: 10DE:2504
1028  |Info:    Registering I2C interface: /dev/i2c-0 Device 10DE:2504 Subsystem: 10DE:2504
1028  |Info:    Registering I2C interface: /dev/i2c-7 Device 1022:790B Subsystem: 1043:87C0
1028  |Info:    Registering I2C interface: /dev/i2c-5 Device 1022:790B Subsystem: 1043:87C0
1028  |Info:    ------------------------------------------------------
1028  |Info:    |               Detecting I2C devices                |
1028  |Info:    ------------------------------------------------------
1430  |Info:    [Corsair Vengeance Pro RGB] Registering RGB controller
1442  |Info:    [Corsair Vengeance Pro RGB] Registering RGB controller
2062  |Info:    ------------------------------------------------------
2062  |Info:    |               Detecting I2C PCI devices            |
2062  |Info:    ------------------------------------------------------
2062  |Info:    ------------------------------------------------------
2062  |Info:    |               Detecting HID devices                |
2062  |Info:    ------------------------------------------------------
2418  |Info:    Unable add this Logitech device: Not Connected
4642  |Info:    [G Pro Wireless Gaming Mouse] Registering RGB controller
4643  |Info:    [Anne Pro 2] Registering RGB controller
4643  |Info:    ------------------------------------------------------
4643  |Info:    |            Detecting libusb HID devices            |
4643  |Info:    ------------------------------------------------------
4765  |Info:    ------------------------------------------------------
4765  |Info:    |              Detecting other devices               |
4765  |Info:    ------------------------------------------------------
4775  |Info:    ------------------------------------------------------
4775  |Info:    |                Detection completed                 |
4775  |Info:    ------------------------------------------------------
4775  |Info:    Profile loading: Succeeded for Corsair Vengeance Pro RGB @ I2C: /dev/i2c-5, address 0x58
4775  |Info:    Profile loading: Succeeded for Corsair Vengeance Pro RGB @ I2C: /dev/i2c-5, address 0x59
4775  |Info:    Profile loading: Succeeded for G Pro Wireless Gaming Mouse @ HID: /dev/hidraw13 (Receiver) 
Wireless Index: 255
4775  |Info:    Profile loading: Succeeded for Anne Pro 2 @ HID: /dev/hidraw10
