    OpenRGB v0.9
    Commit:  from 
    Launched: 20241202_170426
====================================================================================================

0     |Info:    Found file: Default.orp attempting to validate header
0     |Info:    Valid v4 profile found for Default
1002  |Info:    ------------------------------------------------------
1002  |Info:    |               Start device detection               |
1002  |Info:    ------------------------------------------------------
1002  |Info:    Initializing HID interfaces: Success
1008  |Info:    ------------------------------------------------------
1008  |Info:    |             Detecting I2C interfaces               |
1008  |Info:    ------------------------------------------------------
1008  |Info:    Registering I2C interface: /dev/i2c-3 Device 10DE:2504 Subsystem: 10DE:2504
1008  |Info:    Registering I2C interface: /dev/i2c-1 Device 10DE:2504 Subsystem: 10DE:2504
1009  |Info:    Registering I2C interface: /dev/i2c-6 Device 1022:790B Subsystem: 1043:87C0
1009  |Info:    Registering I2C interface: /dev/i2c-4 Device 10DE:2504 Subsystem: 10DE:2504
1009  |Info:    Registering I2C interface: /dev/i2c-2 Device 10DE:2504 Subsystem: 10DE:2504
1009  |Info:    Registering I2C interface: /dev/i2c-0 Device 10DE:2504 Subsystem: 10DE:2504
1009  |Info:    Registering I2C interface: /dev/i2c-7 Device 1022:790B Subsystem: 1043:87C0
1009  |Info:    Registering I2C interface: /dev/i2c-5 Device 1022:790B Subsystem: 1043:87C0
1009  |Info:    ------------------------------------------------------
1009  |Info:    |               Detecting I2C devices                |
1009  |Info:    ------------------------------------------------------
1413  |Info:    [Corsair Vengeance Pro RGB] Registering RGB controller
1425  |Info:    [Corsair Vengeance Pro RGB] Registering RGB controller
2048  |Info:    ------------------------------------------------------
2048  |Info:    |               Detecting I2C PCI devices            |
2048  |Info:    ------------------------------------------------------
2048  |Info:    ------------------------------------------------------
2048  |Info:    |               Detecting HID devices                |
2048  |Info:    ------------------------------------------------------
3504  |Warning: [G Pro Wireless Gaming Mouse] Effect at index - 00 not added: Value 0204 unrecognised
3505  |Info:    [G Pro Wireless Gaming Mouse] Registering RGB controller
3505  |Info:    [Anne Pro 2] Registering RGB controller
3505  |Info:    ------------------------------------------------------
3505  |Info:    |            Detecting libusb HID devices            |
3505  |Info:    ------------------------------------------------------
3626  |Info:    ------------------------------------------------------
3626  |Info:    |              Detecting other devices               |
3626  |Info:    ------------------------------------------------------
3633  |Info:    ------------------------------------------------------
3633  |Info:    |                Detection completed                 |
3633  |Info:    ------------------------------------------------------
3633  |Info:    Profile loading: Succeeded for Corsair Vengeance Pro RGB @ I2C: /dev/i2c-5, address 0x58
3633  |Info:    Profile loading: Succeeded for Corsair Vengeance Pro RGB @ I2C: /dev/i2c-5, address 0x59
3633  |Info:    Profile loading: Succeeded for G Pro Wireless Gaming Mouse @ HID: /dev/hidraw8 (Receiver) 
Wireless Index: 255
3633  |Info:    Profile loading: Succeeded for Anne Pro 2 @ HID: /dev/hidraw5
