    OpenRGB v0.9
    Commit:  from 
    Launched: 20250126_202040
====================================================================================================

2     |Info:    Found file: Default.orp attempting to validate header
2     |Info:    Valid v4 profile found for Default
1016  |Info:    ------------------------------------------------------
1016  |Info:    |               Start device detection               |
1016  |Info:    ------------------------------------------------------
1017  |Info:    Initializing HID interfaces: Success
1028  |Info:    ------------------------------------------------------
1028  |Info:    |             Detecting I2C interfaces               |
1028  |Info:    ------------------------------------------------------
1028  |Info:    Registering I2C interface: /dev/i2c-3 Device 10DE:2504 Subsystem: 10DE:2504
1028  |Info:    Registering I2C interface: /dev/i2c-1 Device 10DE:2504 Subsystem: 10DE:2504
1028  |Info:    Registering I2C interface: /dev/i2c-6 Device 1022:790B Subsystem: 1043:87C0
1028  |Info:    Registering I2C interface: /dev/i2c-4 Device 10DE:2504 Subsystem: 10DE:2504
1028  |Info:    Registering I2C interface: /dev/i2c-2 Device 10DE:2504 Subsystem: 10DE:2504
1028  |Info:    Registering I2C interface: /dev/i2c-0 Device 10DE:2504 Subsystem: 10DE:2504
1028  |Info:    Registering I2C interface: /dev/i2c-7 Device 1022:790B Subsystem: 1043:87C0
1028  |Info:    Registering I2C interface: /dev/i2c-5 Device 1022:790B Subsystem: 1043:87C0
1028  |Info:    ------------------------------------------------------
1028  |Info:    |               Detecting I2C devices                |
1028  |Info:    ------------------------------------------------------
1433  |Info:    [Corsair Vengeance Pro RGB] Registering RGB controller
1445  |Info:    [Corsair Vengeance Pro RGB] Registering RGB controller
2064  |Info:    ------------------------------------------------------
2064  |Info:    |               Detecting I2C PCI devices            |
2064  |Info:    ------------------------------------------------------
2064  |Info:    ------------------------------------------------------
2064  |Info:    |               Detecting HID devices                |
2064  |Info:    ------------------------------------------------------
2419  |Info:    Unable add this Logitech device: Not Connected
2773  |Info:    Unable add this Logitech device: Not Connected
3127  |Info:    Unable add this Logitech device: Not Connected
8282  |Info:    [G Pro Wireless Gaming Mouse] Registering RGB controller
8353  |Info:    [SteelSeries Apex Pro TKL] Registering RGB controller
8353  |Info:    ------------------------------------------------------
8353  |Info:    |            Detecting libusb HID devices            |
8353  |Info:    ------------------------------------------------------
8489  |Info:    ------------------------------------------------------
8489  |Info:    |              Detecting other devices               |
8489  |Info:    ------------------------------------------------------
8498  |Info:    ------------------------------------------------------
8498  |Info:    |                Detection completed                 |
8498  |Info:    ------------------------------------------------------
8499  |Info:    Profile loading: Succeeded for Corsair Vengeance Pro RGB @ I2C: /dev/i2c-5, address 0x58
8499  |Info:    Profile loading: Succeeded for Corsair Vengeance Pro RGB @ I2C: /dev/i2c-5, address 0x59
8499  |Info:    Profile loading: Succeeded for G Pro Wireless Gaming Mouse @ HID: /dev/hidraw12 (Receiver) 
Wireless Index: 255
8499  |Info:    Profile loading: FAILED! for SteelSeries Apex Pro TKL @ HID: /dev/hidraw5
