    OpenRGB v0.9
    Commit:  from 
    Launched: 20250107_100215
====================================================================================================

1     |Info:    Found file: Default.orp attempting to validate header
1     |Info:    Valid v4 profile found for Default
1021  |Info:    ------------------------------------------------------
1022  |Info:    |               Start device detection               |
1022  |Info:    ------------------------------------------------------
1022  |Info:    Initializing HID interfaces: Success
1031  |Info:    ------------------------------------------------------
1031  |Info:    |             Detecting I2C interfaces               |
1031  |Info:    ------------------------------------------------------
1031  |Info:    Registering I2C interface: /dev/i2c-3 Device 10DE:2504 Subsystem: 10DE:2504
1031  |Info:    Registering I2C interface: /dev/i2c-1 Device 10DE:2504 Subsystem: 10DE:2504
1031  |Info:    Registering I2C interface: /dev/i2c-6 Device 1022:790B Subsystem: 1043:87C0
1031  |Info:    Registering I2C interface: /dev/i2c-4 Device 10DE:2504 Subsystem: 10DE:2504
1031  |Info:    Registering I2C interface: /dev/i2c-2 Device 10DE:2504 Subsystem: 10DE:2504
1031  |Info:    Registering I2C interface: /dev/i2c-0 Device 10DE:2504 Subsystem: 10DE:2504
1031  |Info:    Registering I2C interface: /dev/i2c-7 Device 1022:790B Subsystem: 1043:87C0
1032  |Info:    Registering I2C interface: /dev/i2c-5 Device 1022:790B Subsystem: 1043:87C0
1032  |Info:    ------------------------------------------------------
1032  |Info:    |               Detecting I2C devices                |
1032  |Info:    ------------------------------------------------------
1435  |Info:    [Corsair Vengeance Pro RGB] Registering RGB controller
1447  |Info:    [Corsair Vengeance Pro RGB] Registering RGB controller
2066  |Info:    ------------------------------------------------------
2066  |Info:    |               Detecting I2C PCI devices            |
2066  |Info:    ------------------------------------------------------
2067  |Info:    ------------------------------------------------------
2067  |Info:    |               Detecting HID devices                |
2067  |Info:    ------------------------------------------------------
2421  |Info:    Unable add this Logitech device: Not Connected
2775  |Info:    Unable add this Logitech device: Not Connected
3130  |Info:    Unable add this Logitech device: Not Connected
3484  |Info:    Unable add this Logitech device: Not Connected
3838  |Info:    Unable add this Logitech device: Not Connected
4192  |Info:    Unable add this Logitech device: Not Connected
4546  |Info:    Unable add this Logitech device: Not Connected
4900  |Info:    Unable add this Logitech device: Not Connected
5254  |Info:    Unable add this Logitech device: Not Connected
5973  |Info:    [Anne Pro 2] Registering RGB controller
5973  |Info:    ------------------------------------------------------
5973  |Info:    |            Detecting libusb HID devices            |
5973  |Info:    ------------------------------------------------------
6096  |Info:    ------------------------------------------------------
6096  |Info:    |              Detecting other devices               |
6096  |Info:    ------------------------------------------------------
6105  |Info:    ------------------------------------------------------
6105  |Info:    |                Detection completed                 |
6105  |Info:    ------------------------------------------------------
6106  |Info:    Profile loading: Succeeded for Corsair Vengeance Pro RGB @ I2C: /dev/i2c-5, address 0x58
6106  |Info:    Profile loading: Succeeded for Corsair Vengeance Pro RGB @ I2C: /dev/i2c-5, address 0x59
6106  |Info:    Profile loading: Succeeded for Anne Pro 2 @ HID: /dev/hidraw8
