    OpenRGB v0.9
    Commit:  from 
    Launched: 20241231_211950
====================================================================================================

1     |Info:    Found file: Default.orp attempting to validate header
2     |Info:    Valid v4 profile found for Default
1021  |Info:    ------------------------------------------------------
1021  |Info:    |               Start device detection               |
1021  |Info:    ------------------------------------------------------
1022  |Info:    Initializing HID interfaces: Success
1030  |Info:    ------------------------------------------------------
1030  |Info:    |             Detecting I2C interfaces               |
1030  |Info:    ------------------------------------------------------
1031  |Info:    Registering I2C interface: /dev/i2c-3 Device 10DE:2504 Subsystem: 10DE:2504
1031  |Info:    Registering I2C interface: /dev/i2c-1 Device 10DE:2504 Subsystem: 10DE:2504
1031  |Info:    Registering I2C interface: /dev/i2c-6 Device 1022:790B Subsystem: 1043:87C0
1031  |Info:    Registering I2C interface: /dev/i2c-4 Device 10DE:2504 Subsystem: 10DE:2504
1031  |Info:    Registering I2C interface: /dev/i2c-2 Device 10DE:2504 Subsystem: 10DE:2504
1031  |Info:    Registering I2C interface: /dev/i2c-0 Device 10DE:2504 Subsystem: 10DE:2504
1031  |Info:    Registering I2C interface: /dev/i2c-7 Device 1022:790B Subsystem: 1043:87C0
1031  |Info:    Registering I2C interface: /dev/i2c-5 Device 1022:790B Subsystem: 1043:87C0
1031  |Info:    ------------------------------------------------------
1031  |Info:    |               Detecting I2C devices                |
1031  |Info:    ------------------------------------------------------
1436  |Info:    [Corsair Vengeance Pro RGB] Registering RGB controller
1448  |Info:    [Corsair Vengeance Pro RGB] Registering RGB controller
2068  |Info:    ------------------------------------------------------
2068  |Info:    |               Detecting I2C PCI devices            |
2068  |Info:    ------------------------------------------------------
2068  |Info:    ------------------------------------------------------
2068  |Info:    |               Detecting HID devices                |
2068  |Info:    ------------------------------------------------------
2423  |Info:    Unable add this Logitech device: Not Connected
2777  |Info:    Unable add this Logitech device: Not Connected
3131  |Info:    Unable add this Logitech device: Not Connected
3485  |Info:    Unable add this Logitech device: Not Connected
3839  |Info:    Unable add this Logitech device: Not Connected
4193  |Info:    Unable add this Logitech device: Not Connected
4547  |Info:    Unable add this Logitech device: Not Connected
4901  |Info:    Unable add this Logitech device: Not Connected
5255  |Info:    Unable add this Logitech device: Not Connected
8834  |Info:    [Anne Pro 2] Registering RGB controller
8834  |Info:    ------------------------------------------------------
8834  |Info:    |            Detecting libusb HID devices            |
8834  |Info:    ------------------------------------------------------
8956  |Info:    ------------------------------------------------------
8956  |Info:    |              Detecting other devices               |
8956  |Info:    ------------------------------------------------------
8967  |Info:    ------------------------------------------------------
8967  |Info:    |                Detection completed                 |
8967  |Info:    ------------------------------------------------------
8967  |Info:    Profile loading: Succeeded for Corsair Vengeance Pro RGB @ I2C: /dev/i2c-5, address 0x58
8967  |Info:    Profile loading: Succeeded for Corsair Vengeance Pro RGB @ I2C: /dev/i2c-5, address 0x59
8967  |Info:    Profile loading: Succeeded for Anne Pro 2 @ HID: /dev/hidraw8
