    OpenRGB v0.9
    Commit:  from 
    Launched: 20250112_194711
====================================================================================================

1     |Info:    Found file: Default.orp attempting to validate header
1     |Info:    Valid v4 profile found for Default
1014  |Info:    ------------------------------------------------------
1014  |Info:    |               Start device detection               |
1014  |Info:    ------------------------------------------------------
1014  |Info:    Initializing HID interfaces: Success
1025  |Info:    ------------------------------------------------------
1025  |Info:    |             Detecting I2C interfaces               |
1025  |Info:    ------------------------------------------------------
1025  |Info:    Registering I2C interface: /dev/i2c-3 Device 10DE:2504 Subsystem: 10DE:2504
1025  |Info:    Registering I2C interface: /dev/i2c-1 Device 10DE:2504 Subsystem: 10DE:2504
1025  |Info:    Registering I2C interface: /dev/i2c-6 Device 1022:790B Subsystem: 1043:87C0
1025  |Info:    Registering I2C interface: /dev/i2c-4 Device 10DE:2504 Subsystem: 10DE:2504
1025  |Info:    Registering I2C interface: /dev/i2c-2 Device 10DE:2504 Subsystem: 10DE:2504
1025  |Info:    Registering I2C interface: /dev/i2c-0 Device 10DE:2504 Subsystem: 10DE:2504
1025  |Info:    Registering I2C interface: /dev/i2c-7 Device 1022:790B Subsystem: 1043:87C0
1026  |Info:    Registering I2C interface: /dev/i2c-5 Device 1022:790B Subsystem: 1043:87C0
1026  |Info:    ------------------------------------------------------
1026  |Info:    |               Detecting I2C devices                |
1026  |Info:    ------------------------------------------------------
1428  |Info:    [Corsair Vengeance Pro RGB] Registering RGB controller
1440  |Info:    [Corsair Vengeance Pro RGB] Registering RGB controller
2061  |Info:    ------------------------------------------------------
2061  |Info:    |               Detecting I2C PCI devices            |
2061  |Info:    ------------------------------------------------------
2061  |Info:    ------------------------------------------------------
2061  |Info:    |               Detecting HID devices                |
2061  |Info:    ------------------------------------------------------
2416  |Info:    Unable add this Logitech device: Not Connected
2770  |Info:    Unable add this Logitech device: Not Connected
3124  |Info:    Unable add this Logitech device: Not Connected
3478  |Info:    Unable add this Logitech device: Not Connected
3832  |Info:    Unable add this Logitech device: Not Connected
4186  |Info:    Unable add this Logitech device: Not Connected
10140 |Info:    [G Pro Wireless Gaming Mouse] Registering RGB controller
10141 |Info:    [Anne Pro 2] Registering RGB controller
10141 |Info:    ------------------------------------------------------
10141 |Info:    |            Detecting libusb HID devices            |
10141 |Info:    ------------------------------------------------------
10263 |Info:    ------------------------------------------------------
10263 |Info:    |              Detecting other devices               |
10263 |Info:    ------------------------------------------------------
10273 |Info:    ------------------------------------------------------
10273 |Info:    |                Detection completed                 |
10273 |Info:    ------------------------------------------------------
10273 |Info:    Profile loading: Succeeded for Corsair Vengeance Pro RGB @ I2C: /dev/i2c-5, address 0x58
10273 |Info:    Profile loading: Succeeded for Corsair Vengeance Pro RGB @ I2C: /dev/i2c-5, address 0x59
10273 |Info:    Profile loading: Succeeded for G Pro Wireless Gaming Mouse @ HID: /dev/hidraw11 (Receiver) 
Wireless Index: 255
10273 |Info:    Profile loading: Succeeded for Anne Pro 2 @ HID: /dev/hidraw8
