    OpenRGB v0.9
    Commit:  from 
    Launched: 20241227_134654
====================================================================================================

5     |Info:    Found file: Default.orp attempting to validate header
5     |Info:    Valid v4 profile found for Default
1035  |Info:    ------------------------------------------------------
1035  |Info:    |               Start device detection               |
1035  |Info:    ------------------------------------------------------
1036  |Info:    Initializing HID interfaces: Success
1044  |Info:    ------------------------------------------------------
1044  |Info:    |             Detecting I2C interfaces               |
1044  |Info:    ------------------------------------------------------
1044  |Info:    Registering I2C interface: /dev/i2c-3 Device 10DE:2504 Subsystem: 10DE:2504
1044  |Info:    Registering I2C interface: /dev/i2c-1 Device 10DE:2504 Subsystem: 10DE:2504
1044  |Info:    Registering I2C interface: /dev/i2c-6 Device 1022:790B Subsystem: 1043:87C0
1044  |Info:    Registering I2C interface: /dev/i2c-4 Device 10DE:2504 Subsystem: 10DE:2504
1044  |Info:    Registering I2C interface: /dev/i2c-2 Device 10DE:2504 Subsystem: 10DE:2504
1045  |Info:    Registering I2C interface: /dev/i2c-0 Device 10DE:2504 Subsystem: 10DE:2504
1045  |Info:    Registering I2C interface: /dev/i2c-7 Device 1022:790B Subsystem: 1043:87C0
1045  |Info:    Registering I2C interface: /dev/i2c-5 Device 1022:790B Subsystem: 1043:87C0
1045  |Info:    ------------------------------------------------------
1045  |Info:    |               Detecting I2C devices                |
1045  |Info:    ------------------------------------------------------
1446  |Info:    [Corsair Vengeance Pro RGB] Registering RGB controller
1457  |Info:    [Corsair Vengeance Pro RGB] Registering RGB controller
2077  |Info:    ------------------------------------------------------
2077  |Info:    |               Detecting I2C PCI devices            |
2077  |Info:    ------------------------------------------------------
2078  |Info:    ------------------------------------------------------
2078  |Info:    |               Detecting HID devices                |
2078  |Info:    ------------------------------------------------------
2643  |Info:    [G Pro Wireless Gaming Mouse] Registering RGB controller
2644  |Info:    [ROYUAN EPOMAKER TH80 Pro] Registering RGB controller
2644  |Info:    ------------------------------------------------------
2644  |Info:    |            Detecting libusb HID devices            |
2644  |Info:    ------------------------------------------------------
2686  |Info:    ------------------------------------------------------
2686  |Info:    |              Detecting other devices               |
2686  |Info:    ------------------------------------------------------
2695  |Info:    ------------------------------------------------------
2695  |Info:    |                Detection completed                 |
2695  |Info:    ------------------------------------------------------
2695  |Info:    Profile loading: Succeeded for Corsair Vengeance Pro RGB @ I2C: /dev/i2c-5, address 0x58
2695  |Info:    Profile loading: Succeeded for Corsair Vengeance Pro RGB @ I2C: /dev/i2c-5, address 0x59
2695  |Info:    Profile loading: Succeeded for G Pro Wireless Gaming Mouse @ HID: /dev/hidraw10 (Receiver) 
Wireless Index: 255
2695  |Info:    Profile loading: FAILED! for ROYUAN EPOMAKER TH80 Pro @ HID: /dev/hidraw5
