    OpenRGB v0.9
    Commit:  from 
    Launched: 20250101_180020
====================================================================================================

1     |Info:    Found file: Default.orp attempting to validate header
1     |Info:    Valid v4 profile found for Default
1013  |Info:    ------------------------------------------------------
1013  |Info:    |               Start device detection               |
1013  |Info:    ------------------------------------------------------
1014  |Info:    Initializing HID interfaces: Success
1022  |Info:    ------------------------------------------------------
1022  |Info:    |             Detecting I2C interfaces               |
1022  |Info:    ------------------------------------------------------
1022  |Info:    Registering I2C interface: /dev/i2c-3 Device 10DE:2504 Subsystem: 10DE:2504
1022  |Info:    Registering I2C interface: /dev/i2c-1 Device 10DE:2504 Subsystem: 10DE:2504
1023  |Info:    Registering I2C interface: /dev/i2c-6 Device 1022:790B Subsystem: 1043:87C0
1023  |Info:    Registering I2C interface: /dev/i2c-4 Device 10DE:2504 Subsystem: 10DE:2504
1023  |Info:    Registering I2C interface: /dev/i2c-2 Device 10DE:2504 Subsystem: 10DE:2504
1023  |Info:    Registering I2C interface: /dev/i2c-0 Device 10DE:2504 Subsystem: 10DE:2504
1023  |Info:    Registering I2C interface: /dev/i2c-7 Device 1022:790B Subsystem: 1043:87C0
1023  |Info:    Registering I2C interface: /dev/i2c-5 Device 1022:790B Subsystem: 1043:87C0
1023  |Info:    ------------------------------------------------------
1023  |Info:    |               Detecting I2C devices                |
1023  |Info:    ------------------------------------------------------
1429  |Info:    [Corsair Vengeance Pro RGB] Registering RGB controller
1440  |Info:    [Corsair Vengeance Pro RGB] Registering RGB controller
2061  |Info:    ------------------------------------------------------
2061  |Info:    |               Detecting I2C PCI devices            |
2061  |Info:    ------------------------------------------------------
2061  |Info:    ------------------------------------------------------
2061  |Info:    |               Detecting HID devices                |
2061  |Info:    ------------------------------------------------------
2416  |Info:    Unable add this Logitech device: Not Connected
2770  |Info:    Unable add this Logitech device: Not Connected
3125  |Info:    Unable add this Logitech device: Not Connected
3479  |Info:    Unable add this Logitech device: Not Connected
3833  |Info:    Unable add this Logitech device: Not Connected
4187  |Info:    Unable add this Logitech device: Not Connected
4541  |Info:    Unable add this Logitech device: Not Connected
4895  |Info:    Unable add this Logitech device: Not Connected
5249  |Info:    Unable add this Logitech device: Not Connected
5603  |Info:    Unable add this Logitech device: Not Connected
5604  |Info:    [ROYUAN EPOMAKER TH80 Pro] Registering RGB controller
5604  |Info:    ------------------------------------------------------
5604  |Info:    |            Detecting libusb HID devices            |
5604  |Info:    ------------------------------------------------------
5650  |Info:    ------------------------------------------------------
5650  |Info:    |              Detecting other devices               |
5650  |Info:    ------------------------------------------------------
5660  |Info:    ------------------------------------------------------
5660  |Info:    |                Detection completed                 |
5660  |Info:    ------------------------------------------------------
5660  |Info:    Profile loading: Succeeded for Corsair Vengeance Pro RGB @ I2C: /dev/i2c-5, address 0x58
5660  |Info:    Profile loading: Succeeded for Corsair Vengeance Pro RGB @ I2C: /dev/i2c-5, address 0x59
5660  |Info:    Profile loading: FAILED! for ROYUAN EPOMAKER TH80 Pro @ HID: /dev/hidraw5
