    OpenRGB v0.9
    Commit:  from 
    Launched: 20241221_230814
====================================================================================================

7     |Info:    Found file: Default.orp attempting to validate header
8     |Info:    Valid v4 profile found for Default
1033  |Info:    ------------------------------------------------------
1033  |Info:    |               Start device detection               |
1033  |Info:    ------------------------------------------------------
1034  |Info:    Initializing HID interfaces: Success
1039  |Info:    ------------------------------------------------------
1039  |Info:    |             Detecting I2C interfaces               |
1039  |Info:    ------------------------------------------------------
1040  |Info:    Registering I2C interface: /dev/i2c-3 Device 10DE:2504 Subsystem: 10DE:2504
1040  |Info:    Registering I2C interface: /dev/i2c-1 Device 10DE:2504 Subsystem: 10DE:2504
1040  |Info:    Registering I2C interface: /dev/i2c-6 Device 1022:790B Subsystem: 1043:87C0
1040  |Info:    Registering I2C interface: /dev/i2c-4 Device 10DE:2504 Subsystem: 10DE:2504
1040  |Info:    Registering I2C interface: /dev/i2c-2 Device 10DE:2504 Subsystem: 10DE:2504
1040  |Info:    Registering I2C interface: /dev/i2c-0 Device 10DE:2504 Subsystem: 10DE:2504
1040  |Info:    Registering I2C interface: /dev/i2c-7 Device 1022:790B Subsystem: 1043:87C0
1040  |Info:    Registering I2C interface: /dev/i2c-5 Device 1022:790B Subsystem: 1043:87C0
1040  |Info:    ------------------------------------------------------
1040  |Info:    |               Detecting I2C devices                |
1040  |Info:    ------------------------------------------------------
1442  |Info:    [Corsair Vengeance Pro RGB] Registering RGB controller
1454  |Info:    [Corsair Vengeance Pro RGB] Registering RGB controller
2073  |Info:    ------------------------------------------------------
2073  |Info:    |               Detecting I2C PCI devices            |
2073  |Info:    ------------------------------------------------------
2074  |Info:    ------------------------------------------------------
2074  |Info:    |               Detecting HID devices                |
2074  |Info:    ------------------------------------------------------
3350  |Info:    [G Pro Wireless Gaming Mouse] Registering RGB controller
3350  |Info:    ------------------------------------------------------
3350  |Info:    |            Detecting libusb HID devices            |
3350  |Info:    ------------------------------------------------------
3392  |Info:    ------------------------------------------------------
3392  |Info:    |              Detecting other devices               |
3392  |Info:    ------------------------------------------------------
3401  |Info:    ------------------------------------------------------
3401  |Info:    |                Detection completed                 |
3401  |Info:    ------------------------------------------------------
3402  |Info:    Profile loading: Succeeded for Corsair Vengeance Pro RGB @ I2C: /dev/i2c-5, address 0x58
3402  |Info:    Profile loading: Succeeded for Corsair Vengeance Pro RGB @ I2C: /dev/i2c-5, address 0x59
3402  |Info:    Profile loading: Succeeded for G Pro Wireless Gaming Mouse @ HID: /dev/hidraw7 (Receiver) 
Wireless Index: 255
