    OpenRGB v0.9
    Commit:  from 
    Launched: 20241208_143430
====================================================================================================

1     |Info:    Found file: Default.orp attempting to validate header
1     |Info:    Valid v4 profile found for Default
1014  |Info:    ------------------------------------------------------
1014  |Info:    |               Start device detection               |
1014  |Info:    ------------------------------------------------------
1015  |Info:    Initializing HID interfaces: Success
1021  |Info:    ------------------------------------------------------
1021  |Info:    |             Detecting I2C interfaces               |
1021  |Info:    ------------------------------------------------------
1021  |Info:    Registering I2C interface: /dev/i2c-3 Device 10DE:2504 Subsystem: 10DE:2504
1021  |Info:    Registering I2C interface: /dev/i2c-1 Device 10DE:2504 Subsystem: 10DE:2504
1022  |Info:    Registering I2C interface: /dev/i2c-6 Device 1022:790B Subsystem: 1043:87C0
1022  |Info:    Registering I2C interface: /dev/i2c-4 Device 10DE:2504 Subsystem: 10DE:2504
1022  |Info:    Registering I2C interface: /dev/i2c-2 Device 10DE:2504 Subsystem: 10DE:2504
1022  |Info:    Registering I2C interface: /dev/i2c-0 Device 10DE:2504 Subsystem: 10DE:2504
1022  |Info:    Registering I2C interface: /dev/i2c-7 Device 1022:790B Subsystem: 1043:87C0
1022  |Info:    Registering I2C interface: /dev/i2c-5 Device 1022:790B Subsystem: 1043:87C0
1022  |Info:    ------------------------------------------------------
1022  |Info:    |               Detecting I2C devices                |
1022  |Info:    ------------------------------------------------------
1427  |Info:    [Corsair Vengeance Pro RGB] Registering RGB controller
1439  |Info:    [Corsair Vengeance Pro RGB] Registering RGB controller
2060  |Info:    ------------------------------------------------------
2060  |Info:    |               Detecting I2C PCI devices            |
2060  |Info:    ------------------------------------------------------
2061  |Info:    ------------------------------------------------------
2061  |Info:    |               Detecting HID devices                |
2061  |Info:    ------------------------------------------------------
2416  |Info:    Unable add this Logitech device: Not Connected
2770  |Info:    Unable add this Logitech device: Not Connected
3124  |Info:    Unable add this Logitech device: Not Connected
3478  |Info:    Unable add this Logitech device: Not Connected
3832  |Info:    Unable add this Logitech device: Not Connected
4186  |Info:    Unable add this Logitech device: Not Connected
4540  |Info:    Unable add this Logitech device: Not Connected
4894  |Info:    Unable add this Logitech device: Not Connected
5248  |Info:    Unable add this Logitech device: Not Connected
5602  |Info:    Unable add this Logitech device: Not Connected
5603  |Info:    [Anne Pro 2] Registering RGB controller
5603  |Info:    ------------------------------------------------------
5603  |Info:    |            Detecting libusb HID devices            |
5603  |Info:    ------------------------------------------------------
5722  |Info:    ------------------------------------------------------
5722  |Info:    |              Detecting other devices               |
5722  |Info:    ------------------------------------------------------
5731  |Info:    ------------------------------------------------------
5731  |Info:    |                Detection completed                 |
5731  |Info:    ------------------------------------------------------
5731  |Info:    Profile loading: Succeeded for Corsair Vengeance Pro RGB @ I2C: /dev/i2c-5, address 0x58
5731  |Info:    Profile loading: Succeeded for Corsair Vengeance Pro RGB @ I2C: /dev/i2c-5, address 0x59
5731  |Info:    Profile loading: Succeeded for Anne Pro 2 @ HID: /dev/hidraw5
