    OpenRGB v0.9
    Commit:  from 
    Launched: 20250122_193716
====================================================================================================

5     |Info:    Found file: Default.orp attempting to validate header
5     |Info:    Valid v4 profile found for Default
1021  |Info:    ------------------------------------------------------
1021  |Info:    |               Start device detection               |
1021  |Info:    ------------------------------------------------------
1021  |Info:    Initializing HID interfaces: Success
1030  |Info:    ------------------------------------------------------
1030  |Info:    |             Detecting I2C interfaces               |
1030  |Info:    ------------------------------------------------------
1030  |Info:    Registering I2C interface: /dev/i2c-3 Device 10DE:2504 Subsystem: 10DE:2504
1030  |Info:    Registering I2C interface: /dev/i2c-1 Device 10DE:2504 Subsystem: 10DE:2504
1030  |Info:    Registering I2C interface: /dev/i2c-6 Device 1022:790B Subsystem: 1043:87C0
1030  |Info:    Registering I2C interface: /dev/i2c-4 Device 10DE:2504 Subsystem: 10DE:2504
1030  |Info:    Registering I2C interface: /dev/i2c-2 Device 10DE:2504 Subsystem: 10DE:2504
1030  |Info:    Registering I2C interface: /dev/i2c-0 Device 10DE:2504 Subsystem: 10DE:2504
1030  |Info:    Registering I2C interface: /dev/i2c-7 Device 1022:790B Subsystem: 1043:87C0
1030  |Info:    Registering I2C interface: /dev/i2c-5 Device 1022:790B Subsystem: 1043:87C0
1030  |Info:    ------------------------------------------------------
1030  |Info:    |               Detecting I2C devices                |
1030  |Info:    ------------------------------------------------------
1435  |Info:    [Corsair Vengeance Pro RGB] Registering RGB controller
1447  |Info:    [Corsair Vengeance Pro RGB] Registering RGB controller
2068  |Info:    ------------------------------------------------------
2068  |Info:    |               Detecting I2C PCI devices            |
2068  |Info:    ------------------------------------------------------
2068  |Info:    ------------------------------------------------------
2068  |Info:    |               Detecting HID devices                |
2068  |Info:    ------------------------------------------------------
2424  |Info:    Unable add this Logitech device: Not Connected
2778  |Info:    Unable add this Logitech device: Not Connected
3132  |Info:    Unable add this Logitech device: Not Connected
3486  |Info:    Unable add this Logitech device: Not Connected
3840  |Info:    Unable add this Logitech device: Not Connected
4194  |Info:    Unable add this Logitech device: Not Connected
4548  |Info:    Unable add this Logitech device: Not Connected
4902  |Info:    Unable add this Logitech device: Not Connected
5256  |Info:    Unable add this Logitech device: Not Connected
5610  |Info:    Unable add this Logitech device: Not Connected
5611  |Info:    [ROYUAN EPOMAKER TH80 Pro] Registering RGB controller
5611  |Info:    ------------------------------------------------------
5611  |Info:    |            Detecting libusb HID devices            |
5611  |Info:    ------------------------------------------------------
5653  |Info:    ------------------------------------------------------
5653  |Info:    |              Detecting other devices               |
5653  |Info:    ------------------------------------------------------
5663  |Info:    ------------------------------------------------------
5663  |Info:    |                Detection completed                 |
5663  |Info:    ------------------------------------------------------
5663  |Info:    Profile loading: Succeeded for Corsair Vengeance Pro RGB @ I2C: /dev/i2c-5, address 0x58
5663  |Info:    Profile loading: Succeeded for Corsair Vengeance Pro RGB @ I2C: /dev/i2c-5, address 0x59
5663  |Info:    Profile loading: FAILED! for ROYUAN EPOMAKER TH80 Pro @ HID: /dev/hidraw5
