    OpenRGB v0.9
    Commit:  from 
    Launched: 20241218_195801
====================================================================================================

0     |Info:    Found file: Default.orp attempting to validate header
1     |Info:    Valid v4 profile found for Default
1012  |Info:    ------------------------------------------------------
1012  |Info:    |               Start device detection               |
1012  |Info:    ------------------------------------------------------
1013  |Info:    Initializing HID interfaces: Success
1021  |Info:    ------------------------------------------------------
1021  |Info:    |             Detecting I2C interfaces               |
1021  |Info:    ------------------------------------------------------
1021  |Info:    Registering I2C interface: /dev/i2c-3 Device 10DE:2504 Subsystem: 10DE:2504
1021  |Info:    Registering I2C interface: /dev/i2c-1 Device 10DE:2504 Subsystem: 10DE:2504
1021  |Info:    Registering I2C interface: /dev/i2c-6 Device 1022:790B Subsystem: 1043:87C0
1021  |Info:    Registering I2C interface: /dev/i2c-4 Device 10DE:2504 Subsystem: 10DE:2504
1022  |Info:    Registering I2C interface: /dev/i2c-2 Device 10DE:2504 Subsystem: 10DE:2504
1022  |Info:    Registering I2C interface: /dev/i2c-0 Device 10DE:2504 Subsystem: 10DE:2504
1022  |Info:    Registering I2C interface: /dev/i2c-7 Device 1022:790B Subsystem: 1043:87C0
1022  |Info:    Registering I2C interface: /dev/i2c-5 Device 1022:790B Subsystem: 1043:87C0
1022  |Info:    ------------------------------------------------------
1022  |Info:    |               Detecting I2C devices                |
1022  |Info:    ------------------------------------------------------
1424  |Info:    [Corsair Vengeance Pro RGB] Registering RGB controller
1436  |Info:    [Corsair Vengeance Pro RGB] Registering RGB controller
2057  |Info:    ------------------------------------------------------
2057  |Info:    |               Detecting I2C PCI devices            |
2057  |Info:    ------------------------------------------------------
2057  |Info:    ------------------------------------------------------
2057  |Info:    |               Detecting HID devices                |
2057  |Info:    ------------------------------------------------------
2628  |Info:    [G Pro Wireless Gaming Mouse] Registering RGB controller
2629  |Info:    [Anne Pro 2] Registering RGB controller
2629  |Info:    ------------------------------------------------------
2629  |Info:    |            Detecting libusb HID devices            |
2629  |Info:    ------------------------------------------------------
2746  |Info:    ------------------------------------------------------
2746  |Info:    |              Detecting other devices               |
2746  |Info:    ------------------------------------------------------
2756  |Info:    ------------------------------------------------------
2756  |Info:    |                Detection completed                 |
2756  |Info:    ------------------------------------------------------
