    OpenRGB v0.9
    Commit:  from 
    Launched: 20241215_212821
====================================================================================================

2     |Info:    Found file: Default.orp attempting to validate header
2     |Info:    Valid v4 profile found for Default
1021  |Info:    ------------------------------------------------------
1021  |Info:    |               Start device detection               |
1021  |Info:    ------------------------------------------------------
1021  |Info:    Initializing HID interfaces: Success
1030  |Info:    ------------------------------------------------------
1030  |Info:    |             Detecting I2C interfaces               |
1030  |Info:    ------------------------------------------------------
1030  |Info:    Registering I2C interface: /dev/i2c-3 Device 10DE:2504 Subsystem: 10DE:2504
1030  |Info:    Registering I2C interface: /dev/i2c-1 Device 10DE:2504 Subsystem: 10DE:2504
1031  |Info:    Registering I2C interface: /dev/i2c-6 Device 1022:790B Subsystem: 1043:87C0
1031  |Info:    Registering I2C interface: /dev/i2c-4 Device 10DE:2504 Subsystem: 10DE:2504
1031  |Info:    Registering I2C interface: /dev/i2c-2 Device 10DE:2504 Subsystem: 10DE:2504
1031  |Info:    Registering I2C interface: /dev/i2c-0 Device 10DE:2504 Subsystem: 10DE:2504
1031  |Info:    Registering I2C interface: /dev/i2c-7 Device 1022:790B Subsystem: 1043:87C0
1031  |Info:    Registering I2C interface: /dev/i2c-5 Device 1022:790B Subsystem: 1043:87C0
1031  |Info:    ------------------------------------------------------
1031  |Info:    |               Detecting I2C devices                |
1031  |Info:    ------------------------------------------------------
1435  |Info:    [Corsair Vengeance Pro RGB] Registering RGB controller
1447  |Info:    [Corsair Vengeance Pro RGB] Registering RGB controller
2067  |Info:    ------------------------------------------------------
2067  |Info:    |               Detecting I2C PCI devices            |
2067  |Info:    ------------------------------------------------------
2067  |Info:    ------------------------------------------------------
2067  |Info:    |               Detecting HID devices                |
2067  |Info:    ------------------------------------------------------
2637  |Info:    [G Pro Wireless Gaming Mouse] Registering RGB controller
2639  |Info:    [Anne Pro 2] Registering RGB controller
2639  |Info:    ------------------------------------------------------
2639  |Info:    |            Detecting libusb HID devices            |
2639  |Info:    ------------------------------------------------------
2762  |Info:    ------------------------------------------------------
2762  |Info:    |              Detecting other devices               |
2762  |Info:    ------------------------------------------------------
2771  |Info:    ------------------------------------------------------
2771  |Info:    |                Detection completed                 |
2771  |Info:    ------------------------------------------------------
2772  |Info:    Profile loading: Succeeded for Corsair Vengeance Pro RGB @ I2C: /dev/i2c-5, address 0x58
2772  |Info:    Profile loading: Succeeded for Corsair Vengeance Pro RGB @ I2C: /dev/i2c-5, address 0x59
2772  |Info:    Profile loading: Succeeded for G Pro Wireless Gaming Mouse @ HID: /dev/hidraw11 (Receiver) 
Wireless Index: 255
2772  |Info:    Profile loading: Succeeded for Anne Pro 2 @ HID: /dev/hidraw8
