    OpenRGB v0.9
    Commit:  from 
    Launched: 20250111_163050
====================================================================================================

0     |Info:    Found file: Default.orp attempting to validate header
0     |Info:    Valid v4 profile found for Default
1002  |Info:    ------------------------------------------------------
1002  |Info:    |               Start device detection               |
1002  |Info:    ------------------------------------------------------
1002  |Info:    Initializing HID interfaces: Success
1011  |Info:    ------------------------------------------------------
1011  |Info:    |             Detecting I2C interfaces               |
1011  |Info:    ------------------------------------------------------
1011  |Info:    Registering I2C interface: /dev/i2c-3 Device 10DE:2504 Subsystem: 10DE:2504
1012  |Info:    Registering I2C interface: /dev/i2c-1 Device 10DE:2504 Subsystem: 10DE:2504
1012  |Info:    Registering I2C interface: /dev/i2c-6 Device 1022:790B Subsystem: 1043:87C0
1012  |Info:    Registering I2C interface: /dev/i2c-4 Device 10DE:2504 Subsystem: 10DE:2504
1012  |Info:    Registering I2C interface: /dev/i2c-2 Device 10DE:2504 Subsystem: 10DE:2504
1012  |Info:    Registering I2C interface: /dev/i2c-0 Device 10DE:2504 Subsystem: 10DE:2504
1012  |Info:    Registering I2C interface: /dev/i2c-7 Device 1022:790B Subsystem: 1043:87C0
1012  |Info:    Registering I2C interface: /dev/i2c-5 Device 1022:790B Subsystem: 1043:87C0
1012  |Info:    ------------------------------------------------------
1012  |Info:    |               Detecting I2C devices                |
1012  |Info:    ------------------------------------------------------
1412  |Info:    [Corsair Vengeance Pro RGB] Registering RGB controller
1423  |Info:    [Corsair Vengeance Pro RGB] Registering RGB controller
2044  |Info:    ------------------------------------------------------
2044  |Info:    |               Detecting I2C PCI devices            |
2044  |Info:    ------------------------------------------------------
2045  |Info:    ------------------------------------------------------
2045  |Info:    |               Detecting HID devices                |
2045  |Info:    ------------------------------------------------------
3624  |Info:    [G Pro Wireless Gaming Mouse] Registering RGB controller
3625  |Info:    [ROYUAN EPOMAKER TH80 Pro] Registering RGB controller
3625  |Info:    ------------------------------------------------------
3625  |Info:    |            Detecting libusb HID devices            |
3625  |Info:    ------------------------------------------------------
3672  |Info:    ------------------------------------------------------
3672  |Info:    |              Detecting other devices               |
3672  |Info:    ------------------------------------------------------
3683  |Info:    ------------------------------------------------------
3683  |Info:    |                Detection completed                 |
3683  |Info:    ------------------------------------------------------
3684  |Info:    Profile loading: Succeeded for Corsair Vengeance Pro RGB @ I2C: /dev/i2c-5, address 0x58
3684  |Info:    Profile loading: Succeeded for Corsair Vengeance Pro RGB @ I2C: /dev/i2c-5, address 0x59
3684  |Info:    Profile loading: Succeeded for G Pro Wireless Gaming Mouse @ HID: /dev/hidraw10 (Receiver) 
Wireless Index: 255
3684  |Info:    Profile loading: FAILED! for ROYUAN EPOMAKER TH80 Pro @ HID: /dev/hidraw8
