    OpenRGB v0.9
    Commit:  from 
    Launched: 20250129_184252
====================================================================================================

1     |Info:    Found file: Default.orp attempting to validate header
2     |Info:    Valid v4 profile found for Default
1015  |Info:    ------------------------------------------------------
1015  |Info:    |               Start device detection               |
1015  |Info:    ------------------------------------------------------
1016  |Info:    Initializing HID interfaces: Success
1026  |Info:    ------------------------------------------------------
1026  |Info:    |             Detecting I2C interfaces               |
1026  |Info:    ------------------------------------------------------
1027  |Info:    Registering I2C interface: /dev/i2c-3 Device 10DE:2504 Subsystem: 10DE:2504
1027  |Info:    Registering I2C interface: /dev/i2c-1 Device 10DE:2504 Subsystem: 10DE:2504
1027  |Info:    Registering I2C interface: /dev/i2c-6 Device 1022:790B Subsystem: 1043:87C0
1027  |Info:    Registering I2C interface: /dev/i2c-4 Device 10DE:2504 Subsystem: 10DE:2504
1027  |Info:    Registering I2C interface: /dev/i2c-2 Device 10DE:2504 Subsystem: 10DE:2504
1027  |Info:    Registering I2C interface: /dev/i2c-0 Device 10DE:2504 Subsystem: 10DE:2504
1027  |Info:    Registering I2C interface: /dev/i2c-7 Device 1022:790B Subsystem: 1043:87C0
1027  |Info:    Registering I2C interface: /dev/i2c-5 Device 1022:790B Subsystem: 1043:87C0
1027  |Info:    ------------------------------------------------------
1027  |Info:    |               Detecting I2C devices                |
1027  |Info:    ------------------------------------------------------
1431  |Info:    [Corsair Vengeance Pro RGB] Registering RGB controller
1443  |Info:    [Corsair Vengeance Pro RGB] Registering RGB controller
2064  |Info:    ------------------------------------------------------
2064  |Info:    |               Detecting I2C PCI devices            |
2064  |Info:    ------------------------------------------------------
2064  |Info:    ------------------------------------------------------
2064  |Info:    |               Detecting HID devices                |
2064  |Info:    ------------------------------------------------------
2419  |Info:    Unable add this Logitech device: Not Connected
2773  |Info:    Unable add this Logitech device: Not Connected
3127  |Info:    Unable add this Logitech device: Not Connected
3481  |Info:    Unable add this Logitech device: Not Connected
3835  |Info:    Unable add this Logitech device: Not Connected
4189  |Info:    Unable add this Logitech device: Not Connected
4543  |Info:    Unable add this Logitech device: Not Connected
4897  |Info:    Unable add this Logitech device: Not Connected
5251  |Info:    Unable add this Logitech device: Not Connected
5605  |Info:    Unable add this Logitech device: Not Connected
5676  |Info:    [SteelSeries Apex Pro TKL] Registering RGB controller
5676  |Info:    ------------------------------------------------------
5676  |Info:    |            Detecting libusb HID devices            |
5676  |Info:    ------------------------------------------------------
5813  |Info:    ------------------------------------------------------
5813  |Info:    |              Detecting other devices               |
5813  |Info:    ------------------------------------------------------
5822  |Info:    ------------------------------------------------------
5822  |Info:    |                Detection completed                 |
5822  |Info:    ------------------------------------------------------
5822  |Info:    Profile loading: Succeeded for Corsair Vengeance Pro RGB @ I2C: /dev/i2c-5, address 0x58
5822  |Info:    Profile loading: Succeeded for Corsair Vengeance Pro RGB @ I2C: /dev/i2c-5, address 0x59
5822  |Info:    Profile loading: FAILED! for SteelSeries Apex Pro TKL @ HID: /dev/hidraw5
