    OpenRGB v0.9
    Commit:  from 
    Launched: 20241222_213110
====================================================================================================

7     |Info:    Found file: Default.orp attempting to validate header
9     |Info:    Valid v4 profile found for Default
1036  |Info:    ------------------------------------------------------
1036  |Info:    |               Start device detection               |
1036  |Info:    ------------------------------------------------------
1037  |Info:    Initializing HID interfaces: Success
1048  |Info:    ------------------------------------------------------
1048  |Info:    |             Detecting I2C interfaces               |
1048  |Info:    ------------------------------------------------------
1048  |Info:    Registering I2C interface: /dev/i2c-3 Device 10DE:2504 Subsystem: 10DE:2504
1048  |Info:    Registering I2C interface: /dev/i2c-1 Device 10DE:2504 Subsystem: 10DE:2504
1048  |Info:    Registering I2C interface: /dev/i2c-6 Device 1022:790B Subsystem: 1043:87C0
1048  |Info:    Registering I2C interface: /dev/i2c-4 Device 10DE:2504 Subsystem: 10DE:2504
1049  |Info:    Registering I2C interface: /dev/i2c-2 Device 10DE:2504 Subsystem: 10DE:2504
1049  |Info:    Registering I2C interface: /dev/i2c-0 Device 10DE:2504 Subsystem: 10DE:2504
1049  |Info:    Registering I2C interface: /dev/i2c-7 Device 1022:790B Subsystem: 1043:87C0
1049  |Info:    Registering I2C interface: /dev/i2c-5 Device 1022:790B Subsystem: 1043:87C0
1049  |Info:    ------------------------------------------------------
1049  |Info:    |               Detecting I2C devices                |
1049  |Info:    ------------------------------------------------------
1452  |Info:    [Corsair Vengeance Pro RGB] Registering RGB controller
1464  |Info:    [Corsair Vengeance Pro RGB] Registering RGB controller
2085  |Info:    ------------------------------------------------------
2085  |Info:    |               Detecting I2C PCI devices            |
2085  |Info:    ------------------------------------------------------
2086  |Info:    ------------------------------------------------------
2086  |Info:    |               Detecting HID devices                |
2086  |Info:    ------------------------------------------------------
2652  |Info:    [G Pro Wireless Gaming Mouse] Registering RGB controller
2653  |Info:    [Anne Pro 2] Registering RGB controller
2653  |Info:    ------------------------------------------------------
2653  |Info:    |            Detecting libusb HID devices            |
2653  |Info:    ------------------------------------------------------
2776  |Info:    ------------------------------------------------------
2776  |Info:    |              Detecting other devices               |
2776  |Info:    ------------------------------------------------------
2791  |Info:    ------------------------------------------------------
2791  |Info:    |                Detection completed                 |
2791  |Info:    ------------------------------------------------------
2791  |Info:    Profile loading: Succeeded for Corsair Vengeance Pro RGB @ I2C: /dev/i2c-5, address 0x58
2791  |Info:    Profile loading: Succeeded for Corsair Vengeance Pro RGB @ I2C: /dev/i2c-5, address 0x59
2791  |Info:    Profile loading: Succeeded for G Pro Wireless Gaming Mouse @ HID: /dev/hidraw13 (Receiver) 
Wireless Index: 255
2791  |Info:    Profile loading: Succeeded for Anne Pro 2 @ HID: /dev/hidraw8
