    OpenRGB v0.9
    Commit:  from 
    Launched: 20250117_190041
====================================================================================================

2     |Info:    Found file: Default.orp attempting to validate header
2     |Info:    Valid v4 profile found for Default
1026  |Info:    ------------------------------------------------------
1026  |Info:    |               Start device detection               |
1026  |Info:    ------------------------------------------------------
1026  |Info:    Initializing HID interfaces: Success
1035  |Info:    ------------------------------------------------------
1035  |Info:    |             Detecting I2C interfaces               |
1035  |Info:    ------------------------------------------------------
1036  |Info:    Registering I2C interface: /dev/i2c-3 Device 10DE:2504 Subsystem: 10DE:2504
1036  |Info:    Registering I2C interface: /dev/i2c-1 Device 10DE:2504 Subsystem: 10DE:2504
1036  |Info:    Registering I2C interface: /dev/i2c-6 Device 1022:790B Subsystem: 1043:87C0
1036  |Info:    Registering I2C interface: /dev/i2c-4 Device 10DE:2504 Subsystem: 10DE:2504
1036  |Info:    Registering I2C interface: /dev/i2c-2 Device 10DE:2504 Subsystem: 10DE:2504
1036  |Info:    Registering I2C interface: /dev/i2c-0 Device 10DE:2504 Subsystem: 10DE:2504
1036  |Info:    Registering I2C interface: /dev/i2c-7 Device 1022:790B Subsystem: 1043:87C0
1036  |Info:    Registering I2C interface: /dev/i2c-5 Device 1022:790B Subsystem: 1043:87C0
1036  |Info:    ------------------------------------------------------
1036  |Info:    |               Detecting I2C devices                |
1036  |Info:    ------------------------------------------------------
1441  |Info:    [Corsair Vengeance Pro RGB] Registering RGB controller
1453  |Info:    [Corsair Vengeance Pro RGB] Registering RGB controller
2073  |Info:    ------------------------------------------------------
2073  |Info:    |               Detecting I2C PCI devices            |
2073  |Info:    ------------------------------------------------------
2074  |Info:    ------------------------------------------------------
2074  |Info:    |               Detecting HID devices                |
2074  |Info:    ------------------------------------------------------
5060  |Info:    [G Pro Wireless Gaming Mouse] Registering RGB controller
5061  |Info:    [Anne Pro 2] Registering RGB controller
5061  |Info:    ------------------------------------------------------
5061  |Info:    |            Detecting libusb HID devices            |
5061  |Info:    ------------------------------------------------------
5184  |Info:    ------------------------------------------------------
5184  |Info:    |              Detecting other devices               |
5184  |Info:    ------------------------------------------------------
5197  |Info:    ------------------------------------------------------
5197  |Info:    |                Detection completed                 |
5197  |Info:    ------------------------------------------------------
5197  |Info:    Profile loading: Succeeded for Corsair Vengeance Pro RGB @ I2C: /dev/i2c-5, address 0x58
5197  |Info:    Profile loading: Succeeded for Corsair Vengeance Pro RGB @ I2C: /dev/i2c-5, address 0x59
5197  |Info:    Profile loading: Succeeded for G Pro Wireless Gaming Mouse @ HID: /dev/hidraw11 (Receiver) 
Wireless Index: 255
5197  |Info:    Profile loading: Succeeded for Anne Pro 2 @ HID: /dev/hidraw8
