    OpenRGB v0.9
    Commit:  from 
    Launched: 20241203_152154
====================================================================================================

0     |Info:    Found file: Default.orp attempting to validate header
0     |Info:    Valid v4 profile found for Default
1002  |Info:    ------------------------------------------------------
1002  |Info:    |               Start device detection               |
1002  |Info:    ------------------------------------------------------
1002  |Info:    Initializing HID interfaces: Success
1009  |Info:    ------------------------------------------------------
1009  |Info:    |             Detecting I2C interfaces               |
1009  |Info:    ------------------------------------------------------
1009  |Info:    Registering I2C interface: /dev/i2c-3 Device 10DE:2504 Subsystem: 10DE:2504
1009  |Info:    Registering I2C interface: /dev/i2c-1 Device 10DE:2504 Subsystem: 10DE:2504
1009  |Info:    Registering I2C interface: /dev/i2c-6 Device 1022:790B Subsystem: 1043:87C0
1009  |Info:    Registering I2C interface: /dev/i2c-4 Device 10DE:2504 Subsystem: 10DE:2504
1009  |Info:    Registering I2C interface: /dev/i2c-2 Device 10DE:2504 Subsystem: 10DE:2504
1009  |Info:    Registering I2C interface: /dev/i2c-0 Device 10DE:2504 Subsystem: 10DE:2504
1009  |Info:    Registering I2C interface: /dev/i2c-7 Device 1022:790B Subsystem: 1043:87C0
1009  |Info:    Registering I2C interface: /dev/i2c-5 Device 1022:790B Subsystem: 1043:87C0
1009  |Info:    ------------------------------------------------------
1009  |Info:    |               Detecting I2C devices                |
1009  |Info:    ------------------------------------------------------
1410  |Info:    [Corsair Vengeance Pro RGB] Registering RGB controller
1422  |Info:    [Corsair Vengeance Pro RGB] Registering RGB controller
2041  |Info:    ------------------------------------------------------
2041  |Info:    |               Detecting I2C PCI devices            |
2041  |Info:    ------------------------------------------------------
2042  |Info:    ------------------------------------------------------
2042  |Info:    |               Detecting HID devices                |
2042  |Info:    ------------------------------------------------------
6586  |Info:    [G Pro Wireless Gaming Mouse] Registering RGB controller
6587  |Info:    [Anne Pro 2] Registering RGB controller
6587  |Info:    ------------------------------------------------------
6587  |Info:    |            Detecting libusb HID devices            |
6587  |Info:    ------------------------------------------------------
6707  |Info:    ------------------------------------------------------
6707  |Info:    |              Detecting other devices               |
6707  |Info:    ------------------------------------------------------
6714  |Info:    ------------------------------------------------------
6714  |Info:    |                Detection completed                 |
6714  |Info:    ------------------------------------------------------
6714  |Info:    Profile loading: Succeeded for Corsair Vengeance Pro RGB @ I2C: /dev/i2c-5, address 0x58
6714  |Info:    Profile loading: Succeeded for Corsair Vengeance Pro RGB @ I2C: /dev/i2c-5, address 0x59
6714  |Info:    Profile loading: Succeeded for G Pro Wireless Gaming Mouse @ HID: /dev/hidraw7 (Receiver) 
Wireless Index: 255
6714  |Info:    Profile loading: Succeeded for Anne Pro 2 @ HID: /dev/hidraw4
