    OpenRGB v0.9
    Commit:  from 
    Launched: 20250123_115609
====================================================================================================

2     |Info:    Found file: Default.orp attempting to validate header
3     |Info:    Valid v4 profile found for Default
1016  |Info:    ------------------------------------------------------
1016  |Info:    |               Start device detection               |
1016  |Info:    ------------------------------------------------------
1016  |Info:    Initializing HID interfaces: Success
1025  |Info:    ------------------------------------------------------
1025  |Info:    |             Detecting I2C interfaces               |
1025  |Info:    ------------------------------------------------------
1025  |Info:    Registering I2C interface: /dev/i2c-3 Device 10DE:2504 Subsystem: 10DE:2504
1025  |Info:    Registering I2C interface: /dev/i2c-1 Device 10DE:2504 Subsystem: 10DE:2504
1026  |Info:    Registering I2C interface: /dev/i2c-6 Device 1022:790B Subsystem: 1043:87C0
1026  |Info:    Registering I2C interface: /dev/i2c-4 Device 10DE:2504 Subsystem: 10DE:2504
1026  |Info:    Registering I2C interface: /dev/i2c-2 Device 10DE:2504 Subsystem: 10DE:2504
1026  |Info:    Registering I2C interface: /dev/i2c-0 Device 10DE:2504 Subsystem: 10DE:2504
1026  |Info:    Registering I2C interface: /dev/i2c-7 Device 1022:790B Subsystem: 1043:87C0
1026  |Info:    Registering I2C interface: /dev/i2c-5 Device 1022:790B Subsystem: 1043:87C0
1026  |Info:    ------------------------------------------------------
1026  |Info:    |               Detecting I2C devices                |
1026  |Info:    ------------------------------------------------------
1428  |Info:    [Corsair Vengeance Pro RGB] Registering RGB controller
1440  |Info:    [Corsair Vengeance Pro RGB] Registering RGB controller
2060  |Info:    ------------------------------------------------------
2060  |Info:    |               Detecting I2C PCI devices            |
2060  |Info:    ------------------------------------------------------
2061  |Info:    ------------------------------------------------------
2061  |Info:    |               Detecting HID devices                |
2061  |Info:    ------------------------------------------------------
2416  |Info:    Unable add this Logitech device: Not Connected
2770  |Info:    Unable add this Logitech device: Not Connected
3124  |Info:    Unable add this Logitech device: Not Connected
3478  |Info:    Unable add this Logitech device: Not Connected
3832  |Info:    Unable add this Logitech device: Not Connected
4186  |Info:    Unable add this Logitech device: Not Connected
4540  |Info:    Unable add this Logitech device: Not Connected
4894  |Info:    Unable add this Logitech device: Not Connected
5248  |Info:    Unable add this Logitech device: Not Connected
5602  |Info:    Unable add this Logitech device: Not Connected
5603  |Info:    [ROYUAN EPOMAKER TH80 Pro] Registering RGB controller
5603  |Info:    ------------------------------------------------------
5603  |Info:    |            Detecting libusb HID devices            |
5603  |Info:    ------------------------------------------------------
5649  |Info:    ------------------------------------------------------
5649  |Info:    |              Detecting other devices               |
5649  |Info:    ------------------------------------------------------
5659  |Info:    ------------------------------------------------------
5659  |Info:    |                Detection completed                 |
5659  |Info:    ------------------------------------------------------
5659  |Info:    Profile loading: Succeeded for Corsair Vengeance Pro RGB @ I2C: /dev/i2c-5, address 0x58
5659  |Info:    Profile loading: Succeeded for Corsair Vengeance Pro RGB @ I2C: /dev/i2c-5, address 0x59
5659  |Info:    Profile loading: FAILED! for ROYUAN EPOMAKER TH80 Pro @ HID: /dev/hidraw5
