    OpenRGB v0.9
    Commit:  from 
    Launched: 20241220_105314
====================================================================================================

7     |Info:    Found file: Default.orp attempting to validate header
8     |Info:    Valid v4 profile found for Default
1029  |Info:    ------------------------------------------------------
1029  |Info:    |               Start device detection               |
1029  |Info:    ------------------------------------------------------
1029  |Info:    Initializing HID interfaces: Success
1038  |Info:    ------------------------------------------------------
1038  |Info:    |             Detecting I2C interfaces               |
1038  |Info:    ------------------------------------------------------
1038  |Info:    Registering I2C interface: /dev/i2c-3 Device 10DE:2504 Subsystem: 10DE:2504
1038  |Info:    Registering I2C interface: /dev/i2c-1 Device 10DE:2504 Subsystem: 10DE:2504
1038  |Info:    Registering I2C interface: /dev/i2c-6 Device 1022:790B Subsystem: 1043:87C0
1038  |Info:    Registering I2C interface: /dev/i2c-4 Device 10DE:2504 Subsystem: 10DE:2504
1038  |Info:    Registering I2C interface: /dev/i2c-2 Device 10DE:2504 Subsystem: 10DE:2504
1038  |Info:    Registering I2C interface: /dev/i2c-0 Device 10DE:2504 Subsystem: 10DE:2504
1038  |Info:    Registering I2C interface: /dev/i2c-7 Device 1022:790B Subsystem: 1043:87C0
1039  |Info:    Registering I2C interface: /dev/i2c-5 Device 1022:790B Subsystem: 1043:87C0
1039  |Info:    ------------------------------------------------------
1039  |Info:    |               Detecting I2C devices                |
1039  |Info:    ------------------------------------------------------
1440  |Info:    [Corsair Vengeance Pro RGB] Registering RGB controller
1452  |Info:    [Corsair Vengeance Pro RGB] Registering RGB controller
2072  |Info:    ------------------------------------------------------
2072  |Info:    |               Detecting I2C PCI devices            |
2072  |Info:    ------------------------------------------------------
2072  |Info:    ------------------------------------------------------
2072  |Info:    |               Detecting HID devices                |
2072  |Info:    ------------------------------------------------------
2427  |Info:    Unable add this Logitech device: Not Connected
2781  |Info:    Unable add this Logitech device: Not Connected
3135  |Info:    Unable add this Logitech device: Not Connected
3489  |Info:    Unable add this Logitech device: Not Connected
3843  |Info:    Unable add this Logitech device: Not Connected
4197  |Info:    Unable add this Logitech device: Not Connected
4551  |Info:    Unable add this Logitech device: Not Connected
4905  |Info:    Unable add this Logitech device: Not Connected
5259  |Info:    Unable add this Logitech device: Not Connected
5613  |Info:    Unable add this Logitech device: Not Connected
5614  |Info:    [Anne Pro 2] Registering RGB controller
5614  |Info:    ------------------------------------------------------
5614  |Info:    |            Detecting libusb HID devices            |
5614  |Info:    ------------------------------------------------------
5733  |Info:    ------------------------------------------------------
5733  |Info:    |              Detecting other devices               |
5733  |Info:    ------------------------------------------------------
5742  |Info:    ------------------------------------------------------
5742  |Info:    |                Detection completed                 |
5742  |Info:    ------------------------------------------------------
5742  |Info:    Profile loading: Succeeded for Corsair Vengeance Pro RGB @ I2C: /dev/i2c-5, address 0x58
5742  |Info:    Profile loading: Succeeded for Corsair Vengeance Pro RGB @ I2C: /dev/i2c-5, address 0x59
5742  |Info:    Profile loading: Succeeded for Anne Pro 2 @ HID: /dev/hidraw8
9288917|Info:    Closing server connection: 127.0.0.1
10992179|Info:    Closing server connection: 127.0.0.1
11053458|Info:    Closing server connection: 127.0.0.1
11104708|Info:    Closing server connection: 127.0.0.1
11828223|Info:    Closing server connection: 127.0.0.1
11859241|Info:    Closing server connection: 127.0.0.1
11890163|Info:    Closing server connection: 127.0.0.1
12911167|Info:    Closing server connection: 127.0.0.1
13025240|Info:    Closing server connection: 127.0.0.1
13086312|Info:    Closing server connection: 127.0.0.1
