    OpenRGB v0.9
    Commit:  from 
    Launched: 20250128_213634
====================================================================================================

0     |Info:    Found file: Default.orp attempting to validate header
0     |Info:    Valid v4 profile found for Default
1002  |Info:    ------------------------------------------------------
1002  |Info:    |               Start device detection               |
1002  |Info:    ------------------------------------------------------
1002  |Info:    Initializing HID interfaces: Success
1012  |Info:    ------------------------------------------------------
1012  |Info:    |             Detecting I2C interfaces               |
1012  |Info:    ------------------------------------------------------
1012  |Info:    Registering I2C interface: /dev/i2c-3 Device 10DE:2504 Subsystem: 10DE:2504
1012  |Info:    Registering I2C interface: /dev/i2c-1 Device 10DE:2504 Subsystem: 10DE:2504
1012  |Info:    Registering I2C interface: /dev/i2c-6 Device 1022:790B Subsystem: 1043:87C0
1012  |Info:    Registering I2C interface: /dev/i2c-4 Device 10DE:2504 Subsystem: 10DE:2504
1012  |Info:    Registering I2C interface: /dev/i2c-2 Device 10DE:2504 Subsystem: 10DE:2504
1012  |Info:    Registering I2C interface: /dev/i2c-0 Device 10DE:2504 Subsystem: 10DE:2504
1012  |Info:    Registering I2C interface: /dev/i2c-7 Device 1022:790B Subsystem: 1043:87C0
1012  |Info:    Registering I2C interface: /dev/i2c-5 Device 1022:790B Subsystem: 1043:87C0
1012  |Info:    ------------------------------------------------------
1012  |Info:    |               Detecting I2C devices                |
1013  |Info:    ------------------------------------------------------
1416  |Info:    [Corsair Vengeance Pro RGB] Registering RGB controller
1428  |Info:    [Corsair Vengeance Pro RGB] Registering RGB controller
2047  |Info:    ------------------------------------------------------
2047  |Info:    |               Detecting I2C PCI devices            |
2047  |Info:    ------------------------------------------------------
2047  |Info:    ------------------------------------------------------
2047  |Info:    |               Detecting HID devices                |
2047  |Info:    ------------------------------------------------------
3532  |Info:    [G Pro Wireless Gaming Mouse] Unable add this device due to missing RGB Effects Feature
4180  |Info:    [G Pro Wireless Gaming Mouse] Registering RGB controller
4248  |Info:    [SteelSeries Apex Pro TKL] Registering RGB controller
4248  |Info:    ------------------------------------------------------
4248  |Info:    |            Detecting libusb HID devices            |
4248  |Info:    ------------------------------------------------------
4383  |Info:    ------------------------------------------------------
4383  |Info:    |              Detecting other devices               |
4383  |Info:    ------------------------------------------------------
4391  |Info:    ------------------------------------------------------
4391  |Info:    |                Detection completed                 |
4391  |Info:    ------------------------------------------------------
4391  |Info:    Profile loading: Succeeded for Corsair Vengeance Pro RGB @ I2C: /dev/i2c-5, address 0x58
4391  |Info:    Profile loading: Succeeded for Corsair Vengeance Pro RGB @ I2C: /dev/i2c-5, address 0x59
4391  |Info:    Profile loading: Succeeded for G Pro Wireless Gaming Mouse @ HID: /dev/hidraw12 (Receiver) 
Wireless Index: 255
4391  |Info:    Profile loading: FAILED! for SteelSeries Apex Pro TKL @ HID: /dev/hidraw5
