    OpenRGB v0.9
    Commit:  from 
    Launched: 20241130_152257
====================================================================================================

1002  |Info:    Saving detector settings
1003  |Info:    ------------------------------------------------------
1003  |Info:    |               Start device detection               |
1003  |Info:    ------------------------------------------------------
1003  |Info:    Initializing HID interfaces: Success
1010  |Info:    ------------------------------------------------------
1010  |Info:    |             Detecting I2C interfaces               |
1010  |Info:    ------------------------------------------------------
1010  |Info:    Registering I2C interface: /dev/i2c-3 Device 10DE:2504 Subsystem: 10DE:2504
1010  |Info:    Registering I2C interface: /dev/i2c-1 Device 10DE:2504 Subsystem: 10DE:2504
1010  |Info:    Registering I2C interface: /dev/i2c-6 Device 1022:790B Subsystem: 1043:87C0
1011  |Info:    Registering I2C interface: /dev/i2c-2 Device 10DE:2504 Subsystem: 10DE:2504
1011  |Info:    Registering I2C interface: /dev/i2c-7 Device 1022:790B Subsystem: 1043:87C0
1011  |Info:    ------------------------------------------------------
1011  |Info:    |               Detecting I2C devices                |
1011  |Info:    ------------------------------------------------------
1569  |Info:    ------------------------------------------------------
1569  |Info:    |               Detecting I2C PCI devices            |
1569  |Info:    ------------------------------------------------------
1570  |Info:    ------------------------------------------------------
1570  |Info:    |               Detecting HID devices                |
1570  |Info:    ------------------------------------------------------
2363  |Warning: [G Pro Wireless Gaming Mouse] Effect at index - 01 not added: Value FF00 unrecognised
2363  |Warning: [G Pro Wireless Gaming Mouse] Effect at index - 02 not added: Value FF00 unrecognised
2363  |Info:    [G Pro Wireless Gaming Mouse] Registering RGB controller
2364  |Info:    [Anne Pro 2] Registering RGB controller
2364  |Info:    ------------------------------------------------------
2364  |Info:    |            Detecting libusb HID devices            |
2364  |Info:    ------------------------------------------------------
2485  |Info:    ------------------------------------------------------
2485  |Info:    |              Detecting other devices               |
2485  |Info:    ------------------------------------------------------
2492  |Info:    ------------------------------------------------------
2492  |Info:    |                Detection completed                 |
2492  |Info:    ------------------------------------------------------
2492  |Dialog:  <h2>WARNING:</h2><p>One or more I2C/SMBus interfaces failed to initialize.</p><p>RGB DRAM modules and some motherboards' onboard RGB lighting will not be available without I2C/SMBus.</p><p>On Linux, this is usually because the i2c-dev module is not loaded.  You must load the i2c-dev module along with the correct i2c driver for your motherboard.  This is usually i2c-piix4 for AMD systems and i2c-i801 for Intel systems.</p><p>See <a href='https://help.openrgb.org/'>help.openrgb.org</a> for additional troubleshooting steps if you keep seeing this message.<br></p>
