    OpenRGB v0.9
    Commit:  from 
    Launched: 20241224_144157
====================================================================================================

1     |Info:    Found file: Default.orp attempting to validate header
1     |Info:    Valid v4 profile found for Default
1015  |Info:    ------------------------------------------------------
1015  |Info:    |               Start device detection               |
1015  |Info:    ------------------------------------------------------
1015  |Info:    Initializing HID interfaces: Success
1026  |Info:    ------------------------------------------------------
1026  |Info:    |             Detecting I2C interfaces               |
1026  |Info:    ------------------------------------------------------
1026  |Info:    Registering I2C interface: /dev/i2c-3 Device 10DE:2504 Subsystem: 10DE:2504
1026  |Info:    Registering I2C interface: /dev/i2c-1 Device 10DE:2504 Subsystem: 10DE:2504
1026  |Info:    Registering I2C interface: /dev/i2c-6 Device 1022:790B Subsystem: 1043:87C0
1026  |Info:    Registering I2C interface: /dev/i2c-4 Device 10DE:2504 Subsystem: 10DE:2504
1026  |Info:    Registering I2C interface: /dev/i2c-2 Device 10DE:2504 Subsystem: 10DE:2504
1026  |Info:    Registering I2C interface: /dev/i2c-0 Device 10DE:2504 Subsystem: 10DE:2504
1027  |Info:    Registering I2C interface: /dev/i2c-7 Device 1022:790B Subsystem: 1043:87C0
1027  |Info:    Registering I2C interface: /dev/i2c-5 Device 1022:790B Subsystem: 1043:87C0
1027  |Info:    ------------------------------------------------------
1027  |Info:    |               Detecting I2C devices                |
1027  |Info:    ------------------------------------------------------
1432  |Info:    [Corsair Vengeance Pro RGB] Registering RGB controller
1444  |Info:    [Corsair Vengeance Pro RGB] Registering RGB controller
2067  |Info:    ------------------------------------------------------
2067  |Info:    |               Detecting I2C PCI devices            |
2067  |Info:    ------------------------------------------------------
2068  |Info:    ------------------------------------------------------
2068  |Info:    |               Detecting HID devices                |
2068  |Info:    ------------------------------------------------------
2423  |Info:    Unable add this Logitech device: Not Connected
2777  |Info:    Unable add this Logitech device: Not Connected
3132  |Info:    Unable add this Logitech device: Not Connected
3486  |Info:    Unable add this Logitech device: Not Connected
3840  |Info:    Unable add this Logitech device: Not Connected
4194  |Info:    Unable add this Logitech device: Not Connected
4548  |Info:    Unable add this Logitech device: Not Connected
4902  |Info:    Unable add this Logitech device: Not Connected
5256  |Info:    Unable add this Logitech device: Not Connected
5610  |Info:    Unable add this Logitech device: Not Connected
5611  |Info:    [Anne Pro 2] Registering RGB controller
5611  |Info:    ------------------------------------------------------
5611  |Info:    |            Detecting libusb HID devices            |
5611  |Info:    ------------------------------------------------------
5732  |Info:    ------------------------------------------------------
5732  |Info:    |              Detecting other devices               |
5732  |Info:    ------------------------------------------------------
5742  |Info:    ------------------------------------------------------
5742  |Info:    |                Detection completed                 |
5742  |Info:    ------------------------------------------------------
5742  |Info:    Profile loading: Succeeded for Corsair Vengeance Pro RGB @ I2C: /dev/i2c-5, address 0x58
5742  |Info:    Profile loading: Succeeded for Corsair Vengeance Pro RGB @ I2C: /dev/i2c-5, address 0x59
5742  |Info:    Profile loading: Succeeded for Anne Pro 2 @ HID: /dev/hidraw6
