    OpenRGB v0.9
    Commit:  from 
    Launched: 20250202_162132
====================================================================================================

2     |Info:    Found file: Default.orp attempting to validate header
2     |Info:    Valid v4 profile found for Default
1018  |Info:    ------------------------------------------------------
1018  |Info:    |               Start device detection               |
1018  |Info:    ------------------------------------------------------
1018  |Info:    Initializing HID interfaces: Success
1029  |Info:    ------------------------------------------------------
1029  |Info:    |             Detecting I2C interfaces               |
1029  |Info:    ------------------------------------------------------
1029  |Info:    Registering I2C interface: /dev/i2c-3 Device 10DE:2504 Subsystem: 10DE:2504
1029  |Info:    Registering I2C interface: /dev/i2c-1 Device 10DE:2504 Subsystem: 10DE:2504
1029  |Info:    Registering I2C interface: /dev/i2c-6 Device 1022:790B Subsystem: 1043:87C0
1029  |Info:    Registering I2C interface: /dev/i2c-4 Device 10DE:2504 Subsystem: 10DE:2504
1029  |Info:    Registering I2C interface: /dev/i2c-2 Device 10DE:2504 Subsystem: 10DE:2504
1030  |Info:    Registering I2C interface: /dev/i2c-0 Device 10DE:2504 Subsystem: 10DE:2504
1030  |Info:    Registering I2C interface: /dev/i2c-7 Device 1022:790B Subsystem: 1043:87C0
1030  |Info:    Registering I2C interface: /dev/i2c-5 Device 1022:790B Subsystem: 1043:87C0
1030  |Info:    ------------------------------------------------------
1030  |Info:    |               Detecting I2C devices                |
1030  |Info:    ------------------------------------------------------
1432  |Info:    [Corsair Vengeance Pro RGB] Registering RGB controller
1444  |Info:    [Corsair Vengeance Pro RGB] Registering RGB controller
2064  |Info:    ------------------------------------------------------
2064  |Info:    |               Detecting I2C PCI devices            |
2064  |Info:    ------------------------------------------------------
2065  |Info:    ------------------------------------------------------
2065  |Info:    |               Detecting HID devices                |
2065  |Info:    ------------------------------------------------------
2420  |Info:    Unable add this Logitech device: Not Connected
2774  |Info:    Unable add this Logitech device: Not Connected
3128  |Info:    Unable add this Logitech device: Not Connected
3482  |Info:    Unable add this Logitech device: Not Connected
3836  |Info:    Unable add this Logitech device: Not Connected
4190  |Info:    Unable add this Logitech device: Not Connected
4544  |Info:    Unable add this Logitech device: Not Connected
4898  |Info:    Unable add this Logitech device: Not Connected
5252  |Info:    Unable add this Logitech device: Not Connected
5606  |Info:    Unable add this Logitech device: Not Connected
5677  |Info:    [SteelSeries Apex Pro TKL] Registering RGB controller
5677  |Info:    ------------------------------------------------------
5677  |Info:    |            Detecting libusb HID devices            |
5677  |Info:    ------------------------------------------------------
5814  |Info:    ------------------------------------------------------
5814  |Info:    |              Detecting other devices               |
5814  |Info:    ------------------------------------------------------
5824  |Info:    ------------------------------------------------------
5824  |Info:    |                Detection completed                 |
5824  |Info:    ------------------------------------------------------
5824  |Info:    Profile loading: Succeeded for Corsair Vengeance Pro RGB @ I2C: /dev/i2c-5, address 0x58
5824  |Info:    Profile loading: Succeeded for Corsair Vengeance Pro RGB @ I2C: /dev/i2c-5, address 0x59
5824  |Info:    Profile loading: FAILED! for SteelSeries Apex Pro TKL @ HID: /dev/hidraw5
