    OpenRGB v0.9
    Commit:  from 
    Launched: 20241214_164216
====================================================================================================

1     |Info:    Found file: Default.orp attempting to validate header
1     |Info:    Valid v4 profile found for Default
1013  |Info:    ------------------------------------------------------
1013  |Info:    |               Start device detection               |
1013  |Info:    ------------------------------------------------------
1014  |Info:    Initializing HID interfaces: Success
1023  |Info:    ------------------------------------------------------
1023  |Info:    |             Detecting I2C interfaces               |
1023  |Info:    ------------------------------------------------------
1023  |Info:    Registering I2C interface: /dev/i2c-3 Device 10DE:2504 Subsystem: 10DE:2504
1023  |Info:    Registering I2C interface: /dev/i2c-1 Device 10DE:2504 Subsystem: 10DE:2504
1023  |Info:    Registering I2C interface: /dev/i2c-6 Device 1022:790B Subsystem: 1043:87C0
1023  |Info:    Registering I2C interface: /dev/i2c-4 Device 10DE:2504 Subsystem: 10DE:2504
1023  |Info:    Registering I2C interface: /dev/i2c-2 Device 10DE:2504 Subsystem: 10DE:2504
1023  |Info:    Registering I2C interface: /dev/i2c-0 Device 10DE:2504 Subsystem: 10DE:2504
1023  |Info:    Registering I2C interface: /dev/i2c-7 Device 1022:790B Subsystem: 1043:87C0
1023  |Info:    Registering I2C interface: /dev/i2c-5 Device 1022:790B Subsystem: 1043:87C0
1023  |Info:    ------------------------------------------------------
1023  |Info:    |               Detecting I2C devices                |
1023  |Info:    ------------------------------------------------------
1425  |Info:    [Corsair Vengeance Pro RGB] Registering RGB controller
1437  |Info:    [Corsair Vengeance Pro RGB] Registering RGB controller
2057  |Info:    ------------------------------------------------------
2057  |Info:    |               Detecting I2C PCI devices            |
2057  |Info:    ------------------------------------------------------
2057  |Info:    ------------------------------------------------------
2057  |Info:    |               Detecting HID devices                |
2057  |Info:    ------------------------------------------------------
2412  |Info:    Unable add this Logitech device: Not Connected
2766  |Info:    Unable add this Logitech device: Not Connected
3120  |Info:    Unable add this Logitech device: Not Connected
3474  |Info:    Unable add this Logitech device: Not Connected
3828  |Info:    Unable add this Logitech device: Not Connected
4182  |Info:    Unable add this Logitech device: Not Connected
4536  |Info:    Unable add this Logitech device: Not Connected
4890  |Info:    Unable add this Logitech device: Not Connected
5244  |Info:    Unable add this Logitech device: Not Connected
5598  |Info:    Unable add this Logitech device: Not Connected
5600  |Info:    [Anne Pro 2] Registering RGB controller
5600  |Info:    ------------------------------------------------------
5600  |Info:    |            Detecting libusb HID devices            |
5600  |Info:    ------------------------------------------------------
5719  |Info:    ------------------------------------------------------
5719  |Info:    |              Detecting other devices               |
5719  |Info:    ------------------------------------------------------
5727  |Info:    ------------------------------------------------------
5727  |Info:    |                Detection completed                 |
5727  |Info:    ------------------------------------------------------
5727  |Info:    Profile loading: Succeeded for Corsair Vengeance Pro RGB @ I2C: /dev/i2c-5, address 0x58
5727  |Info:    Profile loading: Succeeded for Corsair Vengeance Pro RGB @ I2C: /dev/i2c-5, address 0x59
5727  |Info:    Profile loading: Succeeded for Anne Pro 2 @ HID: /dev/hidraw8
