    OpenRGB v0.9
    Commit:  from 
    Launched: 20250128_213909
====================================================================================================

5     |Info:    Found file: Default.orp attempting to validate header
5     |Info:    Valid v4 profile found for Default
1026  |Info:    ------------------------------------------------------
1026  |Info:    |               Start device detection               |
1026  |Info:    ------------------------------------------------------
1026  |Info:    Initializing HID interfaces: Success
1036  |Info:    ------------------------------------------------------
1036  |Info:    |             Detecting I2C interfaces               |
1036  |Info:    ------------------------------------------------------
1037  |Info:    Registering I2C interface: /dev/i2c-3 Device 10DE:2504 Subsystem: 10DE:2504
1037  |Info:    Registering I2C interface: /dev/i2c-1 Device 10DE:2504 Subsystem: 10DE:2504
1037  |Info:    Registering I2C interface: /dev/i2c-6 Device 1022:790B Subsystem: 1043:87C0
1037  |Info:    Registering I2C interface: /dev/i2c-4 Device 10DE:2504 Subsystem: 10DE:2504
1037  |Info:    Registering I2C interface: /dev/i2c-2 Device 10DE:2504 Subsystem: 10DE:2504
1037  |Info:    Registering I2C interface: /dev/i2c-0 Device 10DE:2504 Subsystem: 10DE:2504
1037  |Info:    Registering I2C interface: /dev/i2c-7 Device 1022:790B Subsystem: 1043:87C0
1037  |Info:    Registering I2C interface: /dev/i2c-5 Device 1022:790B Subsystem: 1043:87C0
1037  |Info:    ------------------------------------------------------
1037  |Info:    |               Detecting I2C devices                |
1037  |Info:    ------------------------------------------------------
1445  |Info:    [Corsair Vengeance Pro RGB] Registering RGB controller
1457  |Info:    [Corsair Vengeance Pro RGB] Registering RGB controller
2077  |Info:    ------------------------------------------------------
2077  |Info:    |               Detecting I2C PCI devices            |
2077  |Info:    ------------------------------------------------------
2078  |Info:    ------------------------------------------------------
2078  |Info:    |               Detecting HID devices                |
2078  |Info:    ------------------------------------------------------
2432  |Info:    Unable add this Logitech device: Not Connected
2786  |Info:    Unable add this Logitech device: Not Connected
3140  |Info:    Unable add this Logitech device: Not Connected
3494  |Info:    Unable add this Logitech device: Not Connected
3848  |Info:    Unable add this Logitech device: Not Connected
4202  |Info:    Unable add this Logitech device: Not Connected
5400  |Info:    [G Pro Wireless Gaming Mouse] Registering RGB controller
5472  |Info:    [SteelSeries Apex Pro TKL] Registering RGB controller
5473  |Info:    ------------------------------------------------------
5473  |Info:    |            Detecting libusb HID devices            |
5473  |Info:    ------------------------------------------------------
5609  |Info:    ------------------------------------------------------
5609  |Info:    |              Detecting other devices               |
5609  |Info:    ------------------------------------------------------
5619  |Info:    ------------------------------------------------------
5619  |Info:    |                Detection completed                 |
5619  |Info:    ------------------------------------------------------
5620  |Info:    Profile loading: Succeeded for Corsair Vengeance Pro RGB @ I2C: /dev/i2c-5, address 0x58
5620  |Info:    Profile loading: Succeeded for Corsair Vengeance Pro RGB @ I2C: /dev/i2c-5, address 0x59
5620  |Info:    Profile loading: Succeeded for G Pro Wireless Gaming Mouse @ HID: /dev/hidraw12 (Receiver) 
Wireless Index: 255
5620  |Info:    Profile loading: FAILED! for SteelSeries Apex Pro TKL @ HID: /dev/hidraw5
