    OpenRGB v0.9
    Commit:  from 
    Launched: 20241221_110916
====================================================================================================

8     |Info:    Found file: Default.orp attempting to validate header
9     |Info:    Valid v4 profile found for Default
1026  |Info:    ------------------------------------------------------
1026  |Info:    |               Start device detection               |
1026  |Info:    ------------------------------------------------------
1027  |Info:    Initializing HID interfaces: Success
1035  |Info:    ------------------------------------------------------
1035  |Info:    |             Detecting I2C interfaces               |
1035  |Info:    ------------------------------------------------------
1035  |Info:    Registering I2C interface: /dev/i2c-3 Device 10DE:2504 Subsystem: 10DE:2504
1035  |Info:    Registering I2C interface: /dev/i2c-1 Device 10DE:2504 Subsystem: 10DE:2504
1036  |Info:    Registering I2C interface: /dev/i2c-6 Device 1022:790B Subsystem: 1043:87C0
1036  |Info:    Registering I2C interface: /dev/i2c-4 Device 10DE:2504 Subsystem: 10DE:2504
1036  |Info:    Registering I2C interface: /dev/i2c-2 Device 10DE:2504 Subsystem: 10DE:2504
1036  |Info:    Registering I2C interface: /dev/i2c-0 Device 10DE:2504 Subsystem: 10DE:2504
1036  |Info:    Registering I2C interface: /dev/i2c-7 Device 1022:790B Subsystem: 1043:87C0
1036  |Info:    Registering I2C interface: /dev/i2c-5 Device 1022:790B Subsystem: 1043:87C0
1036  |Info:    ------------------------------------------------------
1036  |Info:    |               Detecting I2C devices                |
1036  |Info:    ------------------------------------------------------
1437  |Info:    [Corsair Vengeance Pro RGB] Registering RGB controller
1449  |Info:    [Corsair Vengeance Pro RGB] Registering RGB controller
2068  |Info:    ------------------------------------------------------
2068  |Info:    |               Detecting I2C PCI devices            |
2068  |Info:    ------------------------------------------------------
2069  |Info:    ------------------------------------------------------
2069  |Info:    |               Detecting HID devices                |
2069  |Info:    ------------------------------------------------------
2424  |Info:    Unable add this Logitech device: Not Connected
2778  |Info:    Unable add this Logitech device: Not Connected
3132  |Info:    Unable add this Logitech device: Not Connected
3486  |Info:    Unable add this Logitech device: Not Connected
3840  |Info:    Unable add this Logitech device: Not Connected
4194  |Info:    Unable add this Logitech device: Not Connected
4548  |Info:    Unable add this Logitech device: Not Connected
4902  |Info:    Unable add this Logitech device: Not Connected
5256  |Info:    Unable add this Logitech device: Not Connected
5610  |Info:    Unable add this Logitech device: Not Connected
5611  |Info:    [Anne Pro 2] Registering RGB controller
5611  |Info:    ------------------------------------------------------
5611  |Info:    |            Detecting libusb HID devices            |
5611  |Info:    ------------------------------------------------------
5729  |Info:    ------------------------------------------------------
5729  |Info:    |              Detecting other devices               |
5729  |Info:    ------------------------------------------------------
5738  |Info:    ------------------------------------------------------
5738  |Info:    |                Detection completed                 |
5738  |Info:    ------------------------------------------------------
5738  |Info:    Profile loading: Succeeded for Corsair Vengeance Pro RGB @ I2C: /dev/i2c-5, address 0x58
5738  |Info:    Profile loading: Succeeded for Corsair Vengeance Pro RGB @ I2C: /dev/i2c-5, address 0x59
5738  |Info:    Profile loading: Succeeded for Anne Pro 2 @ HID: /dev/hidraw8
1610574|Info:    Closing server connection: 127.0.0.1
3132253|Info:    Closing server connection: 127.0.0.1
5196122|Info:    Closing server connection: 127.0.0.1
5197296|Info:    Closing server connection: 127.0.0.1
5198020|Info:    Closing server connection: 127.0.0.1
5198433|Info:    Closing server connection: 127.0.0.1
5198582|Info:    Closing server connection: 127.0.0.1
5198720|Info:    Closing server connection: 127.0.0.1
5199539|Info:    Closing server connection: 127.0.0.1
5339060|Info:    Closing server connection: 127.0.0.1
5354291|Info:    Closing server connection: 127.0.0.1
5826228|Info:    Closing server connection: 127.0.0.1
