    OpenRGB v0.9
    Commit:  from 
    Launched: 20241220_171039
====================================================================================================

5     |Info:    Found file: Default.orp attempting to validate header
6     |Info:    Valid v4 profile found for Default
1030  |Info:    ------------------------------------------------------
1030  |Info:    |               Start device detection               |
1030  |Info:    ------------------------------------------------------
1031  |Info:    Initializing HID interfaces: Success
1040  |Info:    ------------------------------------------------------
1040  |Info:    |             Detecting I2C interfaces               |
1040  |Info:    ------------------------------------------------------
1040  |Info:    Registering I2C interface: /dev/i2c-3 Device 10DE:2504 Subsystem: 10DE:2504
1040  |Info:    Registering I2C interface: /dev/i2c-1 Device 10DE:2504 Subsystem: 10DE:2504
1040  |Info:    Registering I2C interface: /dev/i2c-6 Device 1022:790B Subsystem: 1043:87C0
1040  |Info:    Registering I2C interface: /dev/i2c-4 Device 10DE:2504 Subsystem: 10DE:2504
1041  |Info:    Registering I2C interface: /dev/i2c-2 Device 10DE:2504 Subsystem: 10DE:2504
1041  |Info:    Registering I2C interface: /dev/i2c-0 Device 10DE:2504 Subsystem: 10DE:2504
1041  |Info:    Registering I2C interface: /dev/i2c-7 Device 1022:790B Subsystem: 1043:87C0
1041  |Info:    Registering I2C interface: /dev/i2c-5 Device 1022:790B Subsystem: 1043:87C0
1041  |Info:    ------------------------------------------------------
1041  |Info:    |               Detecting I2C devices                |
1041  |Info:    ------------------------------------------------------
1444  |Info:    [Corsair Vengeance Pro RGB] Registering RGB controller
1456  |Info:    [Corsair Vengeance Pro RGB] Registering RGB controller
2077  |Info:    ------------------------------------------------------
2077  |Info:    |               Detecting I2C PCI devices            |
2077  |Info:    ------------------------------------------------------
2077  |Info:    ------------------------------------------------------
2077  |Info:    |               Detecting HID devices                |
2077  |Info:    ------------------------------------------------------
2432  |Info:    Unable add this Logitech device: Not Connected
2786  |Info:    Unable add this Logitech device: Not Connected
3140  |Info:    Unable add this Logitech device: Not Connected
3494  |Info:    Unable add this Logitech device: Not Connected
3848  |Info:    Unable add this Logitech device: Not Connected
6537  |Info:    [G Pro Wireless Gaming Mouse] Registering RGB controller
6538  |Info:    [Anne Pro 2] Registering RGB controller
6538  |Info:    ------------------------------------------------------
6538  |Info:    |            Detecting libusb HID devices            |
6538  |Info:    ------------------------------------------------------
6655  |Info:    ------------------------------------------------------
6655  |Info:    |              Detecting other devices               |
6655  |Info:    ------------------------------------------------------
6665  |Info:    ------------------------------------------------------
6665  |Info:    |                Detection completed                 |
6665  |Info:    ------------------------------------------------------
6665  |Info:    Profile loading: Succeeded for Corsair Vengeance Pro RGB @ I2C: /dev/i2c-5, address 0x58
6665  |Info:    Profile loading: Succeeded for Corsair Vengeance Pro RGB @ I2C: /dev/i2c-5, address 0x59
6665  |Info:    Profile loading: Succeeded for G Pro Wireless Gaming Mouse @ HID: /dev/hidraw11 (Receiver) 
Wireless Index: 255
6665  |Info:    Profile loading: Succeeded for Anne Pro 2 @ HID: /dev/hidraw8
