    OpenRGB v0.9
    Commit:  from 
    Launched: 20241217_125607
====================================================================================================

2     |Info:    Found file: Default.orp attempting to validate header
2     |Info:    Valid v4 profile found for Default
1015  |Info:    ------------------------------------------------------
1015  |Info:    |               Start device detection               |
1015  |Info:    ------------------------------------------------------
1015  |Info:    Initializing HID interfaces: Success
1023  |Info:    ------------------------------------------------------
1023  |Info:    |             Detecting I2C interfaces               |
1023  |Info:    ------------------------------------------------------
1024  |Info:    Registering I2C interface: /dev/i2c-3 Device 10DE:2504 Subsystem: 10DE:2504
1024  |Info:    Registering I2C interface: /dev/i2c-1 Device 10DE:2504 Subsystem: 10DE:2504
1024  |Info:    Registering I2C interface: /dev/i2c-6 Device 1022:790B Subsystem: 1043:87C0
1024  |Info:    Registering I2C interface: /dev/i2c-4 Device 10DE:2504 Subsystem: 10DE:2504
1024  |Info:    Registering I2C interface: /dev/i2c-2 Device 10DE:2504 Subsystem: 10DE:2504
1024  |Info:    Registering I2C interface: /dev/i2c-0 Device 10DE:2504 Subsystem: 10DE:2504
1024  |Info:    Registering I2C interface: /dev/i2c-7 Device 1022:790B Subsystem: 1043:87C0
1024  |Info:    Registering I2C interface: /dev/i2c-5 Device 1022:790B Subsystem: 1043:87C0
1024  |Info:    ------------------------------------------------------
1024  |Info:    |               Detecting I2C devices                |
1024  |Info:    ------------------------------------------------------
1426  |Info:    [Corsair Vengeance Pro RGB] Registering RGB controller
1438  |Info:    [Corsair Vengeance Pro RGB] Registering RGB controller
2059  |Info:    ------------------------------------------------------
2059  |Info:    |               Detecting I2C PCI devices            |
2059  |Info:    ------------------------------------------------------
2059  |Info:    ------------------------------------------------------
2059  |Info:    |               Detecting HID devices                |
2059  |Info:    ------------------------------------------------------
2414  |Info:    Unable add this Logitech device: Not Connected
2768  |Info:    Unable add this Logitech device: Not Connected
3122  |Info:    Unable add this Logitech device: Not Connected
3476  |Info:    Unable add this Logitech device: Not Connected
3830  |Info:    Unable add this Logitech device: Not Connected
4184  |Info:    Unable add this Logitech device: Not Connected
4538  |Info:    Unable add this Logitech device: Not Connected
4892  |Info:    Unable add this Logitech device: Not Connected
5246  |Info:    Unable add this Logitech device: Not Connected
5600  |Info:    Unable add this Logitech device: Not Connected
5601  |Info:    [Anne Pro 2] Registering RGB controller
5601  |Info:    ------------------------------------------------------
5601  |Info:    |            Detecting libusb HID devices            |
5601  |Info:    ------------------------------------------------------
5720  |Info:    ------------------------------------------------------
5720  |Info:    |              Detecting other devices               |
5720  |Info:    ------------------------------------------------------
5728  |Info:    ------------------------------------------------------
5728  |Info:    |                Detection completed                 |
5728  |Info:    ------------------------------------------------------
5728  |Info:    Profile loading: Succeeded for Corsair Vengeance Pro RGB @ I2C: /dev/i2c-5, address 0x58
5728  |Info:    Profile loading: Succeeded for Corsair Vengeance Pro RGB @ I2C: /dev/i2c-5, address 0x59
5728  |Info:    Profile loading: Succeeded for Anne Pro 2 @ HID: /dev/hidraw8
