    OpenRGB v0.9
    Commit:  from 
    Launched: 20250128_214022
====================================================================================================

2     |Info:    Found file: Default.orp attempting to validate header
2     |Info:    Valid v4 profile found for Default
1014  |Info:    ------------------------------------------------------
1014  |Info:    |               Start device detection               |
1014  |Info:    ------------------------------------------------------
1014  |Info:    Initializing HID interfaces: Success
1025  |Info:    ------------------------------------------------------
1025  |Info:    |             Detecting I2C interfaces               |
1025  |Info:    ------------------------------------------------------
1025  |Info:    Registering I2C interface: /dev/i2c-3 Device 10DE:2504 Subsystem: 10DE:2504
1025  |Info:    Registering I2C interface: /dev/i2c-1 Device 10DE:2504 Subsystem: 10DE:2504
1025  |Info:    Registering I2C interface: /dev/i2c-6 Device 1022:790B Subsystem: 1043:87C0
1025  |Info:    Registering I2C interface: /dev/i2c-4 Device 10DE:2504 Subsystem: 10DE:2504
1025  |Info:    Registering I2C interface: /dev/i2c-2 Device 10DE:2504 Subsystem: 10DE:2504
1025  |Info:    Registering I2C interface: /dev/i2c-0 Device 10DE:2504 Subsystem: 10DE:2504
1025  |Info:    Registering I2C interface: /dev/i2c-7 Device 1022:790B Subsystem: 1043:87C0
1026  |Info:    Registering I2C interface: /dev/i2c-5 Device 1022:790B Subsystem: 1043:87C0
1026  |Info:    ------------------------------------------------------
1026  |Info:    |               Detecting I2C devices                |
1026  |Info:    ------------------------------------------------------
1438  |Info:    [Corsair Vengeance Pro RGB] Registering RGB controller
1450  |Info:    [Corsair Vengeance Pro RGB] Registering RGB controller
2070  |Info:    ------------------------------------------------------
2070  |Info:    |               Detecting I2C PCI devices            |
2070  |Info:    ------------------------------------------------------
2070  |Info:    ------------------------------------------------------
2070  |Info:    |               Detecting HID devices                |
2070  |Info:    ------------------------------------------------------
2425  |Info:    Unable add this Logitech device: Not Connected
2779  |Info:    Unable add this Logitech device: Not Connected
3133  |Info:    Unable add this Logitech device: Not Connected
4948  |Info:    [G Pro Wireless Gaming Mouse] Registering RGB controller
5016  |Info:    [SteelSeries Apex Pro TKL] Registering RGB controller
5016  |Info:    ------------------------------------------------------
5016  |Info:    |            Detecting libusb HID devices            |
5016  |Info:    ------------------------------------------------------
5153  |Info:    ------------------------------------------------------
5153  |Info:    |              Detecting other devices               |
5153  |Info:    ------------------------------------------------------
5164  |Info:    ------------------------------------------------------
5164  |Info:    |                Detection completed                 |
5164  |Info:    ------------------------------------------------------
5164  |Info:    Profile loading: Succeeded for Corsair Vengeance Pro RGB @ I2C: /dev/i2c-5, address 0x58
5164  |Info:    Profile loading: Succeeded for Corsair Vengeance Pro RGB @ I2C: /dev/i2c-5, address 0x59
5164  |Info:    Profile loading: Succeeded for G Pro Wireless Gaming Mouse @ HID: /dev/hidraw12 (Receiver) 
Wireless Index: 255
5164  |Info:    Profile loading: FAILED! for SteelSeries Apex Pro TKL @ HID: /dev/hidraw5
