    OpenRGB v0.9
    Commit:  from 
    Launched: 20241215_144851
====================================================================================================

0     |Info:    Found file: Default.orp attempting to validate header
1     |Info:    Valid v4 profile found for Default
1012  |Info:    ------------------------------------------------------
1012  |Info:    |               Start device detection               |
1012  |Info:    ------------------------------------------------------
1013  |Info:    Initializing HID interfaces: Success
1023  |Info:    ------------------------------------------------------
1023  |Info:    |             Detecting I2C interfaces               |
1023  |Info:    ------------------------------------------------------
1023  |Info:    Registering I2C interface: /dev/i2c-3 Device 10DE:2504 Subsystem: 10DE:2504
1023  |Info:    Registering I2C interface: /dev/i2c-1 Device 10DE:2504 Subsystem: 10DE:2504
1023  |Info:    Registering I2C interface: /dev/i2c-6 Device 1022:790B Subsystem: 1043:87C0
1023  |Info:    Registering I2C interface: /dev/i2c-4 Device 10DE:2504 Subsystem: 10DE:2504
1023  |Info:    Registering I2C interface: /dev/i2c-2 Device 10DE:2504 Subsystem: 10DE:2504
1023  |Info:    Registering I2C interface: /dev/i2c-0 Device 10DE:2504 Subsystem: 10DE:2504
1023  |Info:    Registering I2C interface: /dev/i2c-7 Device 1022:790B Subsystem: 1043:87C0
1024  |Info:    Registering I2C interface: /dev/i2c-5 Device 1022:790B Subsystem: 1043:87C0
1024  |Info:    ------------------------------------------------------
1024  |Info:    |               Detecting I2C devices                |
1024  |Info:    ------------------------------------------------------
1432  |Info:    [Corsair Vengeance Pro RGB] Registering RGB controller
1444  |Info:    [Corsair Vengeance Pro RGB] Registering RGB controller
2063  |Info:    ------------------------------------------------------
2063  |Info:    |               Detecting I2C PCI devices            |
2063  |Info:    ------------------------------------------------------
2064  |Info:    ------------------------------------------------------
2064  |Info:    |               Detecting HID devices                |
2064  |Info:    ------------------------------------------------------
2419  |Info:    Unable add this Logitech device: Not Connected
2773  |Info:    Unable add this Logitech device: Not Connected
3127  |Info:    Unable add this Logitech device: Not Connected
3481  |Info:    Unable add this Logitech device: Not Connected
3835  |Info:    Unable add this Logitech device: Not Connected
4189  |Info:    Unable add this Logitech device: Not Connected
4543  |Info:    Unable add this Logitech device: Not Connected
4897  |Info:    Unable add this Logitech device: Not Connected
5251  |Info:    Unable add this Logitech device: Not Connected
5605  |Info:    Unable add this Logitech device: Not Connected
5606  |Info:    [Anne Pro 2] Registering RGB controller
5606  |Info:    ------------------------------------------------------
5606  |Info:    |            Detecting libusb HID devices            |
5606  |Info:    ------------------------------------------------------
5726  |Info:    ------------------------------------------------------
5726  |Info:    |              Detecting other devices               |
5726  |Info:    ------------------------------------------------------
5734  |Info:    ------------------------------------------------------
5734  |Info:    |                Detection completed                 |
5734  |Info:    ------------------------------------------------------
5734  |Info:    Profile loading: Succeeded for Corsair Vengeance Pro RGB @ I2C: /dev/i2c-5, address 0x58
5734  |Info:    Profile loading: Succeeded for Corsair Vengeance Pro RGB @ I2C: /dev/i2c-5, address 0x59
5734  |Info:    Profile loading: Succeeded for Anne Pro 2 @ HID: /dev/hidraw8
