    OpenRGB v0.9
    Commit:  from 
    Launched: 20250122_171512
====================================================================================================

0     |Info:    Found file: Default.orp attempting to validate header
0     |Info:    Valid v4 profile found for Default
1002  |Info:    ------------------------------------------------------
1002  |Info:    |               Start device detection               |
1002  |Info:    ------------------------------------------------------
1002  |Info:    Initializing HID interfaces: Success
1014  |Info:    ------------------------------------------------------
1014  |Info:    |             Detecting I2C interfaces               |
1014  |Info:    ------------------------------------------------------
1014  |Info:    Registering I2C interface: /dev/i2c-3 Device 10DE:2504 Subsystem: 10DE:2504
1014  |Info:    Registering I2C interface: /dev/i2c-1 Device 10DE:2504 Subsystem: 10DE:2504
1015  |Info:    Registering I2C interface: /dev/i2c-6 Device 1022:790B Subsystem: 1043:87C0
1015  |Info:    Registering I2C interface: /dev/i2c-4 Device 10DE:2504 Subsystem: 10DE:2504
1015  |Info:    Registering I2C interface: /dev/i2c-2 Device 10DE:2504 Subsystem: 10DE:2504
1015  |Info:    Registering I2C interface: /dev/i2c-0 Device 10DE:2504 Subsystem: 10DE:2504
1015  |Info:    Registering I2C interface: /dev/i2c-7 Device 1022:790B Subsystem: 1043:87C0
1015  |Info:    Registering I2C interface: /dev/i2c-5 Device 1022:790B Subsystem: 1043:87C0
1015  |Info:    ------------------------------------------------------
1015  |Info:    |               Detecting I2C devices                |
1015  |Info:    ------------------------------------------------------
1419  |Info:    [Corsair Vengeance Pro RGB] Registering RGB controller
1431  |Info:    [Corsair Vengeance Pro RGB] Registering RGB controller
2050  |Info:    ------------------------------------------------------
2050  |Info:    |               Detecting I2C PCI devices            |
2050  |Info:    ------------------------------------------------------
2051  |Info:    ------------------------------------------------------
2051  |Info:    |               Detecting HID devices                |
2051  |Info:    ------------------------------------------------------
3637  |Info:    [G Pro Wireless Gaming Mouse] Registering RGB controller
3637  |Info:    [Anne Pro 2] Registering RGB controller
3638  |Info:    ------------------------------------------------------
3638  |Info:    |            Detecting libusb HID devices            |
3638  |Info:    ------------------------------------------------------
3758  |Info:    ------------------------------------------------------
3758  |Info:    |              Detecting other devices               |
3758  |Info:    ------------------------------------------------------
3766  |Info:    ------------------------------------------------------
3766  |Info:    |                Detection completed                 |
3766  |Info:    ------------------------------------------------------
3767  |Info:    Profile loading: Succeeded for Corsair Vengeance Pro RGB @ I2C: /dev/i2c-5, address 0x58
3767  |Info:    Profile loading: Succeeded for Corsair Vengeance Pro RGB @ I2C: /dev/i2c-5, address 0x59
3767  |Info:    Profile loading: Succeeded for G Pro Wireless Gaming Mouse @ HID: /dev/hidraw13 (Receiver) 
Wireless Index: 255
3767  |Info:    Profile loading: Succeeded for Anne Pro 2 @ HID: /dev/hidraw10
