    OpenRGB v0.9
    Commit:  from 
    Launched: 20250119_155745
====================================================================================================

1     |Info:    Found file: Default.orp attempting to validate header
1     |Info:    Valid v4 profile found for Default
1013  |Info:    ------------------------------------------------------
1013  |Info:    |               Start device detection               |
1013  |Info:    ------------------------------------------------------
1013  |Info:    Initializing HID interfaces: Success
1025  |Info:    ------------------------------------------------------
1025  |Info:    |             Detecting I2C interfaces               |
1025  |Info:    ------------------------------------------------------
1025  |Info:    Registering I2C interface: /dev/i2c-3 Device 10DE:2504 Subsystem: 10DE:2504
1025  |Info:    Registering I2C interface: /dev/i2c-1 Device 10DE:2504 Subsystem: 10DE:2504
1025  |Info:    Registering I2C interface: /dev/i2c-6 Device 1022:790B Subsystem: 1043:87C0
1025  |Info:    Registering I2C interface: /dev/i2c-4 Device 10DE:2504 Subsystem: 10DE:2504
1025  |Info:    Registering I2C interface: /dev/i2c-2 Device 10DE:2504 Subsystem: 10DE:2504
1025  |Info:    Registering I2C interface: /dev/i2c-0 Device 10DE:2504 Subsystem: 10DE:2504
1026  |Info:    Registering I2C interface: /dev/i2c-7 Device 1022:790B Subsystem: 1043:87C0
1026  |Info:    Registering I2C interface: /dev/i2c-5 Device 1022:790B Subsystem: 1043:87C0
1026  |Info:    ------------------------------------------------------
1026  |Info:    |               Detecting I2C devices                |
1026  |Info:    ------------------------------------------------------
1431  |Info:    [Corsair Vengeance Pro RGB] Registering RGB controller
1443  |Info:    [Corsair Vengeance Pro RGB] Registering RGB controller
2063  |Info:    ------------------------------------------------------
2063  |Info:    |               Detecting I2C PCI devices            |
2063  |Info:    ------------------------------------------------------
2063  |Info:    ------------------------------------------------------
2063  |Info:    |               Detecting HID devices                |
2063  |Info:    ------------------------------------------------------
2418  |Info:    Unable add this Logitech device: Not Connected
2772  |Info:    Unable add this Logitech device: Not Connected
4393  |Info:    [G Pro Wireless Gaming Mouse] Registering RGB controller
4394  |Info:    [Anne Pro 2] Registering RGB controller
4394  |Info:    ------------------------------------------------------
4394  |Info:    |            Detecting libusb HID devices            |
4394  |Info:    ------------------------------------------------------
4516  |Info:    ------------------------------------------------------
4516  |Info:    |              Detecting other devices               |
4516  |Info:    ------------------------------------------------------
4526  |Info:    ------------------------------------------------------
4526  |Info:    |                Detection completed                 |
4526  |Info:    ------------------------------------------------------
4526  |Info:    Profile loading: Succeeded for Corsair Vengeance Pro RGB @ I2C: /dev/i2c-5, address 0x58
4526  |Info:    Profile loading: Succeeded for Corsair Vengeance Pro RGB @ I2C: /dev/i2c-5, address 0x59
4526  |Info:    Profile loading: Succeeded for G Pro Wireless Gaming Mouse @ HID: /dev/hidraw11 (Receiver) 
Wireless Index: 255
4526  |Info:    Profile loading: Succeeded for Anne Pro 2 @ HID: /dev/hidraw8
