    OpenRGB v0.9
    Commit:  from 
    Launched: 20250112_134702
====================================================================================================

0     |Info:    Found file: Default.orp attempting to validate header
0     |Info:    Valid v4 profile found for Default
1002  |Info:    ------------------------------------------------------
1002  |Info:    |               Start device detection               |
1002  |Info:    ------------------------------------------------------
1002  |Info:    Initializing HID interfaces: Success
1012  |Info:    ------------------------------------------------------
1012  |Info:    |             Detecting I2C interfaces               |
1012  |Info:    ------------------------------------------------------
1012  |Info:    Registering I2C interface: /dev/i2c-3 Device 10DE:2504 Subsystem: 10DE:2504
1012  |Info:    Registering I2C interface: /dev/i2c-1 Device 10DE:2504 Subsystem: 10DE:2504
1012  |Info:    Registering I2C interface: /dev/i2c-6 Device 1022:790B Subsystem: 1043:87C0
1012  |Info:    Registering I2C interface: /dev/i2c-4 Device 10DE:2504 Subsystem: 10DE:2504
1013  |Info:    Registering I2C interface: /dev/i2c-2 Device 10DE:2504 Subsystem: 10DE:2504
1013  |Info:    Registering I2C interface: /dev/i2c-0 Device 10DE:2504 Subsystem: 10DE:2504
1013  |Info:    Registering I2C interface: /dev/i2c-7 Device 1022:790B Subsystem: 1043:87C0
1013  |Info:    Registering I2C interface: /dev/i2c-5 Device 1022:790B Subsystem: 1043:87C0
1013  |Info:    ------------------------------------------------------
1013  |Info:    |               Detecting I2C devices                |
1013  |Info:    ------------------------------------------------------
1414  |Info:    [Corsair Vengeance Pro RGB] Registering RGB controller
1426  |Info:    [Corsair Vengeance Pro RGB] Registering RGB controller
2045  |Info:    ------------------------------------------------------
2045  |Info:    |               Detecting I2C PCI devices            |
2045  |Info:    ------------------------------------------------------
2046  |Info:    ------------------------------------------------------
2046  |Info:    |               Detecting HID devices                |
2046  |Info:    ------------------------------------------------------
2597  |Info:    [G Pro Wireless Gaming Mouse] Registering RGB controller
2598  |Info:    [Anne Pro 2] Registering RGB controller
2598  |Info:    ------------------------------------------------------
2598  |Info:    |            Detecting libusb HID devices            |
2598  |Info:    ------------------------------------------------------
2718  |Info:    ------------------------------------------------------
2718  |Info:    |              Detecting other devices               |
2718  |Info:    ------------------------------------------------------
2726  |Info:    ------------------------------------------------------
2726  |Info:    |                Detection completed                 |
2726  |Info:    ------------------------------------------------------
2726  |Info:    Profile loading: Succeeded for Corsair Vengeance Pro RGB @ I2C: /dev/i2c-5, address 0x58
2726  |Info:    Profile loading: Succeeded for Corsair Vengeance Pro RGB @ I2C: /dev/i2c-5, address 0x59
2726  |Info:    Profile loading: Succeeded for G Pro Wireless Gaming Mouse @ HID: /dev/hidraw11 (Receiver) 
Wireless Index: 255
2726  |Info:    Profile loading: Succeeded for Anne Pro 2 @ HID: /dev/hidraw8
