    OpenRGB v0.9
    Commit:  from 
    Launched: 20241207_175140
====================================================================================================

1     |Info:    Found file: Default.orp attempting to validate header
2     |Info:    Valid v4 profile found for Default
1016  |Info:    ------------------------------------------------------
1016  |Info:    |               Start device detection               |
1016  |Info:    ------------------------------------------------------
1016  |Info:    Initializing HID interfaces: Success
1022  |Info:    ------------------------------------------------------
1022  |Info:    |             Detecting I2C interfaces               |
1022  |Info:    ------------------------------------------------------
1023  |Info:    Registering I2C interface: /dev/i2c-3 Device 10DE:2504 Subsystem: 10DE:2504
1023  |Info:    Registering I2C interface: /dev/i2c-1 Device 10DE:2504 Subsystem: 10DE:2504
1023  |Info:    Registering I2C interface: /dev/i2c-6 Device 1022:790B Subsystem: 1043:87C0
1023  |Info:    Registering I2C interface: /dev/i2c-4 Device 10DE:2504 Subsystem: 10DE:2504
1023  |Info:    Registering I2C interface: /dev/i2c-2 Device 10DE:2504 Subsystem: 10DE:2504
1023  |Info:    Registering I2C interface: /dev/i2c-0 Device 10DE:2504 Subsystem: 10DE:2504
1023  |Info:    Registering I2C interface: /dev/i2c-7 Device 1022:790B Subsystem: 1043:87C0
1023  |Info:    Registering I2C interface: /dev/i2c-5 Device 1022:790B Subsystem: 1043:87C0
1023  |Info:    ------------------------------------------------------
1023  |Info:    |               Detecting I2C devices                |
1023  |Info:    ------------------------------------------------------
1428  |Info:    [Corsair Vengeance Pro RGB] Registering RGB controller
1440  |Info:    [Corsair Vengeance Pro RGB] Registering RGB controller
2059  |Info:    ------------------------------------------------------
2060  |Info:    |               Detecting I2C PCI devices            |
2060  |Info:    ------------------------------------------------------
2060  |Info:    ------------------------------------------------------
2060  |Info:    |               Detecting HID devices                |
2060  |Info:    ------------------------------------------------------
2415  |Info:    Unable add this Logitech device: Not Connected
2769  |Info:    Unable add this Logitech device: Not Connected
3123  |Info:    Unable add this Logitech device: Not Connected
3477  |Info:    Unable add this Logitech device: Not Connected
3831  |Info:    Unable add this Logitech device: Not Connected
4185  |Info:    Unable add this Logitech device: Not Connected
4539  |Info:    Unable add this Logitech device: Not Connected
4893  |Info:    Unable add this Logitech device: Not Connected
6738  |Info:    [Anne Pro 2] Registering RGB controller
6738  |Info:    ------------------------------------------------------
6738  |Info:    |            Detecting libusb HID devices            |
6738  |Info:    ------------------------------------------------------
6858  |Info:    ------------------------------------------------------
6858  |Info:    |              Detecting other devices               |
6858  |Info:    ------------------------------------------------------
6867  |Info:    ------------------------------------------------------
6867  |Info:    |                Detection completed                 |
6867  |Info:    ------------------------------------------------------
6867  |Info:    Profile loading: Succeeded for Corsair Vengeance Pro RGB @ I2C: /dev/i2c-5, address 0x58
6867  |Info:    Profile loading: Succeeded for Corsair Vengeance Pro RGB @ I2C: /dev/i2c-5, address 0x59
6867  |Info:    Profile loading: Succeeded for Anne Pro 2 @ HID: /dev/hidraw5
