    OpenRGB v0.9
    Commit:  from 
    Launched: 20241218_200347
====================================================================================================

0     |Info:    Found file: Default.orp attempting to validate header
0     |Info:    Valid v4 profile found for Default
1002  |Info:    ------------------------------------------------------
1002  |Info:    |               Start device detection               |
1002  |Info:    ------------------------------------------------------
1002  |Info:    Initializing HID interfaces: Success
1010  |Info:    ------------------------------------------------------
1010  |Info:    |             Detecting I2C interfaces               |
1010  |Info:    ------------------------------------------------------
1011  |Info:    Registering I2C interface: /dev/i2c-3 Device 10DE:2504 Subsystem: 10DE:2504
1011  |Info:    Registering I2C interface: /dev/i2c-1 Device 10DE:2504 Subsystem: 10DE:2504
1011  |Info:    Registering I2C interface: /dev/i2c-6 Device 1022:790B Subsystem: 1043:87C0
1011  |Info:    Registering I2C interface: /dev/i2c-4 Device 10DE:2504 Subsystem: 10DE:2504
1011  |Info:    Registering I2C interface: /dev/i2c-2 Device 10DE:2504 Subsystem: 10DE:2504
1011  |Info:    Registering I2C interface: /dev/i2c-0 Device 10DE:2504 Subsystem: 10DE:2504
1011  |Info:    Registering I2C interface: /dev/i2c-7 Device 1022:790B Subsystem: 1043:87C0
1011  |Info:    Registering I2C interface: /dev/i2c-5 Device 1022:790B Subsystem: 1043:87C0
1011  |Info:    ------------------------------------------------------
1011  |Info:    |               Detecting I2C devices                |
1011  |Info:    ------------------------------------------------------
1412  |Info:    [Corsair Vengeance Pro RGB] Registering RGB controller
1424  |Info:    [Corsair Vengeance Pro RGB] Registering RGB controller
2045  |Info:    ------------------------------------------------------
2045  |Info:    |               Detecting I2C PCI devices            |
2045  |Info:    ------------------------------------------------------
2045  |Info:    ------------------------------------------------------
2045  |Info:    |               Detecting HID devices                |
2045  |Info:    ------------------------------------------------------
4019  |Info:    [G Pro Wireless Gaming Mouse] Registering RGB controller
4019  |Info:    [Anne Pro 2] Registering RGB controller
4019  |Info:    ------------------------------------------------------
4019  |Info:    |            Detecting libusb HID devices            |
4019  |Info:    ------------------------------------------------------
4136  |Info:    ------------------------------------------------------
4136  |Info:    |              Detecting other devices               |
4136  |Info:    ------------------------------------------------------
4142  |Info:    ------------------------------------------------------
4142  |Info:    |                Detection completed                 |
4142  |Info:    ------------------------------------------------------
4142  |Info:    Profile loading: Succeeded for Corsair Vengeance Pro RGB @ I2C: /dev/i2c-5, address 0x58
4142  |Info:    Profile loading: Succeeded for Corsair Vengeance Pro RGB @ I2C: /dev/i2c-5, address 0x59
4142  |Info:    Profile loading: Succeeded for G Pro Wireless Gaming Mouse @ HID: /dev/hidraw11 (Receiver) 
Wireless Index: 255
4142  |Info:    Profile loading: Succeeded for Anne Pro 2 @ HID: /dev/hidraw8
275234|Info:    Closing server connection: 127.0.0.1
717724|Info:    Closing server connection: 127.0.0.1
903997|Info:    Closing server connection: 127.0.0.1
3637850|Info:    Closing server connection: 127.0.0.1
