    OpenRGB v0.9
    Commit:  from 
    Launched: 20250127_184435
====================================================================================================

3     |Info:    Found file: Default.orp attempting to validate header
3     |Info:    Valid v4 profile found for Default
1024  |Info:    ------------------------------------------------------
1024  |Info:    |               Start device detection               |
1024  |Info:    ------------------------------------------------------
1024  |Info:    Initializing HID interfaces: Success
1034  |Info:    ------------------------------------------------------
1034  |Info:    |             Detecting I2C interfaces               |
1034  |Info:    ------------------------------------------------------
1034  |Info:    Registering I2C interface: /dev/i2c-3 Device 10DE:2504 Subsystem: 10DE:2504
1034  |Info:    Registering I2C interface: /dev/i2c-1 Device 10DE:2504 Subsystem: 10DE:2504
1034  |Info:    Registering I2C interface: /dev/i2c-6 Device 1022:790B Subsystem: 1043:87C0
1034  |Info:    Registering I2C interface: /dev/i2c-4 Device 10DE:2504 Subsystem: 10DE:2504
1035  |Info:    Registering I2C interface: /dev/i2c-2 Device 10DE:2504 Subsystem: 10DE:2504
1035  |Info:    Registering I2C interface: /dev/i2c-0 Device 10DE:2504 Subsystem: 10DE:2504
1035  |Info:    Registering I2C interface: /dev/i2c-7 Device 1022:790B Subsystem: 1043:87C0
1035  |Info:    Registering I2C interface: /dev/i2c-5 Device 1022:790B Subsystem: 1043:87C0
1035  |Info:    ------------------------------------------------------
1035  |Info:    |               Detecting I2C devices                |
1035  |Info:    ------------------------------------------------------
1441  |Info:    [Corsair Vengeance Pro RGB] Registering RGB controller
1452  |Info:    [Corsair Vengeance Pro RGB] Registering RGB controller
2072  |Info:    ------------------------------------------------------
2072  |Info:    |               Detecting I2C PCI devices            |
2072  |Info:    ------------------------------------------------------
2073  |Info:    ------------------------------------------------------
2073  |Info:    |               Detecting HID devices                |
2073  |Info:    ------------------------------------------------------
2428  |Info:    Unable add this Logitech device: Not Connected
2782  |Info:    Unable add this Logitech device: Not Connected
3136  |Info:    Unable add this Logitech device: Not Connected
3490  |Info:    Unable add this Logitech device: Not Connected
3844  |Info:    Unable add this Logitech device: Not Connected
4198  |Info:    Unable add this Logitech device: Not Connected
4552  |Info:    Unable add this Logitech device: Not Connected
4906  |Info:    Unable add this Logitech device: Not Connected
5260  |Info:    Unable add this Logitech device: Not Connected
5614  |Info:    Unable add this Logitech device: Not Connected
5685  |Info:    [SteelSeries Apex Pro TKL] Registering RGB controller
5685  |Info:    ------------------------------------------------------
5685  |Info:    |            Detecting libusb HID devices            |
5685  |Info:    ------------------------------------------------------
5819  |Info:    ------------------------------------------------------
5819  |Info:    |              Detecting other devices               |
5819  |Info:    ------------------------------------------------------
5828  |Info:    ------------------------------------------------------
5829  |Info:    |                Detection completed                 |
5829  |Info:    ------------------------------------------------------
5829  |Info:    Profile loading: Succeeded for Corsair Vengeance Pro RGB @ I2C: /dev/i2c-5, address 0x58
5829  |Info:    Profile loading: Succeeded for Corsair Vengeance Pro RGB @ I2C: /dev/i2c-5, address 0x59
5829  |Info:    Profile loading: FAILED! for SteelSeries Apex Pro TKL @ HID: /dev/hidraw5
