    OpenRGB v0.9
    Commit:  from 
    Launched: 20241223_230106
====================================================================================================

5     |Info:    Found file: Default.orp attempting to validate header
5     |Info:    Valid v4 profile found for Default
1024  |Info:    ------------------------------------------------------
1024  |Info:    |               Start device detection               |
1024  |Info:    ------------------------------------------------------
1025  |Info:    Initializing HID interfaces: Success
1033  |Info:    ------------------------------------------------------
1033  |Info:    |             Detecting I2C interfaces               |
1033  |Info:    ------------------------------------------------------
1033  |Info:    Registering I2C interface: /dev/i2c-3 Device 10DE:2504 Subsystem: 10DE:2504
1033  |Info:    Registering I2C interface: /dev/i2c-1 Device 10DE:2504 Subsystem: 10DE:2504
1033  |Info:    Registering I2C interface: /dev/i2c-6 Device 1022:790B Subsystem: 1043:87C0
1033  |Info:    Registering I2C interface: /dev/i2c-4 Device 10DE:2504 Subsystem: 10DE:2504
1033  |Info:    Registering I2C interface: /dev/i2c-2 Device 10DE:2504 Subsystem: 10DE:2504
1034  |Info:    Registering I2C interface: /dev/i2c-0 Device 10DE:2504 Subsystem: 10DE:2504
1034  |Info:    Registering I2C interface: /dev/i2c-7 Device 1022:790B Subsystem: 1043:87C0
1034  |Info:    Registering I2C interface: /dev/i2c-5 Device 1022:790B Subsystem: 1043:87C0
1034  |Info:    ------------------------------------------------------
1034  |Info:    |               Detecting I2C devices                |
1034  |Info:    ------------------------------------------------------
1435  |Info:    [Corsair Vengeance Pro RGB] Registering RGB controller
1446  |Info:    [Corsair Vengeance Pro RGB] Registering RGB controller
2068  |Info:    ------------------------------------------------------
2068  |Info:    |               Detecting I2C PCI devices            |
2068  |Info:    ------------------------------------------------------
2069  |Info:    ------------------------------------------------------
2069  |Info:    |               Detecting HID devices                |
2069  |Info:    ------------------------------------------------------
2424  |Info:    Unable add this Logitech device: Not Connected
3259  |Info:    [G Pro Wireless Gaming Mouse] Registering RGB controller
3260  |Info:    [Anne Pro 2] Registering RGB controller
3260  |Info:    ------------------------------------------------------
3260  |Info:    |            Detecting libusb HID devices            |
3260  |Info:    ------------------------------------------------------
3379  |Info:    ------------------------------------------------------
3380  |Info:    |              Detecting other devices               |
3380  |Info:    ------------------------------------------------------
3391  |Info:    ------------------------------------------------------
3391  |Info:    |                Detection completed                 |
3391  |Info:    ------------------------------------------------------
3391  |Info:    Profile loading: Succeeded for Corsair Vengeance Pro RGB @ I2C: /dev/i2c-5, address 0x58
3391  |Info:    Profile loading: Succeeded for Corsair Vengeance Pro RGB @ I2C: /dev/i2c-5, address 0x59
3391  |Info:    Profile loading: Succeeded for G Pro Wireless Gaming Mouse @ HID: /dev/hidraw11 (Receiver) 
Wireless Index: 255
3391  |Info:    Profile loading: Succeeded for Anne Pro 2 @ HID: /dev/hidraw8
15697 |Info:    Closing server connection: 127.0.0.1
