    OpenRGB v0.9
    Commit:  from 
    Launched: 20250130_191305
====================================================================================================

0     |Info:    Found file: Default.orp attempting to validate header
0     |Info:    Valid v4 profile found for Default
1001  |Info:    ------------------------------------------------------
1001  |Info:    |               Start device detection               |
1001  |Info:    ------------------------------------------------------
1002  |Info:    Initializing HID interfaces: Success
1011  |Info:    ------------------------------------------------------
1011  |Info:    |             Detecting I2C interfaces               |
1011  |Info:    ------------------------------------------------------
1011  |Info:    Registering I2C interface: /dev/i2c-3 Device 10DE:2504 Subsystem: 10DE:2504
1011  |Info:    Registering I2C interface: /dev/i2c-1 Device 10DE:2504 Subsystem: 10DE:2504
1011  |Info:    Registering I2C interface: /dev/i2c-6 Device 1022:790B Subsystem: 1043:87C0
1011  |Info:    Registering I2C interface: /dev/i2c-4 Device 10DE:2504 Subsystem: 10DE:2504
1011  |Info:    Registering I2C interface: /dev/i2c-2 Device 10DE:2504 Subsystem: 10DE:2504
1011  |Info:    Registering I2C interface: /dev/i2c-0 Device 10DE:2504 Subsystem: 10DE:2504
1011  |Info:    Registering I2C interface: /dev/i2c-7 Device 1022:790B Subsystem: 1043:87C0
1011  |Info:    Registering I2C interface: /dev/i2c-5 Device 1022:790B Subsystem: 1043:87C0
1011  |Info:    ------------------------------------------------------
1011  |Info:    |               Detecting I2C devices                |
1011  |Info:    ------------------------------------------------------
1412  |Info:    [Corsair Vengeance Pro RGB] Registering RGB controller
1424  |Info:    [Corsair Vengeance Pro RGB] Registering RGB controller
2044  |Info:    ------------------------------------------------------
2044  |Info:    |               Detecting I2C PCI devices            |
2044  |Info:    ------------------------------------------------------
2045  |Info:    ------------------------------------------------------
2045  |Info:    |               Detecting HID devices                |
2045  |Info:    ------------------------------------------------------
3195  |Info:    [G Pro Wireless Gaming Mouse] Registering RGB controller
3264  |Info:    [SteelSeries Apex Pro TKL] Registering RGB controller
3264  |Info:    ------------------------------------------------------
3264  |Info:    |            Detecting libusb HID devices            |
3264  |Info:    ------------------------------------------------------
3398  |Info:    ------------------------------------------------------
3398  |Info:    |              Detecting other devices               |
3398  |Info:    ------------------------------------------------------
3406  |Info:    ------------------------------------------------------
3406  |Info:    |                Detection completed                 |
3406  |Info:    ------------------------------------------------------
3407  |Info:    Profile loading: Succeeded for Corsair Vengeance Pro RGB @ I2C: /dev/i2c-5, address 0x58
3407  |Info:    Profile loading: Succeeded for Corsair Vengeance Pro RGB @ I2C: /dev/i2c-5, address 0x59
3407  |Info:    Profile loading: Succeeded for G Pro Wireless Gaming Mouse @ HID: /dev/hidraw12 (Receiver) 
Wireless Index: 255
3407  |Info:    Profile loading: FAILED! for SteelSeries Apex Pro TKL @ HID: /dev/hidraw5
