    OpenRGB v0.9
    Commit:  from 
    Launched: 20241201_005439
====================================================================================================

0     |Info:    Found file: Default.orp attempting to validate header
1     |Info:    Valid v4 profile found for Default
1013  |Info:    ------------------------------------------------------
1013  |Info:    |               Start device detection               |
1013  |Info:    ------------------------------------------------------
1013  |Info:    Initializing HID interfaces: Success
1021  |Info:    ------------------------------------------------------
1021  |Info:    |             Detecting I2C interfaces               |
1021  |Info:    ------------------------------------------------------
1021  |Info:    Registering I2C interface: /dev/i2c-3 Device 10DE:2504 Subsystem: 10DE:2504
1021  |Info:    Registering I2C interface: /dev/i2c-1 Device 10DE:2504 Subsystem: 10DE:2504
1021  |Info:    Registering I2C interface: /dev/i2c-6 Device 1022:790B Subsystem: 1043:87C0
1021  |Info:    Registering I2C interface: /dev/i2c-4 Device 10DE:2504 Subsystem: 10DE:2504
1021  |Info:    Registering I2C interface: /dev/i2c-2 Device 10DE:2504 Subsystem: 10DE:2504
1021  |Info:    Registering I2C interface: /dev/i2c-0 Device 10DE:2504 Subsystem: 10DE:2504
1022  |Info:    Registering I2C interface: /dev/i2c-7 Device 1022:790B Subsystem: 1043:87C0
1022  |Info:    Registering I2C interface: /dev/i2c-5 Device 1022:790B Subsystem: 1043:87C0
1022  |Info:    ------------------------------------------------------
1022  |Info:    |               Detecting I2C devices                |
1022  |Info:    ------------------------------------------------------
1424  |Info:    [Corsair Vengeance Pro RGB] Registering RGB controller
1437  |Info:    [Corsair Vengeance Pro RGB] Registering RGB controller
2056  |Info:    ------------------------------------------------------
2056  |Info:    |               Detecting I2C PCI devices            |
2056  |Info:    ------------------------------------------------------
2056  |Info:    ------------------------------------------------------
2056  |Info:    |               Detecting HID devices                |
2056  |Info:    ------------------------------------------------------
2411  |Info:    Unable add this Logitech device: Not Connected
2765  |Info:    Unable add this Logitech device: Not Connected
3119  |Info:    Unable add this Logitech device: Not Connected
3473  |Info:    Unable add this Logitech device: Not Connected
3827  |Info:    Unable add this Logitech device: Not Connected
4181  |Info:    Unable add this Logitech device: Not Connected
4535  |Info:    Unable add this Logitech device: Not Connected
4889  |Info:    Unable add this Logitech device: Not Connected
5243  |Info:    Unable add this Logitech device: Not Connected
5597  |Info:    Unable add this Logitech device: Not Connected
5598  |Info:    [Anne Pro 2] Registering RGB controller
5598  |Info:    ------------------------------------------------------
5598  |Info:    |            Detecting libusb HID devices            |
5598  |Info:    ------------------------------------------------------
5718  |Info:    ------------------------------------------------------
5718  |Info:    |              Detecting other devices               |
5718  |Info:    ------------------------------------------------------
5726  |Info:    ------------------------------------------------------
5726  |Info:    |                Detection completed                 |
5726  |Info:    ------------------------------------------------------
5727  |Info:    Profile loading: Succeeded for Corsair Vengeance Pro RGB @ I2C: /dev/i2c-5, address 0x58
5727  |Info:    Profile loading: Succeeded for Corsair Vengeance Pro RGB @ I2C: /dev/i2c-5, address 0x59
5727  |Info:    Profile loading: Succeeded for Anne Pro 2 @ HID: /dev/hidraw5
35830 |Info:    Closing server connection: 127.0.0.1
