    OpenRGB v0.9
    Commit:  from 
    Launched: 20250123_132710
====================================================================================================

2     |Info:    Found file: Default.orp attempting to validate header
2     |Info:    Valid v4 profile found for Default
1016  |Info:    ------------------------------------------------------
1016  |Info:    |               Start device detection               |
1016  |Info:    ------------------------------------------------------
1016  |Info:    Initializing HID interfaces: Success
1025  |Info:    ------------------------------------------------------
1025  |Info:    |             Detecting I2C interfaces               |
1025  |Info:    ------------------------------------------------------
1026  |Info:    Registering I2C interface: /dev/i2c-3 Device 10DE:2504 Subsystem: 10DE:2504
1026  |Info:    Registering I2C interface: /dev/i2c-1 Device 10DE:2504 Subsystem: 10DE:2504
1026  |Info:    Registering I2C interface: /dev/i2c-6 Device 1022:790B Subsystem: 1043:87C0
1026  |Info:    Registering I2C interface: /dev/i2c-4 Device 10DE:2504 Subsystem: 10DE:2504
1026  |Info:    Registering I2C interface: /dev/i2c-2 Device 10DE:2504 Subsystem: 10DE:2504
1026  |Info:    Registering I2C interface: /dev/i2c-0 Device 10DE:2504 Subsystem: 10DE:2504
1026  |Info:    Registering I2C interface: /dev/i2c-7 Device 1022:790B Subsystem: 1043:87C0
1026  |Info:    Registering I2C interface: /dev/i2c-5 Device 1022:790B Subsystem: 1043:87C0
1026  |Info:    ------------------------------------------------------
1026  |Info:    |               Detecting I2C devices                |
1026  |Info:    ------------------------------------------------------
1436  |Info:    [Corsair Vengeance Pro RGB] Registering RGB controller
1448  |Info:    [Corsair Vengeance Pro RGB] Registering RGB controller
2069  |Info:    ------------------------------------------------------
2069  |Info:    |               Detecting I2C PCI devices            |
2069  |Info:    ------------------------------------------------------
2070  |Info:    ------------------------------------------------------
2070  |Info:    |               Detecting HID devices                |
2070  |Info:    ------------------------------------------------------
2425  |Info:    Unable add this Logitech device: Not Connected
2779  |Info:    Unable add this Logitech device: Not Connected
3133  |Info:    Unable add this Logitech device: Not Connected
3487  |Info:    Unable add this Logitech device: Not Connected
3841  |Info:    Unable add this Logitech device: Not Connected
4195  |Info:    Unable add this Logitech device: Not Connected
4549  |Info:    Unable add this Logitech device: Not Connected
4903  |Info:    Unable add this Logitech device: Not Connected
5257  |Info:    Unable add this Logitech device: Not Connected
5611  |Info:    Unable add this Logitech device: Not Connected
5681  |Info:    [SteelSeries Apex Pro TKL] Registering RGB controller
5681  |Info:    ------------------------------------------------------
5681  |Info:    |            Detecting libusb HID devices            |
5681  |Info:    ------------------------------------------------------
5817  |Info:    ------------------------------------------------------
5817  |Info:    |              Detecting other devices               |
5817  |Info:    ------------------------------------------------------
5830  |Info:    ------------------------------------------------------
5830  |Info:    |                Detection completed                 |
5830  |Info:    ------------------------------------------------------
5830  |Info:    Profile loading: Succeeded for Corsair Vengeance Pro RGB @ I2C: /dev/i2c-5, address 0x58
5830  |Info:    Profile loading: Succeeded for Corsair Vengeance Pro RGB @ I2C: /dev/i2c-5, address 0x59
5830  |Info:    Profile loading: FAILED! for SteelSeries Apex Pro TKL @ HID: /dev/hidraw5
