    OpenRGB v0.9
    Commit:  from 
    Launched: 20241225_175615
====================================================================================================

5     |Info:    Found file: Default.orp attempting to validate header
5     |Info:    Valid v4 profile found for Default
1036  |Info:    ------------------------------------------------------
1036  |Info:    |               Start device detection               |
1036  |Info:    ------------------------------------------------------
1036  |Info:    Initializing HID interfaces: Success
1046  |Info:    ------------------------------------------------------
1046  |Info:    |             Detecting I2C interfaces               |
1046  |Info:    ------------------------------------------------------
1046  |Info:    Registering I2C interface: /dev/i2c-3 Device 10DE:2504 Subsystem: 10DE:2504
1046  |Info:    Registering I2C interface: /dev/i2c-1 Device 10DE:2504 Subsystem: 10DE:2504
1046  |Info:    Registering I2C interface: /dev/i2c-6 Device 1022:790B Subsystem: 1043:87C0
1046  |Info:    Registering I2C interface: /dev/i2c-4 Device 10DE:2504 Subsystem: 10DE:2504
1046  |Info:    Registering I2C interface: /dev/i2c-2 Device 10DE:2504 Subsystem: 10DE:2504
1046  |Info:    Registering I2C interface: /dev/i2c-0 Device 10DE:2504 Subsystem: 10DE:2504
1046  |Info:    Registering I2C interface: /dev/i2c-7 Device 1022:790B Subsystem: 1043:87C0
1046  |Info:    Registering I2C interface: /dev/i2c-5 Device 1022:790B Subsystem: 1043:87C0
1046  |Info:    ------------------------------------------------------
1046  |Info:    |               Detecting I2C devices                |
1046  |Info:    ------------------------------------------------------
1449  |Info:    [Corsair Vengeance Pro RGB] Registering RGB controller
1461  |Info:    [Corsair Vengeance Pro RGB] Registering RGB controller
2083  |Info:    ------------------------------------------------------
2083  |Info:    |               Detecting I2C PCI devices            |
2083  |Info:    ------------------------------------------------------
2083  |Info:    ------------------------------------------------------
2083  |Info:    |               Detecting HID devices                |
2083  |Info:    ------------------------------------------------------
6556  |Info:    [G Pro Wireless Gaming Mouse] Registering RGB controller
6557  |Info:    [Anne Pro 2] Registering RGB controller
6557  |Info:    ------------------------------------------------------
6557  |Info:    |            Detecting libusb HID devices            |
6557  |Info:    ------------------------------------------------------
6676  |Info:    ------------------------------------------------------
6676  |Info:    |              Detecting other devices               |
6676  |Info:    ------------------------------------------------------
6687  |Info:    ------------------------------------------------------
6687  |Info:    |                Detection completed                 |
6687  |Info:    ------------------------------------------------------
6687  |Info:    Profile loading: Succeeded for Corsair Vengeance Pro RGB @ I2C: /dev/i2c-5, address 0x58
6687  |Info:    Profile loading: Succeeded for Corsair Vengeance Pro RGB @ I2C: /dev/i2c-5, address 0x59
6687  |Info:    Profile loading: Succeeded for G Pro Wireless Gaming Mouse @ HID: /dev/hidraw11 (Receiver) 
Wireless Index: 255
6687  |Info:    Profile loading: Succeeded for Anne Pro 2 @ HID: /dev/hidraw8
