    OpenRGB v0.9
    Commit:  from 
    Launched: 20250115_180807
====================================================================================================

1     |Info:    Found file: Default.orp attempting to validate header
1     |Info:    Valid v4 profile found for Default
1014  |Info:    ------------------------------------------------------
1014  |Info:    |               Start device detection               |
1014  |Info:    ------------------------------------------------------
1014  |Info:    Initializing HID interfaces: Success
1024  |Info:    ------------------------------------------------------
1024  |Info:    |             Detecting I2C interfaces               |
1024  |Info:    ------------------------------------------------------
1024  |Info:    Registering I2C interface: /dev/i2c-3 Device 10DE:2504 Subsystem: 10DE:2504
1024  |Info:    Registering I2C interface: /dev/i2c-1 Device 10DE:2504 Subsystem: 10DE:2504
1024  |Info:    Registering I2C interface: /dev/i2c-6 Device 1022:790B Subsystem: 1043:87C0
1025  |Info:    Registering I2C interface: /dev/i2c-4 Device 10DE:2504 Subsystem: 10DE:2504
1025  |Info:    Registering I2C interface: /dev/i2c-2 Device 10DE:2504 Subsystem: 10DE:2504
1025  |Info:    Registering I2C interface: /dev/i2c-0 Device 10DE:2504 Subsystem: 10DE:2504
1025  |Info:    Registering I2C interface: /dev/i2c-7 Device 1022:790B Subsystem: 1043:87C0
1025  |Info:    Registering I2C interface: /dev/i2c-5 Device 1022:790B Subsystem: 1043:87C0
1025  |Info:    ------------------------------------------------------
1025  |Info:    |               Detecting I2C devices                |
1025  |Info:    ------------------------------------------------------
1430  |Info:    [Corsair Vengeance Pro RGB] Registering RGB controller
1441  |Info:    [Corsair Vengeance Pro RGB] Registering RGB controller
2061  |Info:    ------------------------------------------------------
2061  |Info:    |               Detecting I2C PCI devices            |
2061  |Info:    ------------------------------------------------------
2062  |Info:    ------------------------------------------------------
2062  |Info:    |               Detecting HID devices                |
2062  |Info:    ------------------------------------------------------
2416  |Info:    Unable add this Logitech device: Not Connected
2770  |Info:    Unable add this Logitech device: Not Connected
3124  |Info:    Unable add this Logitech device: Not Connected
3478  |Info:    Unable add this Logitech device: Not Connected
3832  |Info:    Unable add this Logitech device: Not Connected
4186  |Info:    Unable add this Logitech device: Not Connected
4540  |Info:    Unable add this Logitech device: Not Connected
4894  |Info:    Unable add this Logitech device: Not Connected
5248  |Info:    Unable add this Logitech device: Not Connected
5602  |Info:    Unable add this Logitech device: Not Connected
5603  |Info:    [Anne Pro 2] Registering RGB controller
5603  |Info:    ------------------------------------------------------
5603  |Info:    |            Detecting libusb HID devices            |
5603  |Info:    ------------------------------------------------------
5724  |Info:    ------------------------------------------------------
5724  |Info:    |              Detecting other devices               |
5724  |Info:    ------------------------------------------------------
5733  |Info:    ------------------------------------------------------
5733  |Info:    |                Detection completed                 |
5733  |Info:    ------------------------------------------------------
5733  |Info:    Profile loading: Succeeded for Corsair Vengeance Pro RGB @ I2C: /dev/i2c-5, address 0x58
5733  |Info:    Profile loading: Succeeded for Corsair Vengeance Pro RGB @ I2C: /dev/i2c-5, address 0x59
5733  |Info:    Profile loading: Succeeded for Anne Pro 2 @ HID: /dev/hidraw8
