    OpenRGB v0.9
    Commit:  from 
    Launched: 20250109_141020
====================================================================================================

1     |Info:    Found file: Default.orp attempting to validate header
2     |Info:    Valid v4 profile found for Default
1019  |Info:    ------------------------------------------------------
1019  |Info:    |               Start device detection               |
1019  |Info:    ------------------------------------------------------
1019  |Info:    Initializing HID interfaces: Success
1027  |Info:    ------------------------------------------------------
1027  |Info:    |             Detecting I2C interfaces               |
1027  |Info:    ------------------------------------------------------
1027  |Info:    Registering I2C interface: /dev/i2c-3 Device 10DE:2504 Subsystem: 10DE:2504
1027  |Info:    Registering I2C interface: /dev/i2c-1 Device 10DE:2504 Subsystem: 10DE:2504
1027  |Info:    Registering I2C interface: /dev/i2c-6 Device 1022:790B Subsystem: 1043:87C0
1027  |Info:    Registering I2C interface: /dev/i2c-4 Device 10DE:2504 Subsystem: 10DE:2504
1027  |Info:    Registering I2C interface: /dev/i2c-2 Device 10DE:2504 Subsystem: 10DE:2504
1028  |Info:    Registering I2C interface: /dev/i2c-0 Device 10DE:2504 Subsystem: 10DE:2504
1028  |Info:    Registering I2C interface: /dev/i2c-7 Device 1022:790B Subsystem: 1043:87C0
1028  |Info:    Registering I2C interface: /dev/i2c-5 Device 1022:790B Subsystem: 1043:87C0
1028  |Info:    ------------------------------------------------------
1028  |Info:    |               Detecting I2C devices                |
1028  |Info:    ------------------------------------------------------
1432  |Info:    [Corsair Vengeance Pro RGB] Registering RGB controller
1444  |Info:    [Corsair Vengeance Pro RGB] Registering RGB controller
2063  |Info:    ------------------------------------------------------
2063  |Info:    |               Detecting I2C PCI devices            |
2063  |Info:    ------------------------------------------------------
2064  |Info:    ------------------------------------------------------
2064  |Info:    |               Detecting HID devices                |
2064  |Info:    ------------------------------------------------------
2065  |Info:    [Anne Pro 2] Registering RGB controller
2065  |Info:    ------------------------------------------------------
2065  |Info:    |            Detecting libusb HID devices            |
2065  |Info:    ------------------------------------------------------
2185  |Info:    ------------------------------------------------------
2185  |Info:    |              Detecting other devices               |
2185  |Info:    ------------------------------------------------------
2195  |Info:    ------------------------------------------------------
2195  |Info:    |                Detection completed                 |
2195  |Info:    ------------------------------------------------------
2196  |Info:    Profile loading: Succeeded for Corsair Vengeance Pro RGB @ I2C: /dev/i2c-5, address 0x58
2196  |Info:    Profile loading: Succeeded for Corsair Vengeance Pro RGB @ I2C: /dev/i2c-5, address 0x59
2196  |Info:    Profile loading: Succeeded for Anne Pro 2 @ HID: /dev/hidraw8
