    OpenRGB v0.9
    Commit:  from 
    Launched: 20241202_220403
====================================================================================================

1     |Info:    Found file: Default.orp attempting to validate header
1     |Info:    Valid v4 profile found for Default
1013  |Info:    ------------------------------------------------------
1013  |Info:    |               Start device detection               |
1013  |Info:    ------------------------------------------------------
1014  |Info:    Initializing HID interfaces: Success
1019  |Info:    ------------------------------------------------------
1019  |Info:    |             Detecting I2C interfaces               |
1019  |Info:    ------------------------------------------------------
1020  |Info:    Registering I2C interface: /dev/i2c-3 Device 10DE:2504 Subsystem: 10DE:2504
1020  |Info:    Registering I2C interface: /dev/i2c-1 Device 10DE:2504 Subsystem: 10DE:2504
1020  |Info:    Registering I2C interface: /dev/i2c-6 Device 1022:790B Subsystem: 1043:87C0
1020  |Info:    Registering I2C interface: /dev/i2c-4 Device 10DE:2504 Subsystem: 10DE:2504
1020  |Info:    Registering I2C interface: /dev/i2c-2 Device 10DE:2504 Subsystem: 10DE:2504
1020  |Info:    Registering I2C interface: /dev/i2c-0 Device 10DE:2504 Subsystem: 10DE:2504
1020  |Info:    Registering I2C interface: /dev/i2c-7 Device 1022:790B Subsystem: 1043:87C0
1020  |Info:    Registering I2C interface: /dev/i2c-5 Device 1022:790B Subsystem: 1043:87C0
1020  |Info:    ------------------------------------------------------
1020  |Info:    |               Detecting I2C devices                |
1020  |Info:    ------------------------------------------------------
1425  |Info:    [Corsair Vengeance Pro RGB] Registering RGB controller
1437  |Info:    [Corsair Vengeance Pro RGB] Registering RGB controller
2057  |Info:    ------------------------------------------------------
2057  |Info:    |               Detecting I2C PCI devices            |
2057  |Info:    ------------------------------------------------------
2058  |Info:    ------------------------------------------------------
2058  |Info:    |               Detecting HID devices                |
2058  |Info:    ------------------------------------------------------
2413  |Info:    Unable add this Logitech device: Not Connected
2767  |Info:    Unable add this Logitech device: Not Connected
3121  |Info:    Unable add this Logitech device: Not Connected
3475  |Info:    Unable add this Logitech device: Not Connected
3829  |Info:    Unable add this Logitech device: Not Connected
5618  |Info:    [G Pro Wireless Gaming Mouse] Registering RGB controller
5619  |Info:    [Anne Pro 2] Registering RGB controller
5619  |Info:    ------------------------------------------------------
5619  |Info:    |            Detecting libusb HID devices            |
5619  |Info:    ------------------------------------------------------
5739  |Info:    ------------------------------------------------------
5739  |Info:    |              Detecting other devices               |
5739  |Info:    ------------------------------------------------------
5748  |Info:    ------------------------------------------------------
5748  |Info:    |                Detection completed                 |
5748  |Info:    ------------------------------------------------------
5749  |Info:    Profile loading: Succeeded for Corsair Vengeance Pro RGB @ I2C: /dev/i2c-5, address 0x58
5749  |Info:    Profile loading: Succeeded for Corsair Vengeance Pro RGB @ I2C: /dev/i2c-5, address 0x59
5749  |Info:    Profile loading: Succeeded for G Pro Wireless Gaming Mouse @ HID: /dev/hidraw7 (Receiver) 
Wireless Index: 255
5749  |Info:    Profile loading: Succeeded for Anne Pro 2 @ HID: /dev/hidraw4
