    OpenRGB v0.9
    Commit:  from 
    Launched: 20250109_194228
====================================================================================================

0     |Info:    Found file: Default.orp attempting to validate header
1     |Info:    Valid v4 profile found for Default
1013  |Info:    ------------------------------------------------------
1013  |Info:    |               Start device detection               |
1013  |Info:    ------------------------------------------------------
1013  |Info:    Initializing HID interfaces: Success
1023  |Info:    ------------------------------------------------------
1023  |Info:    |             Detecting I2C interfaces               |
1023  |Info:    ------------------------------------------------------
1023  |Info:    Registering I2C interface: /dev/i2c-3 Device 10DE:2504 Subsystem: 10DE:2504
1023  |Info:    Registering I2C interface: /dev/i2c-1 Device 10DE:2504 Subsystem: 10DE:2504
1023  |Info:    Registering I2C interface: /dev/i2c-6 Device 1022:790B Subsystem: 1043:87C0
1023  |Info:    Registering I2C interface: /dev/i2c-4 Device 10DE:2504 Subsystem: 10DE:2504
1023  |Info:    Registering I2C interface: /dev/i2c-2 Device 10DE:2504 Subsystem: 10DE:2504
1024  |Info:    Registering I2C interface: /dev/i2c-0 Device 10DE:2504 Subsystem: 10DE:2504
1024  |Info:    Registering I2C interface: /dev/i2c-7 Device 1022:790B Subsystem: 1043:87C0
1024  |Info:    Registering I2C interface: /dev/i2c-5 Device 1022:790B Subsystem: 1043:87C0
1024  |Info:    ------------------------------------------------------
1024  |Info:    |               Detecting I2C devices                |
1024  |Info:    ------------------------------------------------------
1428  |Info:    [Corsair Vengeance Pro RGB] Registering RGB controller
1440  |Info:    [Corsair Vengeance Pro RGB] Registering RGB controller
2061  |Info:    ------------------------------------------------------
2061  |Info:    |               Detecting I2C PCI devices            |
2061  |Info:    ------------------------------------------------------
2062  |Info:    ------------------------------------------------------
2062  |Info:    |               Detecting HID devices                |
2062  |Info:    ------------------------------------------------------
2417  |Info:    Unable add this Logitech device: Not Connected
2771  |Info:    Unable add this Logitech device: Not Connected
3125  |Info:    Unable add this Logitech device: Not Connected
3479  |Info:    Unable add this Logitech device: Not Connected
3833  |Info:    Unable add this Logitech device: Not Connected
4187  |Info:    Unable add this Logitech device: Not Connected
4541  |Info:    Unable add this Logitech device: Not Connected
4895  |Info:    Unable add this Logitech device: Not Connected
5249  |Info:    Unable add this Logitech device: Not Connected
5603  |Info:    Unable add this Logitech device: Not Connected
5604  |Info:    [Anne Pro 2] Registering RGB controller
5604  |Info:    ------------------------------------------------------
5604  |Info:    |            Detecting libusb HID devices            |
5604  |Info:    ------------------------------------------------------
5728  |Info:    ------------------------------------------------------
5728  |Info:    |              Detecting other devices               |
5728  |Info:    ------------------------------------------------------
5741  |Info:    ------------------------------------------------------
5741  |Info:    |                Detection completed                 |
5741  |Info:    ------------------------------------------------------
5741  |Info:    Profile loading: Succeeded for Corsair Vengeance Pro RGB @ I2C: /dev/i2c-5, address 0x58
5741  |Info:    Profile loading: Succeeded for Corsair Vengeance Pro RGB @ I2C: /dev/i2c-5, address 0x59
5741  |Info:    Profile loading: Succeeded for Anne Pro 2 @ HID: /dev/hidraw8
