    OpenRGB v0.9
    Commit:  from 
    Launched: 20241207_165833
====================================================================================================

1     |Info:    Found file: Default.orp attempting to validate header
1     |Info:    Valid v4 profile found for Default
1013  |Info:    ------------------------------------------------------
1013  |Info:    |               Start device detection               |
1013  |Info:    ------------------------------------------------------
1014  |Info:    Initializing HID interfaces: Success
1020  |Info:    ------------------------------------------------------
1020  |Info:    |             Detecting I2C interfaces               |
1020  |Info:    ------------------------------------------------------
1020  |Info:    Registering I2C interface: /dev/i2c-3 Device 10DE:2504 Subsystem: 10DE:2504
1020  |Info:    Registering I2C interface: /dev/i2c-1 Device 10DE:2504 Subsystem: 10DE:2504
1020  |Info:    Registering I2C interface: /dev/i2c-6 Device 1022:790B Subsystem: 1043:87C0
1020  |Info:    Registering I2C interface: /dev/i2c-4 Device 10DE:2504 Subsystem: 10DE:2504
1020  |Info:    Registering I2C interface: /dev/i2c-2 Device 10DE:2504 Subsystem: 10DE:2504
1020  |Info:    Registering I2C interface: /dev/i2c-0 Device 10DE:2504 Subsystem: 10DE:2504
1021  |Info:    Registering I2C interface: /dev/i2c-7 Device 1022:790B Subsystem: 1043:87C0
1021  |Info:    Registering I2C interface: /dev/i2c-5 Device 1022:790B Subsystem: 1043:87C0
1021  |Info:    ------------------------------------------------------
1021  |Info:    |               Detecting I2C devices                |
1021  |Info:    ------------------------------------------------------
1420  |Info:    [Corsair Vengeance Pro RGB] Registering RGB controller
1432  |Info:    [Corsair Vengeance Pro RGB] Registering RGB controller
2052  |Info:    ------------------------------------------------------
2052  |Info:    |               Detecting I2C PCI devices            |
2052  |Info:    ------------------------------------------------------
2053  |Info:    ------------------------------------------------------
2053  |Info:    |               Detecting HID devices                |
2053  |Info:    ------------------------------------------------------
2407  |Info:    Unable add this Logitech device: Not Connected
2761  |Info:    Unable add this Logitech device: Not Connected
3115  |Info:    Unable add this Logitech device: Not Connected
3469  |Info:    Unable add this Logitech device: Not Connected
3823  |Info:    Unable add this Logitech device: Not Connected
4177  |Info:    Unable add this Logitech device: Not Connected
4532  |Info:    Unable add this Logitech device: Not Connected
4886  |Info:    Unable add this Logitech device: Not Connected
5240  |Info:    Unable add this Logitech device: Not Connected
5594  |Info:    Unable add this Logitech device: Not Connected
5594  |Info:    [Anne Pro 2] Registering RGB controller
5594  |Info:    ------------------------------------------------------
5594  |Info:    |            Detecting libusb HID devices            |
5594  |Info:    ------------------------------------------------------
5714  |Info:    ------------------------------------------------------
5714  |Info:    |              Detecting other devices               |
5714  |Info:    ------------------------------------------------------
5722  |Info:    ------------------------------------------------------
5722  |Info:    |                Detection completed                 |
5722  |Info:    ------------------------------------------------------
5722  |Info:    Profile loading: Succeeded for Corsair Vengeance Pro RGB @ I2C: /dev/i2c-5, address 0x58
5722  |Info:    Profile loading: Succeeded for Corsair Vengeance Pro RGB @ I2C: /dev/i2c-5, address 0x59
5722  |Info:    Profile loading: Succeeded for Anne Pro 2 @ HID: /dev/hidraw5
