    OpenRGB v0.9
    Commit:  from 
    Launched: 20241229_170632
====================================================================================================

1     |Info:    Found file: Default.orp attempting to validate header
1     |Info:    Valid v4 profile found for Default
1003  |Info:    ------------------------------------------------------
1003  |Info:    |               Start device detection               |
1003  |Info:    ------------------------------------------------------
1003  |Info:    Initializing HID interfaces: Success
1013  |Info:    ------------------------------------------------------
1013  |Info:    |             Detecting I2C interfaces               |
1013  |Info:    ------------------------------------------------------
1013  |Info:    Registering I2C interface: /dev/i2c-3 Device 10DE:2504 Subsystem: 10DE:2504
1013  |Info:    Registering I2C interface: /dev/i2c-1 Device 10DE:2504 Subsystem: 10DE:2504
1014  |Info:    Registering I2C interface: /dev/i2c-6 Device 1022:790B Subsystem: 1043:87C0
1014  |Info:    Registering I2C interface: /dev/i2c-4 Device 10DE:2504 Subsystem: 10DE:2504
1014  |Info:    Registering I2C interface: /dev/i2c-2 Device 10DE:2504 Subsystem: 10DE:2504
1014  |Info:    Registering I2C interface: /dev/i2c-0 Device 10DE:2504 Subsystem: 10DE:2504
1014  |Info:    Registering I2C interface: /dev/i2c-7 Device 1022:790B Subsystem: 1043:87C0
1014  |Info:    Registering I2C interface: /dev/i2c-5 Device 1022:790B Subsystem: 1043:87C0
1014  |Info:    ------------------------------------------------------
1014  |Info:    |               Detecting I2C devices                |
1014  |Info:    ------------------------------------------------------
1416  |Info:    [Corsair Vengeance Pro RGB] Registering RGB controller
1428  |Info:    [Corsair Vengeance Pro RGB] Registering RGB controller
2047  |Info:    ------------------------------------------------------
2047  |Info:    |               Detecting I2C PCI devices            |
2047  |Info:    ------------------------------------------------------
2048  |Info:    ------------------------------------------------------
2048  |Info:    |               Detecting HID devices                |
2048  |Info:    ------------------------------------------------------
3486  |Warning: [G Pro Wireless Gaming Mouse] Effect at index - 03 not added: Value FF00 unrecognised
3486  |Info:    [G Pro Wireless Gaming Mouse] Registering RGB controller
3486  |Info:    [Anne Pro 2] Registering RGB controller
3486  |Info:    ------------------------------------------------------
3486  |Info:    |            Detecting libusb HID devices            |
3486  |Info:    ------------------------------------------------------
3608  |Info:    ------------------------------------------------------
3608  |Info:    |              Detecting other devices               |
3608  |Info:    ------------------------------------------------------
3617  |Info:    ------------------------------------------------------
3617  |Info:    |                Detection completed                 |
3617  |Info:    ------------------------------------------------------
3617  |Info:    Profile loading: Succeeded for Corsair Vengeance Pro RGB @ I2C: /dev/i2c-5, address 0x58
3617  |Info:    Profile loading: Succeeded for Corsair Vengeance Pro RGB @ I2C: /dev/i2c-5, address 0x59
3617  |Info:    Profile loading: Succeeded for G Pro Wireless Gaming Mouse @ HID: /dev/hidraw11 (Receiver) 
Wireless Index: 255
3617  |Info:    Profile loading: Succeeded for Anne Pro 2 @ HID: /dev/hidraw8
