    OpenRGB v0.9
    Commit:  from 
    Launched: 20241230_101221
====================================================================================================

1     |Info:    Found file: Default.orp attempting to validate header
2     |Info:    Valid v4 profile found for Default
1014  |Info:    ------------------------------------------------------
1014  |Info:    |               Start device detection               |
1014  |Info:    ------------------------------------------------------
1014  |Info:    Initializing HID interfaces: Success
1022  |Info:    ------------------------------------------------------
1022  |Info:    |             Detecting I2C interfaces               |
1022  |Info:    ------------------------------------------------------
1023  |Info:    Registering I2C interface: /dev/i2c-3 Device 10DE:2504 Subsystem: 10DE:2504
1023  |Info:    Registering I2C interface: /dev/i2c-1 Device 10DE:2504 Subsystem: 10DE:2504
1023  |Info:    Registering I2C interface: /dev/i2c-6 Device 1022:790B Subsystem: 1043:87C0
1023  |Info:    Registering I2C interface: /dev/i2c-4 Device 10DE:2504 Subsystem: 10DE:2504
1023  |Info:    Registering I2C interface: /dev/i2c-2 Device 10DE:2504 Subsystem: 10DE:2504
1023  |Info:    Registering I2C interface: /dev/i2c-0 Device 10DE:2504 Subsystem: 10DE:2504
1023  |Info:    Registering I2C interface: /dev/i2c-7 Device 1022:790B Subsystem: 1043:87C0
1023  |Info:    Registering I2C interface: /dev/i2c-5 Device 1022:790B Subsystem: 1043:87C0
1023  |Info:    ------------------------------------------------------
1023  |Info:    |               Detecting I2C devices                |
1023  |Info:    ------------------------------------------------------
1427  |Info:    [Corsair Vengeance Pro RGB] Registering RGB controller
1439  |Info:    [Corsair Vengeance Pro RGB] Registering RGB controller
2060  |Info:    ------------------------------------------------------
2060  |Info:    |               Detecting I2C PCI devices            |
2060  |Info:    ------------------------------------------------------
2061  |Info:    ------------------------------------------------------
2061  |Info:    |               Detecting HID devices                |
2061  |Info:    ------------------------------------------------------
2415  |Info:    Unable add this Logitech device: Not Connected
2769  |Info:    Unable add this Logitech device: Not Connected
3123  |Info:    Unable add this Logitech device: Not Connected
3477  |Info:    Unable add this Logitech device: Not Connected
5758  |Info:    [G Pro Wireless Gaming Mouse] Registering RGB controller
5759  |Info:    [Anne Pro 2] Registering RGB controller
5759  |Info:    ------------------------------------------------------
5759  |Info:    |            Detecting libusb HID devices            |
5759  |Info:    ------------------------------------------------------
5880  |Info:    ------------------------------------------------------
5880  |Info:    |              Detecting other devices               |
5880  |Info:    ------------------------------------------------------
5890  |Info:    ------------------------------------------------------
5890  |Info:    |                Detection completed                 |
5890  |Info:    ------------------------------------------------------
5891  |Info:    Profile loading: Succeeded for Corsair Vengeance Pro RGB @ I2C: /dev/i2c-5, address 0x58
5891  |Info:    Profile loading: Succeeded for Corsair Vengeance Pro RGB @ I2C: /dev/i2c-5, address 0x59
5891  |Info:    Profile loading: Succeeded for G Pro Wireless Gaming Mouse @ HID: /dev/hidraw11 (Receiver) 
Wireless Index: 255
5891  |Info:    Profile loading: Succeeded for Anne Pro 2 @ HID: /dev/hidraw8
