    OpenRGB v0.9
    Commit:  from 
    Launched: 20250201_163954
====================================================================================================

1     |Info:    Found file: Default.orp attempting to validate header
1     |Info:    Valid v4 profile found for Default
1022  |Info:    ------------------------------------------------------
1022  |Info:    |               Start device detection               |
1022  |Info:    ------------------------------------------------------
1022  |Info:    Initializing HID interfaces: Success
1032  |Info:    ------------------------------------------------------
1032  |Info:    |             Detecting I2C interfaces               |
1032  |Info:    ------------------------------------------------------
1033  |Info:    Registering I2C interface: /dev/i2c-3 Device 10DE:2504 Subsystem: 10DE:2504
1033  |Info:    Registering I2C interface: /dev/i2c-1 Device 10DE:2504 Subsystem: 10DE:2504
1033  |Info:    Registering I2C interface: /dev/i2c-6 Device 1022:790B Subsystem: 1043:87C0
1033  |Info:    Registering I2C interface: /dev/i2c-4 Device 10DE:2504 Subsystem: 10DE:2504
1033  |Info:    Registering I2C interface: /dev/i2c-2 Device 10DE:2504 Subsystem: 10DE:2504
1033  |Info:    Registering I2C interface: /dev/i2c-0 Device 10DE:2504 Subsystem: 10DE:2504
1033  |Info:    Registering I2C interface: /dev/i2c-7 Device 1022:790B Subsystem: 1043:87C0
1033  |Info:    Registering I2C interface: /dev/i2c-5 Device 1022:790B Subsystem: 1043:87C0
1033  |Info:    ------------------------------------------------------
1033  |Info:    |               Detecting I2C devices                |
1033  |Info:    ------------------------------------------------------
1438  |Info:    [Corsair Vengeance Pro RGB] Registering RGB controller
1450  |Info:    [Corsair Vengeance Pro RGB] Registering RGB controller
2071  |Info:    ------------------------------------------------------
2071  |Info:    |               Detecting I2C PCI devices            |
2071  |Info:    ------------------------------------------------------
2072  |Info:    ------------------------------------------------------
2072  |Info:    |               Detecting HID devices                |
2072  |Info:    ------------------------------------------------------
2427  |Info:    Unable add this Logitech device: Not Connected
2781  |Info:    Unable add this Logitech device: Not Connected
3135  |Info:    Unable add this Logitech device: Not Connected
3489  |Info:    Unable add this Logitech device: Not Connected
3843  |Info:    Unable add this Logitech device: Not Connected
4197  |Info:    Unable add this Logitech device: Not Connected
4551  |Info:    Unable add this Logitech device: Not Connected
4905  |Info:    Unable add this Logitech device: Not Connected
5259  |Info:    Unable add this Logitech device: Not Connected
5613  |Info:    Unable add this Logitech device: Not Connected
5680  |Info:    [SteelSeries Apex Pro TKL] Registering RGB controller
5680  |Info:    ------------------------------------------------------
5680  |Info:    |            Detecting libusb HID devices            |
5680  |Info:    ------------------------------------------------------
5815  |Info:    ------------------------------------------------------
5815  |Info:    |              Detecting other devices               |
5815  |Info:    ------------------------------------------------------
5827  |Info:    ------------------------------------------------------
5827  |Info:    |                Detection completed                 |
5827  |Info:    ------------------------------------------------------
5827  |Info:    Profile loading: Succeeded for Corsair Vengeance Pro RGB @ I2C: /dev/i2c-5, address 0x58
5827  |Info:    Profile loading: Succeeded for Corsair Vengeance Pro RGB @ I2C: /dev/i2c-5, address 0x59
5827  |Info:    Profile loading: FAILED! for SteelSeries Apex Pro TKL @ HID: /dev/hidraw5
