    OpenRGB v0.9
    Commit:  from 
    Launched: 20250122_214546
====================================================================================================

2     |Info:    Found file: Default.orp attempting to validate header
2     |Info:    Valid v4 profile found for Default
1015  |Info:    ------------------------------------------------------
1015  |Info:    |               Start device detection               |
1015  |Info:    ------------------------------------------------------
1015  |Info:    Initializing HID interfaces: Success
1024  |Info:    ------------------------------------------------------
1024  |Info:    |             Detecting I2C interfaces               |
1024  |Info:    ------------------------------------------------------
1024  |Info:    Registering I2C interface: /dev/i2c-3 Device 10DE:2504 Subsystem: 10DE:2504
1024  |Info:    Registering I2C interface: /dev/i2c-1 Device 10DE:2504 Subsystem: 10DE:2504
1024  |Info:    Registering I2C interface: /dev/i2c-6 Device 1022:790B Subsystem: 1043:87C0
1024  |Info:    Registering I2C interface: /dev/i2c-4 Device 10DE:2504 Subsystem: 10DE:2504
1024  |Info:    Registering I2C interface: /dev/i2c-2 Device 10DE:2504 Subsystem: 10DE:2504
1024  |Info:    Registering I2C interface: /dev/i2c-0 Device 10DE:2504 Subsystem: 10DE:2504
1025  |Info:    Registering I2C interface: /dev/i2c-7 Device 1022:790B Subsystem: 1043:87C0
1025  |Info:    Registering I2C interface: /dev/i2c-5 Device 1022:790B Subsystem: 1043:87C0
1025  |Info:    ------------------------------------------------------
1025  |Info:    |               Detecting I2C devices                |
1025  |Info:    ------------------------------------------------------
1433  |Info:    [Corsair Vengeance Pro RGB] Registering RGB controller
1444  |Info:    [Corsair Vengeance Pro RGB] Registering RGB controller
2064  |Info:    ------------------------------------------------------
2064  |Info:    |               Detecting I2C PCI devices            |
2064  |Info:    ------------------------------------------------------
2065  |Info:    ------------------------------------------------------
2065  |Info:    |               Detecting HID devices                |
2065  |Info:    ------------------------------------------------------
2420  |Info:    Unable add this Logitech device: Not Connected
2774  |Info:    Unable add this Logitech device: Not Connected
3128  |Info:    Unable add this Logitech device: Not Connected
3482  |Info:    Unable add this Logitech device: Not Connected
3836  |Info:    Unable add this Logitech device: Not Connected
4190  |Info:    Unable add this Logitech device: Not Connected
4544  |Info:    Unable add this Logitech device: Not Connected
4898  |Info:    Unable add this Logitech device: Not Connected
8589  |Info:    [ROYUAN EPOMAKER TH80 Pro] Registering RGB controller
8589  |Info:    ------------------------------------------------------
8589  |Info:    |            Detecting libusb HID devices            |
8589  |Info:    ------------------------------------------------------
8634  |Info:    ------------------------------------------------------
8634  |Info:    |              Detecting other devices               |
8634  |Info:    ------------------------------------------------------
8644  |Info:    ------------------------------------------------------
8644  |Info:    |                Detection completed                 |
8644  |Info:    ------------------------------------------------------
8644  |Info:    Profile loading: Succeeded for Corsair Vengeance Pro RGB @ I2C: /dev/i2c-5, address 0x58
8644  |Info:    Profile loading: Succeeded for Corsair Vengeance Pro RGB @ I2C: /dev/i2c-5, address 0x59
8644  |Info:    Profile loading: FAILED! for ROYUAN EPOMAKER TH80 Pro @ HID: /dev/hidraw5
