    OpenRGB v0.9
    Commit:  from 
    Launched: 20250130_172541
====================================================================================================

1     |Info:    Found file: Default.orp attempting to validate header
2     |Info:    Valid v4 profile found for Default
1021  |Info:    ------------------------------------------------------
1021  |Info:    |               Start device detection               |
1021  |Info:    ------------------------------------------------------
1021  |Info:    Initializing HID interfaces: Success
1030  |Info:    ------------------------------------------------------
1030  |Info:    |             Detecting I2C interfaces               |
1030  |Info:    ------------------------------------------------------
1031  |Info:    Registering I2C interface: /dev/i2c-3 Device 10DE:2504 Subsystem: 10DE:2504
1031  |Info:    Registering I2C interface: /dev/i2c-1 Device 10DE:2504 Subsystem: 10DE:2504
1031  |Info:    Registering I2C interface: /dev/i2c-6 Device 1022:790B Subsystem: 1043:87C0
1031  |Info:    Registering I2C interface: /dev/i2c-4 Device 10DE:2504 Subsystem: 10DE:2504
1031  |Info:    Registering I2C interface: /dev/i2c-2 Device 10DE:2504 Subsystem: 10DE:2504
1031  |Info:    Registering I2C interface: /dev/i2c-0 Device 10DE:2504 Subsystem: 10DE:2504
1031  |Info:    Registering I2C interface: /dev/i2c-7 Device 1022:790B Subsystem: 1043:87C0
1031  |Info:    Registering I2C interface: /dev/i2c-5 Device 1022:790B Subsystem: 1043:87C0
1031  |Info:    ------------------------------------------------------
1031  |Info:    |               Detecting I2C devices                |
1031  |Info:    ------------------------------------------------------
1434  |Info:    [Corsair Vengeance Pro RGB] Registering RGB controller
1446  |Info:    [Corsair Vengeance Pro RGB] Registering RGB controller
2065  |Info:    ------------------------------------------------------
2065  |Info:    |               Detecting I2C PCI devices            |
2065  |Info:    ------------------------------------------------------
2066  |Info:    ------------------------------------------------------
2066  |Info:    |               Detecting HID devices                |
2066  |Info:    ------------------------------------------------------
2421  |Info:    Unable add this Logitech device: Not Connected
2775  |Info:    Unable add this Logitech device: Not Connected
3129  |Info:    Unable add this Logitech device: Not Connected
3483  |Info:    Unable add this Logitech device: Not Connected
3837  |Info:    Unable add this Logitech device: Not Connected
4191  |Info:    Unable add this Logitech device: Not Connected
4545  |Info:    Unable add this Logitech device: Not Connected
4899  |Info:    Unable add this Logitech device: Not Connected
5253  |Info:    Unable add this Logitech device: Not Connected
5607  |Info:    Unable add this Logitech device: Not Connected
5677  |Info:    [SteelSeries Apex Pro TKL] Registering RGB controller
5677  |Info:    ------------------------------------------------------
5677  |Info:    |            Detecting libusb HID devices            |
5677  |Info:    ------------------------------------------------------
5810  |Info:    ------------------------------------------------------
5810  |Info:    |              Detecting other devices               |
5810  |Info:    ------------------------------------------------------
5820  |Info:    ------------------------------------------------------
5820  |Info:    |                Detection completed                 |
5820  |Info:    ------------------------------------------------------
5820  |Info:    Profile loading: Succeeded for Corsair Vengeance Pro RGB @ I2C: /dev/i2c-5, address 0x58
5820  |Info:    Profile loading: Succeeded for Corsair Vengeance Pro RGB @ I2C: /dev/i2c-5, address 0x59
5820  |Info:    Profile loading: FAILED! for SteelSeries Apex Pro TKL @ HID: /dev/hidraw5
