    OpenRGB v0.9
    Commit:  from 
    Launched: 20241212_131232
====================================================================================================

1     |Info:    Found file: Default.orp attempting to validate header
1     |Info:    Valid v4 profile found for Default
1014  |Info:    ------------------------------------------------------
1014  |Info:    |               Start device detection               |
1014  |Info:    ------------------------------------------------------
1014  |Info:    Initializing HID interfaces: Success
1021  |Info:    ------------------------------------------------------
1021  |Info:    |             Detecting I2C interfaces               |
1021  |Info:    ------------------------------------------------------
1021  |Info:    Registering I2C interface: /dev/i2c-3 Device 10DE:2504 Subsystem: 10DE:2504
1021  |Info:    Registering I2C interface: /dev/i2c-1 Device 10DE:2504 Subsystem: 10DE:2504
1021  |Info:    Registering I2C interface: /dev/i2c-6 Device 1022:790B Subsystem: 1043:87C0
1021  |Info:    Registering I2C interface: /dev/i2c-4 Device 10DE:2504 Subsystem: 10DE:2504
1021  |Info:    Registering I2C interface: /dev/i2c-2 Device 10DE:2504 Subsystem: 10DE:2504
1021  |Info:    Registering I2C interface: /dev/i2c-0 Device 10DE:2504 Subsystem: 10DE:2504
1021  |Info:    Registering I2C interface: /dev/i2c-7 Device 1022:790B Subsystem: 1043:87C0
1021  |Info:    Registering I2C interface: /dev/i2c-5 Device 1022:790B Subsystem: 1043:87C0
1021  |Info:    ------------------------------------------------------
1021  |Info:    |               Detecting I2C devices                |
1021  |Info:    ------------------------------------------------------
1422  |Info:    [Corsair Vengeance Pro RGB] Registering RGB controller
1434  |Info:    [Corsair Vengeance Pro RGB] Registering RGB controller
2053  |Info:    ------------------------------------------------------
2053  |Info:    |               Detecting I2C PCI devices            |
2053  |Info:    ------------------------------------------------------
2054  |Info:    ------------------------------------------------------
2054  |Info:    |               Detecting HID devices                |
2054  |Info:    ------------------------------------------------------
2409  |Info:    Unable add this Logitech device: Not Connected
2763  |Info:    Unable add this Logitech device: Not Connected
3117  |Info:    Unable add this Logitech device: Not Connected
3471  |Info:    Unable add this Logitech device: Not Connected
3825  |Info:    Unable add this Logitech device: Not Connected
4179  |Info:    Unable add this Logitech device: Not Connected
4533  |Info:    Unable add this Logitech device: Not Connected
4887  |Info:    Unable add this Logitech device: Not Connected
5241  |Info:    Unable add this Logitech device: Not Connected
5595  |Info:    Unable add this Logitech device: Not Connected
5597  |Info:    [Anne Pro 2] Registering RGB controller
5597  |Info:    ------------------------------------------------------
5597  |Info:    |            Detecting libusb HID devices            |
5597  |Info:    ------------------------------------------------------
5718  |Info:    ------------------------------------------------------
5718  |Info:    |              Detecting other devices               |
5718  |Info:    ------------------------------------------------------
5727  |Info:    ------------------------------------------------------
5727  |Info:    |                Detection completed                 |
5727  |Info:    ------------------------------------------------------
5727  |Info:    Profile loading: Succeeded for Corsair Vengeance Pro RGB @ I2C: /dev/i2c-5, address 0x58
5727  |Info:    Profile loading: Succeeded for Corsair Vengeance Pro RGB @ I2C: /dev/i2c-5, address 0x59
5727  |Info:    Profile loading: Succeeded for Anne Pro 2 @ HID: /dev/hidraw5
