    OpenRGB v0.9
    Commit:  from 
    Launched: 20250115_201415
====================================================================================================

1     |Info:    Found file: Default.orp attempting to validate header
1     |Info:    Valid v4 profile found for Default
1013  |Info:    ------------------------------------------------------
1013  |Info:    |               Start device detection               |
1013  |Info:    ------------------------------------------------------
1013  |Info:    Initializing HID interfaces: Success
1023  |Info:    ------------------------------------------------------
1023  |Info:    |             Detecting I2C interfaces               |
1023  |Info:    ------------------------------------------------------
1024  |Info:    Registering I2C interface: /dev/i2c-3 Device 10DE:2504 Subsystem: 10DE:2504
1024  |Info:    Registering I2C interface: /dev/i2c-1 Device 10DE:2504 Subsystem: 10DE:2504
1024  |Info:    Registering I2C interface: /dev/i2c-6 Device 1022:790B Subsystem: 1043:87C0
1024  |Info:    Registering I2C interface: /dev/i2c-4 Device 10DE:2504 Subsystem: 10DE:2504
1024  |Info:    Registering I2C interface: /dev/i2c-2 Device 10DE:2504 Subsystem: 10DE:2504
1024  |Info:    Registering I2C interface: /dev/i2c-0 Device 10DE:2504 Subsystem: 10DE:2504
1024  |Info:    Registering I2C interface: /dev/i2c-7 Device 1022:790B Subsystem: 1043:87C0
1024  |Info:    Registering I2C interface: /dev/i2c-5 Device 1022:790B Subsystem: 1043:87C0
1024  |Info:    ------------------------------------------------------
1024  |Info:    |               Detecting I2C devices                |
1024  |Info:    ------------------------------------------------------
1425  |Info:    [Corsair Vengeance Pro RGB] Registering RGB controller
1437  |Info:    [Corsair Vengeance Pro RGB] Registering RGB controller
2057  |Info:    ------------------------------------------------------
2057  |Info:    |               Detecting I2C PCI devices            |
2057  |Info:    ------------------------------------------------------
2058  |Info:    ------------------------------------------------------
2058  |Info:    |               Detecting HID devices                |
2058  |Info:    ------------------------------------------------------
2413  |Info:    Unable add this Logitech device: Not Connected
2767  |Info:    Unable add this Logitech device: Not Connected
3121  |Info:    Unable add this Logitech device: Not Connected
3475  |Info:    Unable add this Logitech device: Not Connected
3829  |Info:    Unable add this Logitech device: Not Connected
4183  |Info:    Unable add this Logitech device: Not Connected
4537  |Info:    Unable add this Logitech device: Not Connected
4891  |Info:    Unable add this Logitech device: Not Connected
5245  |Info:    Unable add this Logitech device: Not Connected
5599  |Info:    Unable add this Logitech device: Not Connected
5600  |Info:    [Anne Pro 2] Registering RGB controller
5600  |Info:    ------------------------------------------------------
5600  |Info:    |            Detecting libusb HID devices            |
5600  |Info:    ------------------------------------------------------
5722  |Info:    ------------------------------------------------------
5722  |Info:    |              Detecting other devices               |
5722  |Info:    ------------------------------------------------------
5732  |Info:    ------------------------------------------------------
5732  |Info:    |                Detection completed                 |
5732  |Info:    ------------------------------------------------------
5733  |Info:    Profile loading: Succeeded for Corsair Vengeance Pro RGB @ I2C: /dev/i2c-5, address 0x58
5733  |Info:    Profile loading: Succeeded for Corsair Vengeance Pro RGB @ I2C: /dev/i2c-5, address 0x59
5733  |Info:    Profile loading: Succeeded for Anne Pro 2 @ HID: /dev/hidraw8
