    OpenRGB v0.9
    Commit:  from 
    Launched: 20241211_163732
====================================================================================================

0     |Info:    Found file: Default.orp attempting to validate header
0     |Info:    Valid v4 profile found for Default
1001  |Info:    ------------------------------------------------------
1002  |Info:    |               Start device detection               |
1002  |Info:    ------------------------------------------------------
1002  |Info:    Initializing HID interfaces: Success
1011  |Info:    ------------------------------------------------------
1011  |Info:    |             Detecting I2C interfaces               |
1011  |Info:    ------------------------------------------------------
1011  |Info:    Registering I2C interface: /dev/i2c-3 Device 10DE:2504 Subsystem: 10DE:2504
1011  |Info:    Registering I2C interface: /dev/i2c-1 Device 10DE:2504 Subsystem: 10DE:2504
1011  |Info:    Registering I2C interface: /dev/i2c-6 Device 1022:790B Subsystem: 1043:87C0
1011  |Info:    Registering I2C interface: /dev/i2c-4 Device 10DE:2504 Subsystem: 10DE:2504
1011  |Info:    Registering I2C interface: /dev/i2c-2 Device 10DE:2504 Subsystem: 10DE:2504
1011  |Info:    Registering I2C interface: /dev/i2c-0 Device 10DE:2504 Subsystem: 10DE:2504
1011  |Info:    Registering I2C interface: /dev/i2c-7 Device 1022:790B Subsystem: 1043:87C0
1012  |Info:    Registering I2C interface: /dev/i2c-5 Device 1022:790B Subsystem: 1043:87C0
1012  |Info:    ------------------------------------------------------
1012  |Info:    |               Detecting I2C devices                |
1012  |Info:    ------------------------------------------------------
1412  |Info:    [Corsair Vengeance Pro RGB] Registering RGB controller
1424  |Info:    [Corsair Vengeance Pro RGB] Registering RGB controller
2042  |Info:    ------------------------------------------------------
2042  |Info:    |               Detecting I2C PCI devices            |
2042  |Info:    ------------------------------------------------------
2043  |Info:    ------------------------------------------------------
2043  |Info:    |               Detecting HID devices                |
2043  |Info:    ------------------------------------------------------
2512  |Info:    [G Pro Wireless Gaming Mouse] Registering RGB controller
2866  |Info:    Unable add this Logitech device: Not Connected
3220  |Info:    Unable add this Logitech device: Not Connected
3574  |Info:    Unable add this Logitech device: Not Connected
3928  |Info:    Unable add this Logitech device: Not Connected
4282  |Info:    Unable add this Logitech device: Not Connected
4636  |Info:    Unable add this Logitech device: Not Connected
4990  |Info:    Unable add this Logitech device: Not Connected
5344  |Info:    Unable add this Logitech device: Not Connected
5698  |Info:    Unable add this Logitech device: Not Connected
6052  |Info:    Unable add this Logitech device: Not Connected
6053  |Info:    [Anne Pro 2] Registering RGB controller
6053  |Info:    ------------------------------------------------------
6053  |Info:    |            Detecting libusb HID devices            |
6053  |Info:    ------------------------------------------------------
6254  |Info:    ------------------------------------------------------
6254  |Info:    |              Detecting other devices               |
6254  |Info:    ------------------------------------------------------
6261  |Info:    ------------------------------------------------------
6261  |Info:    |                Detection completed                 |
6261  |Info:    ------------------------------------------------------
6261  |Info:    Profile loading: Succeeded for Corsair Vengeance Pro RGB @ I2C: /dev/i2c-5, address 0x58
6262  |Info:    Profile loading: Succeeded for Corsair Vengeance Pro RGB @ I2C: /dev/i2c-5, address 0x59
6262  |Info:    Profile loading: Succeeded for G Pro Wireless Gaming Mouse @ HID: /dev/hidraw11 (Receiver) 
Wireless Index: 255
6262  |Info:    Profile loading: Succeeded for Anne Pro 2 @ HID: /dev/hidraw5
