    OpenRGB v0.9
    Commit:  from 
    Launched: 20250101_125853
====================================================================================================

2     |Info:    Found file: Default.orp attempting to validate header
2     |Info:    Valid v4 profile found for Default
1015  |Info:    ------------------------------------------------------
1015  |Info:    |               Start device detection               |
1015  |Info:    ------------------------------------------------------
1015  |Info:    Initializing HID interfaces: Success
1024  |Info:    ------------------------------------------------------
1024  |Info:    |             Detecting I2C interfaces               |
1024  |Info:    ------------------------------------------------------
1024  |Info:    Registering I2C interface: /dev/i2c-3 Device 10DE:2504 Subsystem: 10DE:2504
1024  |Info:    Registering I2C interface: /dev/i2c-1 Device 10DE:2504 Subsystem: 10DE:2504
1024  |Info:    Registering I2C interface: /dev/i2c-6 Device 1022:790B Subsystem: 1043:87C0
1024  |Info:    Registering I2C interface: /dev/i2c-4 Device 10DE:2504 Subsystem: 10DE:2504
1024  |Info:    Registering I2C interface: /dev/i2c-2 Device 10DE:2504 Subsystem: 10DE:2504
1024  |Info:    Registering I2C interface: /dev/i2c-0 Device 10DE:2504 Subsystem: 10DE:2504
1024  |Info:    Registering I2C interface: /dev/i2c-7 Device 1022:790B Subsystem: 1043:87C0
1025  |Info:    Registering I2C interface: /dev/i2c-5 Device 1022:790B Subsystem: 1043:87C0
1025  |Info:    ------------------------------------------------------
1025  |Info:    |               Detecting I2C devices                |
1025  |Info:    ------------------------------------------------------
1429  |Info:    [Corsair Vengeance Pro RGB] Registering RGB controller
1441  |Info:    [Corsair Vengeance Pro RGB] Registering RGB controller
2061  |Info:    ------------------------------------------------------
2061  |Info:    |               Detecting I2C PCI devices            |
2061  |Info:    ------------------------------------------------------
2062  |Info:    ------------------------------------------------------
2062  |Info:    |               Detecting HID devices                |
2062  |Info:    ------------------------------------------------------
3092  |Info:    [G Pro Wireless Gaming Mouse] Registering RGB controller
3093  |Info:    [Anne Pro 2] Registering RGB controller
3093  |Info:    ------------------------------------------------------
3093  |Info:    |            Detecting libusb HID devices            |
3093  |Info:    ------------------------------------------------------
3216  |Info:    ------------------------------------------------------
3216  |Info:    |              Detecting other devices               |
3216  |Info:    ------------------------------------------------------
3229  |Info:    ------------------------------------------------------
3229  |Info:    |                Detection completed                 |
3229  |Info:    ------------------------------------------------------
3229  |Info:    Profile loading: Succeeded for Corsair Vengeance Pro RGB @ I2C: /dev/i2c-5, address 0x58
3229  |Info:    Profile loading: Succeeded for Corsair Vengeance Pro RGB @ I2C: /dev/i2c-5, address 0x59
3229  |Info:    Profile loading: Succeeded for G Pro Wireless Gaming Mouse @ HID: /dev/hidraw11 (Receiver) 
Wireless Index: 255
3229  |Info:    Profile loading: Succeeded for Anne Pro 2 @ HID: /dev/hidraw8
