    OpenRGB v0.9
    Commit:  from 
    Launched: 20250103_134615
====================================================================================================

0     |Info:    Found file: Default.orp attempting to validate header
0     |Info:    Valid v4 profile found for Default
1002  |Info:    ------------------------------------------------------
1002  |Info:    |               Start device detection               |
1002  |Info:    ------------------------------------------------------
1002  |Info:    Initializing HID interfaces: Success
1013  |Info:    ------------------------------------------------------
1013  |Info:    |             Detecting I2C interfaces               |
1013  |Info:    ------------------------------------------------------
1013  |Info:    Registering I2C interface: /dev/i2c-3 Device 10DE:2504 Subsystem: 10DE:2504
1013  |Info:    Registering I2C interface: /dev/i2c-1 Device 10DE:2504 Subsystem: 10DE:2504
1013  |Info:    Registering I2C interface: /dev/i2c-6 Device 1022:790B Subsystem: 1043:87C0
1013  |Info:    Registering I2C interface: /dev/i2c-4 Device 10DE:2504 Subsystem: 10DE:2504
1014  |Info:    Registering I2C interface: /dev/i2c-2 Device 10DE:2504 Subsystem: 10DE:2504
1014  |Info:    Registering I2C interface: /dev/i2c-0 Device 10DE:2504 Subsystem: 10DE:2504
1014  |Info:    Registering I2C interface: /dev/i2c-7 Device 1022:790B Subsystem: 1043:87C0
1014  |Info:    Registering I2C interface: /dev/i2c-5 Device 1022:790B Subsystem: 1043:87C0
1014  |Info:    ------------------------------------------------------
1014  |Info:    |               Detecting I2C devices                |
1014  |Info:    ------------------------------------------------------
1416  |Info:    [Corsair Vengeance Pro RGB] Registering RGB controller
1428  |Info:    [Corsair Vengeance Pro RGB] Registering RGB controller
2047  |Info:    ------------------------------------------------------
2047  |Info:    |               Detecting I2C PCI devices            |
2047  |Info:    ------------------------------------------------------
2047  |Info:    ------------------------------------------------------
2047  |Info:    |               Detecting HID devices                |
2047  |Info:    ------------------------------------------------------
4164  |Warning: [G Pro Wireless Gaming Mouse] Effect at index - 01 not added: Value 0204 unrecognised
4164  |Warning: [G Pro Wireless Gaming Mouse] Effect at index - 02 not added: Value FF00 unrecognised
4164  |Info:    [G Pro Wireless Gaming Mouse] Registering RGB controller
4165  |Info:    [Anne Pro 2] Registering RGB controller
4165  |Info:    ------------------------------------------------------
4165  |Info:    |            Detecting libusb HID devices            |
4165  |Info:    ------------------------------------------------------
4287  |Info:    ------------------------------------------------------
4287  |Info:    |              Detecting other devices               |
4287  |Info:    ------------------------------------------------------
4296  |Info:    ------------------------------------------------------
4296  |Info:    |                Detection completed                 |
4296  |Info:    ------------------------------------------------------
4296  |Info:    Profile loading: Succeeded for Corsair Vengeance Pro RGB @ I2C: /dev/i2c-5, address 0x58
4296  |Info:    Profile loading: Succeeded for Corsair Vengeance Pro RGB @ I2C: /dev/i2c-5, address 0x59
4296  |Info:    Profile loading: Succeeded for G Pro Wireless Gaming Mouse @ HID: /dev/hidraw11 (Receiver) 
Wireless Index: 255
4296  |Info:    Profile loading: Succeeded for Anne Pro 2 @ HID: /dev/hidraw8
