    OpenRGB v0.9
    Commit:  from 
    Launched: 20241212_224335
====================================================================================================

0     |Info:    Found file: Default.orp attempting to validate header
0     |Info:    Valid v4 profile found for Default
1002  |Info:    ------------------------------------------------------
1002  |Info:    |               Start device detection               |
1002  |Info:    ------------------------------------------------------
1002  |Info:    Initializing HID interfaces: Success
1008  |Info:    ------------------------------------------------------
1008  |Info:    |             Detecting I2C interfaces               |
1008  |Info:    ------------------------------------------------------
1009  |Info:    Registering I2C interface: /dev/i2c-3 Device 10DE:2504 Subsystem: 10DE:2504
1009  |Info:    Registering I2C interface: /dev/i2c-1 Device 10DE:2504 Subsystem: 10DE:2504
1009  |Info:    Registering I2C interface: /dev/i2c-6 Device 1022:790B Subsystem: 1043:87C0
1009  |Info:    Registering I2C interface: /dev/i2c-4 Device 10DE:2504 Subsystem: 10DE:2504
1009  |Info:    Registering I2C interface: /dev/i2c-2 Device 10DE:2504 Subsystem: 10DE:2504
1009  |Info:    Registering I2C interface: /dev/i2c-0 Device 10DE:2504 Subsystem: 10DE:2504
1009  |Info:    Registering I2C interface: /dev/i2c-7 Device 1022:790B Subsystem: 1043:87C0
1009  |Info:    Registering I2C interface: /dev/i2c-5 Device 1022:790B Subsystem: 1043:87C0
1009  |Info:    ------------------------------------------------------
1009  |Info:    |               Detecting I2C devices                |
1009  |Info:    ------------------------------------------------------
1409  |Info:    [Corsair Vengeance Pro RGB] Registering RGB controller
1421  |Info:    [Corsair Vengeance Pro RGB] Registering RGB controller
2041  |Info:    ------------------------------------------------------
2041  |Info:    |               Detecting I2C PCI devices            |
2041  |Info:    ------------------------------------------------------
2042  |Info:    ------------------------------------------------------
2042  |Info:    |               Detecting HID devices                |
2042  |Info:    ------------------------------------------------------
2670  |Info:    [G Pro Wireless Gaming Mouse] Registering RGB controller
2671  |Info:    [Anne Pro 2] Registering RGB controller
2671  |Info:    ------------------------------------------------------
2671  |Info:    |            Detecting libusb HID devices            |
2671  |Info:    ------------------------------------------------------
2828  |Info:    ------------------------------------------------------
2828  |Info:    |              Detecting other devices               |
2828  |Info:    ------------------------------------------------------
2836  |Info:    ------------------------------------------------------
2836  |Info:    |                Detection completed                 |
2836  |Info:    ------------------------------------------------------
2836  |Info:    Profile loading: Succeeded for Corsair Vengeance Pro RGB @ I2C: /dev/i2c-5, address 0x58
2836  |Info:    Profile loading: Succeeded for Corsair Vengeance Pro RGB @ I2C: /dev/i2c-5, address 0x59
2836  |Info:    Profile loading: Succeeded for G Pro Wireless Gaming Mouse @ HID: /dev/hidraw4 (Receiver) 
Wireless Index: 255
2836  |Info:    Profile loading: Succeeded for Anne Pro 2 @ HID: /dev/hidraw6
