    OpenRGB v0.9
    Commit:  from 
    Launched: 20250116_132247
====================================================================================================

2     |Info:    Found file: Default.orp attempting to validate header
2     |Info:    Valid v4 profile found for Default
1015  |Info:    ------------------------------------------------------
1015  |Info:    |               Start device detection               |
1015  |Info:    ------------------------------------------------------
1015  |Info:    Initializing HID interfaces: Success
1024  |Info:    ------------------------------------------------------
1024  |Info:    |             Detecting I2C interfaces               |
1024  |Info:    ------------------------------------------------------
1024  |Info:    Registering I2C interface: /dev/i2c-3 Device 10DE:2504 Subsystem: 10DE:2504
1024  |Info:    Registering I2C interface: /dev/i2c-1 Device 10DE:2504 Subsystem: 10DE:2504
1024  |Info:    Registering I2C interface: /dev/i2c-6 Device 1022:790B Subsystem: 1043:87C0
1025  |Info:    Registering I2C interface: /dev/i2c-4 Device 10DE:2504 Subsystem: 10DE:2504
1025  |Info:    Registering I2C interface: /dev/i2c-2 Device 10DE:2504 Subsystem: 10DE:2504
1025  |Info:    Registering I2C interface: /dev/i2c-0 Device 10DE:2504 Subsystem: 10DE:2504
1025  |Info:    Registering I2C interface: /dev/i2c-7 Device 1022:790B Subsystem: 1043:87C0
1025  |Info:    Registering I2C interface: /dev/i2c-5 Device 1022:790B Subsystem: 1043:87C0
1025  |Info:    ------------------------------------------------------
1025  |Info:    |               Detecting I2C devices                |
1025  |Info:    ------------------------------------------------------
1426  |Info:    [Corsair Vengeance Pro RGB] Registering RGB controller
1438  |Info:    [Corsair Vengeance Pro RGB] Registering RGB controller
2058  |Info:    ------------------------------------------------------
2058  |Info:    |               Detecting I2C PCI devices            |
2058  |Info:    ------------------------------------------------------
2059  |Info:    ------------------------------------------------------
2059  |Info:    |               Detecting HID devices                |
2059  |Info:    ------------------------------------------------------
2413  |Info:    Unable add this Logitech device: Not Connected
2767  |Info:    Unable add this Logitech device: Not Connected
3121  |Info:    Unable add this Logitech device: Not Connected
3475  |Info:    Unable add this Logitech device: Not Connected
3829  |Info:    Unable add this Logitech device: Not Connected
4183  |Info:    Unable add this Logitech device: Not Connected
4537  |Info:    Unable add this Logitech device: Not Connected
4891  |Info:    Unable add this Logitech device: Not Connected
5245  |Info:    Unable add this Logitech device: Not Connected
5599  |Info:    Unable add this Logitech device: Not Connected
5600  |Info:    [Anne Pro 2] Registering RGB controller
5600  |Info:    ------------------------------------------------------
5600  |Info:    |            Detecting libusb HID devices            |
5600  |Info:    ------------------------------------------------------
5721  |Info:    ------------------------------------------------------
5721  |Info:    |              Detecting other devices               |
5721  |Info:    ------------------------------------------------------
5731  |Info:    ------------------------------------------------------
5731  |Info:    |                Detection completed                 |
5731  |Info:    ------------------------------------------------------
5731  |Info:    Profile loading: Succeeded for Corsair Vengeance Pro RGB @ I2C: /dev/i2c-5, address 0x58
5731  |Info:    Profile loading: Succeeded for Corsair Vengeance Pro RGB @ I2C: /dev/i2c-5, address 0x59
5731  |Info:    Profile loading: Succeeded for Anne Pro 2 @ HID: /dev/hidraw8
